<?xml version="1.0" encoding="utf-8"?>
<test-run id="2" testcasecount="87" result="Failed(Child)" total="87" passed="83" failed="4" inconclusive="0" skipped="0" asserts="0" engine-version="3.5.0.0" clr-version="4.0.30319.42000" start-time="2026-03-09 17:54:37Z" end-time="2026-03-09 17:54:44Z" duration="7.6188011">
  <test-suite type="TestSuite" id="1111" name="novel-core" fullname="novel-core" runstate="Runnable" testcasecount="87" result="Failed" site="Child" start-time="2026-03-09 17:54:37Z" end-time="2026-03-09 17:54:44Z" duration="7.618801" total="87" passed="83" failed="4" inconclusive="0" skipped="0" asserts="0">
    <properties>
      <property name="platform" value="PlayMode" />
    </properties>
    <failure>
      <message><![CDATA[One or more child tests had errors]]></message>
    </failure>
    <test-suite type="Assembly" id="1099" name="NovelCore.Tests.Runtime.dll" fullname="/Users/selstrom/work/projects/novel-core/novel-core/novel-core/Library/ScriptAssemblies/NovelCore.Tests.Runtime.dll" runstate="Runnable" testcasecount="87" result="Failed" site="Child" start-time="2026-03-09 17:54:37Z" end-time="2026-03-09 17:54:44Z" duration="7.614934" total="87" passed="83" failed="4" inconclusive="0" skipped="0" asserts="0">
      <properties>
        <property name="_PID" value="22908" />
        <property name="_APPDOMAIN" value="Unity Child Domain" />
        <property name="platform" value="PlayMode" />
        <property name="EditorOnly" value="False" />
      </properties>
      <failure>
        <message><![CDATA[One or more child tests had errors]]></message>
      </failure>
      <test-suite type="TestSuite" id="1100" name="NovelCore" fullname="NovelCore" runstate="Runnable" testcasecount="87" result="Failed" site="Child" start-time="2026-03-09 17:54:37Z" end-time="2026-03-09 17:54:44Z" duration="7.614662" total="87" passed="83" failed="4" inconclusive="0" skipped="0" asserts="0">
        <properties />
        <failure>
          <message><![CDATA[One or more child tests had errors]]></message>
        </failure>
        <test-suite type="TestSuite" id="1101" name="Tests" fullname="NovelCore.Tests" runstate="Runnable" testcasecount="87" result="Failed" site="Child" start-time="2026-03-09 17:54:37Z" end-time="2026-03-09 17:54:44Z" duration="7.614405" total="87" passed="83" failed="4" inconclusive="0" skipped="0" asserts="0">
          <properties />
          <failure>
            <message><![CDATA[One or more child tests had errors]]></message>
          </failure>
          <test-suite type="TestSuite" id="1102" name="Runtime" fullname="NovelCore.Tests.Runtime" runstate="Runnable" testcasecount="87" result="Failed" site="Child" start-time="2026-03-09 17:54:37Z" end-time="2026-03-09 17:54:44Z" duration="7.614224" total="87" passed="83" failed="4" inconclusive="0" skipped="0" asserts="0">
            <properties />
            <failure>
              <message><![CDATA[One or more child tests had errors]]></message>
            </failure>
            <test-suite type="TestSuite" id="1105" name="Core" fullname="NovelCore.Tests.Runtime.Core" runstate="Runnable" testcasecount="41" result="Failed" site="Child" start-time="2026-03-09 17:54:37Z" end-time="2026-03-09 17:54:42Z" duration="5.084616" total="41" passed="38" failed="3" inconclusive="0" skipped="0" asserts="0">
              <properties />
              <failure>
                <message><![CDATA[One or more child tests had errors]]></message>
              </failure>
              <test-suite type="TestSuite" id="1107" name="DialogueSystem" fullname="NovelCore.Tests.Runtime.Core.DialogueSystem" runstate="Runnable" testcasecount="22" result="Failed" site="Child" start-time="2026-03-09 17:54:37Z" end-time="2026-03-09 17:54:42Z" duration="4.845605" total="22" passed="19" failed="3" inconclusive="0" skipped="0" asserts="0">
                <properties />
                <failure>
                  <message><![CDATA[One or more child tests had errors]]></message>
                </failure>
                <test-suite type="TestFixture" id="1074" name="DialogueSystemAutoAdvanceNextSceneTests" fullname="NovelCore.Tests.Runtime.Core.DialogueSystem.DialogueSystemAutoAdvanceNextSceneTests" classname="NovelCore.Tests.Runtime.Core.DialogueSystem.DialogueSystemAutoAdvanceNextSceneTests" runstate="Runnable" testcasecount="4" result="Failed" site="Child" start-time="2026-03-09 17:54:37Z" end-time="2026-03-09 17:54:41Z" duration="4.124329" total="4" passed="1" failed="3" inconclusive="0" skipped="0" asserts="0">
                  <properties />
                  <failure>
                    <message><![CDATA[One or more child tests had errors]]></message>
                  </failure>
                  <test-case id="1078" name="AutoAdvance_DisabledMidScene_StopsBeforeNextScene" fullname="NovelCore.Tests.Runtime.Core.DialogueSystem.DialogueSystemAutoAdvanceNextSceneTests.AutoAdvance_DisabledMidScene_StopsBeforeNextScene" methodname="AutoAdvance_DisabledMidScene_StopsBeforeNextScene" classname="NovelCore.Tests.Runtime.Core.DialogueSystem.DialogueSystemAutoAdvanceNextSceneTests" runstate="Runnable" seed="1810481639" result="Passed" start-time="2026-03-09 17:54:37Z" end-time="2026-03-09 17:54:38Z" duration="1.310359" asserts="0">
                    <properties>
                      <property name="_JOINTYPE" value="UnityCombinatorial" />
                      <property name="retryIteration" value="0" />
                      <property name="repeatIteration" value="0" />
                    </properties>
                    <output><![CDATA[DialogueSystem: Starting scene Cancellable Auto Scene
DialogueSystem: Displaying line line_001
DialogueSystem: Dialogue stopped
]]></output>
                  </test-case>
                  <test-case id="1077" name="AutoAdvance_MultipleLines_TransitionsAfterLastLine" fullname="NovelCore.Tests.Runtime.Core.DialogueSystem.DialogueSystemAutoAdvanceNextSceneTests.AutoAdvance_MultipleLines_TransitionsAfterLastLine" methodname="AutoAdvance_MultipleLines_TransitionsAfterLastLine" classname="NovelCore.Tests.Runtime.Core.DialogueSystem.DialogueSystemAutoAdvanceNextSceneTests" runstate="Runnable" seed="1881122815" result="Failed" start-time="2026-03-09 17:54:38Z" end-time="2026-03-09 17:54:39Z" duration="1.204212" asserts="0">
                    <properties>
                      <property name="_JOINTYPE" value="UnityCombinatorial" />
                      <property name="retryIteration" value="0" />
                      <property name="repeatIteration" value="0" />
                    </properties>
                    <failure>
                      <message><![CDATA[  Should navigate after all lines complete
  Expected: not null
  But was:  null
]]></message>
                      <stack-trace><![CDATA[at NovelCore.Tests.Runtime.Core.DialogueSystem.DialogueSystemAutoAdvanceNextSceneTests+<AutoAdvance_MultipleLines_TransitionsAfterLastLine>d__8.MoveNext () [0x0022a] in /Users/selstrom/work/projects/novel-core/novel-core/novel-core/Assets/Scripts/NovelCore/Tests/Runtime/Core/DialogueSystem/DialogueSystemAutoAdvanceNextSceneTests.cs:168
at UnityEngine.TestTools.TestEnumerator+<Execute>d__7.MoveNext () [0x0004e] in ./Library/PackageCache/com.unity.test-framework@24afccc4ed24/UnityEngine.TestRunner/NUnitExtensions/Attributes/TestEnumerator.cs:44
]]></stack-trace>
                    </failure>
                    <output><![CDATA[DialogueSystem: Starting scene Multi-line Auto Scene
DialogueSystem: Displaying line line_001
]]></output>
                  </test-case>
                  <test-case id="1075" name="AutoAdvance_WithNextScene_TransitionsAutomatically" fullname="NovelCore.Tests.Runtime.Core.DialogueSystem.DialogueSystemAutoAdvanceNextSceneTests.AutoAdvance_WithNextScene_TransitionsAutomatically" methodname="AutoAdvance_WithNextScene_TransitionsAutomatically" classname="NovelCore.Tests.Runtime.Core.DialogueSystem.DialogueSystemAutoAdvanceNextSceneTests" runstate="Runnable" seed="426482027" result="Failed" start-time="2026-03-09 17:54:39Z" end-time="2026-03-09 17:54:40Z" duration="1.001485" asserts="0">
                    <properties>
                      <property name="_JOINTYPE" value="UnityCombinatorial" />
                      <property name="retryIteration" value="0" />
                      <property name="repeatIteration" value="0" />
                    </properties>
                    <failure>
                      <message><![CDATA[  Auto-advance should trigger nextScene navigation
  Expected: not null
  But was:  null
]]></message>
                      <stack-trace><![CDATA[at NovelCore.Tests.Runtime.Core.DialogueSystem.DialogueSystemAutoAdvanceNextSceneTests+<AutoAdvance_WithNextScene_TransitionsAutomatically>d__6.MoveNext () [0x001a3] in /Users/selstrom/work/projects/novel-core/novel-core/novel-core/Assets/Scripts/NovelCore/Tests/Runtime/Core/DialogueSystem/DialogueSystemAutoAdvanceNextSceneTests.cs:83
at UnityEngine.TestTools.TestEnumerator+<Execute>d__7.MoveNext () [0x0004e] in ./Library/PackageCache/com.unity.test-framework@24afccc4ed24/UnityEngine.TestRunner/NUnitExtensions/Attributes/TestEnumerator.cs:44
]]></stack-trace>
                    </failure>
                    <output><![CDATA[DialogueSystem: Starting scene Auto Scene
DialogueSystem: Displaying line line_001
]]></output>
                  </test-case>
                  <test-case id="1076" name="AutoAdvance_WithoutNextScene_CompletesDialogue" fullname="NovelCore.Tests.Runtime.Core.DialogueSystem.DialogueSystemAutoAdvanceNextSceneTests.AutoAdvance_WithoutNextScene_CompletesDialogue" methodname="AutoAdvance_WithoutNextScene_CompletesDialogue" classname="NovelCore.Tests.Runtime.Core.DialogueSystem.DialogueSystemAutoAdvanceNextSceneTests" runstate="Runnable" seed="1268938375" result="Failed" start-time="2026-03-09 17:54:40Z" end-time="2026-03-09 17:54:41Z" duration="0.602389" asserts="0">
                    <properties>
                      <property name="_JOINTYPE" value="UnityCombinatorial" />
                      <property name="retryIteration" value="0" />
                      <property name="repeatIteration" value="0" />
                    </properties>
                    <failure>
                      <message><![CDATA[  OnDialogueComplete should fire
  Expected: True
  But was:  False
]]></message>
                      <stack-trace><![CDATA[at NovelCore.Tests.Runtime.Core.DialogueSystem.DialogueSystemAutoAdvanceNextSceneTests+<AutoAdvance_WithoutNextScene_CompletesDialogue>d__7.MoveNext () [0x00153] in /Users/selstrom/work/projects/novel-core/novel-core/novel-core/Assets/Scripts/NovelCore/Tests/Runtime/Core/DialogueSystem/DialogueSystemAutoAdvanceNextSceneTests.cs:116
at UnityEngine.TestTools.TestEnumerator+<Execute>d__7.MoveNext () [0x0004e] in ./Library/PackageCache/com.unity.test-framework@24afccc4ed24/UnityEngine.TestRunner/NUnitExtensions/Attributes/TestEnumerator.cs:44
]]></stack-trace>
                    </failure>
                    <output><![CDATA[DialogueSystem: Starting scene Auto Scene
DialogueSystem: Displaying line line_001
]]></output>
                  </test-case>
                </test-suite>
                <test-suite type="TestFixture" id="1079" name="DialogueSystemNextSceneTests" fullname="NovelCore.Tests.Runtime.Core.DialogueSystem.DialogueSystemNextSceneTests" classname="NovelCore.Tests.Runtime.Core.DialogueSystem.DialogueSystemNextSceneTests" runstate="Runnable" testcasecount="4" result="Passed" start-time="2026-03-09 17:54:41Z" end-time="2026-03-09 17:54:42Z" duration="0.708182" total="4" passed="4" failed="0" inconclusive="0" skipped="0" asserts="0">
                  <properties />
                  <test-case id="1080" name="NextScene_WhenDialogueCompletes_FiresNavigationEvent" fullname="NovelCore.Tests.Runtime.Core.DialogueSystem.DialogueSystemNextSceneTests.NextScene_WhenDialogueCompletes_FiresNavigationEvent" methodname="NextScene_WhenDialogueCompletes_FiresNavigationEvent" classname="NovelCore.Tests.Runtime.Core.DialogueSystem.DialogueSystemNextSceneTests" runstate="Runnable" seed="1910880911" result="Passed" start-time="2026-03-09 17:54:41Z" end-time="2026-03-09 17:54:41Z" duration="0.202556" asserts="0">
                    <properties>
                      <property name="_JOINTYPE" value="UnityCombinatorial" />
                      <property name="retryIteration" value="0" />
                      <property name="repeatIteration" value="0" />
                    </properties>
                    <output><![CDATA[DialogueSystem: Starting scene Current Scene
DialogueSystem: Displaying line line_001
DialogueSystem: Dialogue complete - checking for nextScene
DialogueSystem: Current scene = Current Scene
DialogueSystem: NextScene field = SET
DialogueSystem: NextScene.RuntimeKeyIsValid() = False
DialogueSystem: ✓ nextScene is set, attempting to load...
DialogueSystem: ✓ Successfully loaded next scene: Next Scene
DialogueSystem: Firing OnSceneNavigationRequested event...
]]></output>
                  </test-case>
                  <test-case id="1082" name="NextScene_WhenLoadFails_CompletesDialogueGracefully" fullname="NovelCore.Tests.Runtime.Core.DialogueSystem.DialogueSystemNextSceneTests.NextScene_WhenLoadFails_CompletesDialogueGracefully" methodname="NextScene_WhenLoadFails_CompletesDialogueGracefully" classname="NovelCore.Tests.Runtime.Core.DialogueSystem.DialogueSystemNextSceneTests" runstate="Runnable" seed="1603471864" result="Passed" start-time="2026-03-09 17:54:41Z" end-time="2026-03-09 17:54:41Z" duration="0.201280" asserts="0">
                    <properties>
                      <property name="_JOINTYPE" value="UnityCombinatorial" />
                      <property name="retryIteration" value="0" />
                      <property name="repeatIteration" value="0" />
                    </properties>
                    <output><![CDATA[DialogueSystem: Starting scene Current Scene
DialogueSystem: Displaying line line_001
DialogueSystem: Dialogue complete - checking for nextScene
DialogueSystem: Current scene = Current Scene
DialogueSystem: NextScene field = SET
DialogueSystem: NextScene.RuntimeKeyIsValid() = False
DialogueSystem: ✓ nextScene is set, attempting to load...
DialogueSystem: ✗ Failed to load next scene (returned null)
]]></output>
                  </test-case>
                  <test-case id="1081" name="NextScene_WhenNoNextScene_CompletesWithoutNavigation" fullname="NovelCore.Tests.Runtime.Core.DialogueSystem.DialogueSystemNextSceneTests.NextScene_WhenNoNextScene_CompletesWithoutNavigation" methodname="NextScene_WhenNoNextScene_CompletesWithoutNavigation" classname="NovelCore.Tests.Runtime.Core.DialogueSystem.DialogueSystemNextSceneTests" runstate="Runnable" seed="343298426" result="Passed" start-time="2026-03-09 17:54:41Z" end-time="2026-03-09 17:54:41Z" duration="0.101381" asserts="0">
                    <properties>
                      <property name="_JOINTYPE" value="UnityCombinatorial" />
                      <property name="retryIteration" value="0" />
                      <property name="repeatIteration" value="0" />
                    </properties>
                    <output><![CDATA[DialogueSystem: Starting scene Final Scene
DialogueSystem: Displaying line line_001
DialogueSystem: Dialogue complete - checking for nextScene
DialogueSystem: Current scene = Final Scene
DialogueSystem: NextScene field = NULL
DialogueSystem: No next scene defined (or invalid), dialogue ending normally
]]></output>
                  </test-case>
                  <test-case id="1083" name="NextScene_WithMultipleDialogueLines_TransitionsAfterAll" fullname="NovelCore.Tests.Runtime.Core.DialogueSystem.DialogueSystemNextSceneTests.NextScene_WithMultipleDialogueLines_TransitionsAfterAll" methodname="NextScene_WithMultipleDialogueLines_TransitionsAfterAll" classname="NovelCore.Tests.Runtime.Core.DialogueSystem.DialogueSystemNextSceneTests" runstate="Runnable" seed="1956382397" result="Passed" start-time="2026-03-09 17:54:41Z" end-time="2026-03-09 17:54:42Z" duration="0.202071" asserts="0">
                    <properties>
                      <property name="_JOINTYPE" value="UnityCombinatorial" />
                      <property name="retryIteration" value="0" />
                      <property name="repeatIteration" value="0" />
                    </properties>
                    <output><![CDATA[DialogueSystem: Starting scene Current Scene
DialogueSystem: Displaying line line_001
DialogueSystem: Displaying line line_002
DialogueSystem: Displaying line line_003
DialogueSystem: Dialogue complete - checking for nextScene
DialogueSystem: Current scene = Current Scene
DialogueSystem: NextScene field = SET
DialogueSystem: NextScene.RuntimeKeyIsValid() = False
DialogueSystem: ✓ nextScene is set, attempting to load...
DialogueSystem: ✓ Successfully loaded next scene: Next Scene
DialogueSystem: Firing OnSceneNavigationRequested event...
]]></output>
                  </test-case>
                </test-suite>
                <test-suite type="TestFixture" id="1084" name="DialogueSystemTests" fullname="NovelCore.Tests.Runtime.Core.DialogueSystem.DialogueSystemTests" classname="NovelCore.Tests.Runtime.Core.DialogueSystem.DialogueSystemTests" runstate="Runnable" testcasecount="14" result="Passed" start-time="2026-03-09 17:54:42Z" end-time="2026-03-09 17:54:42Z" duration="0.012247" total="14" passed="14" failed="0" inconclusive="0" skipped="0" asserts="0">
                  <properties />
                  <test-case id="1093" name="DialogueSystem_AdvanceDialogue_AtLastLine_CompletesDialogue" fullname="NovelCore.Tests.Runtime.Core.DialogueSystem.DialogueSystemTests.DialogueSystem_AdvanceDialogue_AtLastLine_CompletesDialogue" methodname="DialogueSystem_AdvanceDialogue_AtLastLine_CompletesDialogue" classname="NovelCore.Tests.Runtime.Core.DialogueSystem.DialogueSystemTests" runstate="Runnable" seed="1752623589" result="Passed" start-time="2026-03-09 17:54:42Z" end-time="2026-03-09 17:54:42Z" duration="0.002713" asserts="0">
                    <properties>
                      <property name="retryIteration" value="0" />
                      <property name="repeatIteration" value="0" />
                    </properties>
                    <output><![CDATA[DialogueSystem: Starting scene Test Scene
DialogueSystem: Displaying line line_001
DialogueSystem: Dialogue complete - checking for nextScene
DialogueSystem: Current scene = Test Scene
DialogueSystem: NextScene field = NULL
DialogueSystem: No next scene defined (or invalid), dialogue ending normally
]]></output>
                  </test-case>
                  <test-case id="1092" name="DialogueSystem_AdvanceDialogue_IncrementsLineIndex" fullname="NovelCore.Tests.Runtime.Core.DialogueSystem.DialogueSystemTests.DialogueSystem_AdvanceDialogue_IncrementsLineIndex" methodname="DialogueSystem_AdvanceDialogue_IncrementsLineIndex" classname="NovelCore.Tests.Runtime.Core.DialogueSystem.DialogueSystemTests" runstate="Runnable" seed="1181909113" result="Passed" start-time="2026-03-09 17:54:42Z" end-time="2026-03-09 17:54:42Z" duration="0.001519" asserts="0">
                    <properties>
                      <property name="retryIteration" value="0" />
                      <property name="repeatIteration" value="0" />
                    </properties>
                    <output><![CDATA[DialogueSystem: Starting scene Test Scene
DialogueSystem: Displaying line line_001
DialogueSystem: Displaying line line_002
]]></output>
                  </test-case>
                  <test-case id="1088" name="DialogueSystem_Constructor_ThrowsOnNullAssetManager" fullname="NovelCore.Tests.Runtime.Core.DialogueSystem.DialogueSystemTests.DialogueSystem_Constructor_ThrowsOnNullAssetManager" methodname="DialogueSystem_Constructor_ThrowsOnNullAssetManager" classname="NovelCore.Tests.Runtime.Core.DialogueSystem.DialogueSystemTests" runstate="Runnable" seed="628764519" result="Passed" start-time="2026-03-09 17:54:42Z" end-time="2026-03-09 17:54:42Z" duration="0.000436" asserts="0">
                    <properties>
                      <property name="retryIteration" value="0" />
                      <property name="repeatIteration" value="0" />
                    </properties>
                  </test-case>
                  <test-case id="1085" name="DialogueSystem_Constructor_ThrowsOnNullAudioService" fullname="NovelCore.Tests.Runtime.Core.DialogueSystem.DialogueSystemTests.DialogueSystem_Constructor_ThrowsOnNullAudioService" methodname="DialogueSystem_Constructor_ThrowsOnNullAudioService" classname="NovelCore.Tests.Runtime.Core.DialogueSystem.DialogueSystemTests" runstate="Runnable" seed="388070326" result="Passed" start-time="2026-03-09 17:54:42Z" end-time="2026-03-09 17:54:42Z" duration="0.000080" asserts="0">
                    <properties>
                      <property name="retryIteration" value="0" />
                      <property name="repeatIteration" value="0" />
                    </properties>
                  </test-case>
                  <test-case id="1086" name="DialogueSystem_Constructor_ThrowsOnNullInputService" fullname="NovelCore.Tests.Runtime.Core.DialogueSystem.DialogueSystemTests.DialogueSystem_Constructor_ThrowsOnNullInputService" methodname="DialogueSystem_Constructor_ThrowsOnNullInputService" classname="NovelCore.Tests.Runtime.Core.DialogueSystem.DialogueSystemTests" runstate="Runnable" seed="1993555304" result="Passed" start-time="2026-03-09 17:54:42Z" end-time="2026-03-09 17:54:42Z" duration="0.000084" asserts="0">
                    <properties>
                      <property name="retryIteration" value="0" />
                      <property name="repeatIteration" value="0" />
                    </properties>
                  </test-case>
                  <test-case id="1087" name="DialogueSystem_Constructor_ThrowsOnNullSceneManager" fullname="NovelCore.Tests.Runtime.Core.DialogueSystem.DialogueSystemTests.DialogueSystem_Constructor_ThrowsOnNullSceneManager" methodname="DialogueSystem_Constructor_ThrowsOnNullSceneManager" classname="NovelCore.Tests.Runtime.Core.DialogueSystem.DialogueSystemTests" runstate="Runnable" seed="1744114337" result="Passed" start-time="2026-03-09 17:54:42Z" end-time="2026-03-09 17:54:42Z" duration="0.000071" asserts="0">
                    <properties>
                      <property name="retryIteration" value="0" />
                      <property name="repeatIteration" value="0" />
                    </properties>
                  </test-case>
                  <test-case id="1094" name="DialogueSystem_GetCurrentLine_ReturnsCorrectLine" fullname="NovelCore.Tests.Runtime.Core.DialogueSystem.DialogueSystemTests.DialogueSystem_GetCurrentLine_ReturnsCorrectLine" methodname="DialogueSystem_GetCurrentLine_ReturnsCorrectLine" classname="NovelCore.Tests.Runtime.Core.DialogueSystem.DialogueSystemTests" runstate="Runnable" seed="1998381627" result="Passed" start-time="2026-03-09 17:54:42Z" end-time="2026-03-09 17:54:42Z" duration="0.000695" asserts="0">
                    <properties>
                      <property name="retryIteration" value="0" />
                      <property name="repeatIteration" value="0" />
                    </properties>
                    <output><![CDATA[DialogueSystem: Starting scene Test Scene
DialogueSystem: Displaying line line_001
]]></output>
                  </test-case>
                  <test-case id="1096" name="DialogueSystem_HasNextLine_AtLastLine_ReturnsFalse" fullname="NovelCore.Tests.Runtime.Core.DialogueSystem.DialogueSystemTests.DialogueSystem_HasNextLine_AtLastLine_ReturnsFalse" methodname="DialogueSystem_HasNextLine_AtLastLine_ReturnsFalse" classname="NovelCore.Tests.Runtime.Core.DialogueSystem.DialogueSystemTests" runstate="Runnable" seed="254985816" result="Passed" start-time="2026-03-09 17:54:42Z" end-time="2026-03-09 17:54:42Z" duration="0.000667" asserts="0">
                    <properties>
                      <property name="retryIteration" value="0" />
                      <property name="repeatIteration" value="0" />
                    </properties>
                    <output><![CDATA[DialogueSystem: Starting scene Test Scene
DialogueSystem: Displaying line line_001
]]></output>
                  </test-case>
                  <test-case id="1095" name="DialogueSystem_HasNextLine_WithMultipleLines_ReturnsTrue" fullname="NovelCore.Tests.Runtime.Core.DialogueSystem.DialogueSystemTests.DialogueSystem_HasNextLine_WithMultipleLines_ReturnsTrue" methodname="DialogueSystem_HasNextLine_WithMultipleLines_ReturnsTrue" classname="NovelCore.Tests.Runtime.Core.DialogueSystem.DialogueSystemTests" runstate="Runnable" seed="467734921" result="Passed" start-time="2026-03-09 17:54:42Z" end-time="2026-03-09 17:54:42Z" duration="0.000764" asserts="0">
                    <properties>
                      <property name="retryIteration" value="0" />
                      <property name="repeatIteration" value="0" />
                    </properties>
                    <output><![CDATA[DialogueSystem: Starting scene Test Scene
DialogueSystem: Displaying line line_001
]]></output>
                  </test-case>
                  <test-case id="1098" name="DialogueSystem_SkipCurrentLine_CallsAdvanceDialogue" fullname="NovelCore.Tests.Runtime.Core.DialogueSystem.DialogueSystemTests.DialogueSystem_SkipCurrentLine_CallsAdvanceDialogue" methodname="DialogueSystem_SkipCurrentLine_CallsAdvanceDialogue" classname="NovelCore.Tests.Runtime.Core.DialogueSystem.DialogueSystemTests" runstate="Runnable" seed="838256746" result="Passed" start-time="2026-03-09 17:54:42Z" end-time="2026-03-09 17:54:42Z" duration="0.000992" asserts="0">
                    <properties>
                      <property name="retryIteration" value="0" />
                      <property name="repeatIteration" value="0" />
                    </properties>
                    <output><![CDATA[DialogueSystem: Starting scene Test Scene
DialogueSystem: Displaying line line_001
DialogueSystem: Displaying line line_002
]]></output>
                  </test-case>
                  <test-case id="1091" name="DialogueSystem_StartScene_WithInvalidScene_LogsError" fullname="NovelCore.Tests.Runtime.Core.DialogueSystem.DialogueSystemTests.DialogueSystem_StartScene_WithInvalidScene_LogsError" methodname="DialogueSystem_StartScene_WithInvalidScene_LogsError" classname="NovelCore.Tests.Runtime.Core.DialogueSystem.DialogueSystemTests" runstate="Runnable" seed="841244069" result="Passed" start-time="2026-03-09 17:54:42Z" end-time="2026-03-09 17:54:42Z" duration="0.000836" asserts="0">
                    <properties>
                      <property name="retryIteration" value="0" />
                      <property name="repeatIteration" value="0" />
                    </properties>
                    <output><![CDATA[SceneData : sceneId is required
DialogueSystem: Scene validation failed for Invalid Scene
]]></output>
                  </test-case>
                  <test-case id="1090" name="DialogueSystem_StartScene_WithNullScene_LogsError" fullname="NovelCore.Tests.Runtime.Core.DialogueSystem.DialogueSystemTests.DialogueSystem_StartScene_WithNullScene_LogsError" methodname="DialogueSystem_StartScene_WithNullScene_LogsError" classname="NovelCore.Tests.Runtime.Core.DialogueSystem.DialogueSystemTests" runstate="Runnable" seed="1999394992" result="Passed" start-time="2026-03-09 17:54:42Z" end-time="2026-03-09 17:54:42Z" duration="0.000422" asserts="0">
                    <properties>
                      <property name="retryIteration" value="0" />
                      <property name="repeatIteration" value="0" />
                    </properties>
                    <output><![CDATA[DialogueSystem: Cannot start null scene
]]></output>
                  </test-case>
                  <test-case id="1089" name="DialogueSystem_StartScene_WithValidScene_SetsPlayingState" fullname="NovelCore.Tests.Runtime.Core.DialogueSystem.DialogueSystemTests.DialogueSystem_StartScene_WithValidScene_SetsPlayingState" methodname="DialogueSystem_StartScene_WithValidScene_SetsPlayingState" classname="NovelCore.Tests.Runtime.Core.DialogueSystem.DialogueSystemTests" runstate="Runnable" seed="1463852445" result="Passed" start-time="2026-03-09 17:54:42Z" end-time="2026-03-09 17:54:42Z" duration="0.000722" asserts="0">
                    <properties>
                      <property name="retryIteration" value="0" />
                      <property name="repeatIteration" value="0" />
                    </properties>
                    <output><![CDATA[DialogueSystem: Starting scene Test Scene
DialogueSystem: Displaying line line_001
]]></output>
                  </test-case>
                  <test-case id="1097" name="DialogueSystem_StopDialogue_ResetsState" fullname="NovelCore.Tests.Runtime.Core.DialogueSystem.DialogueSystemTests.DialogueSystem_StopDialogue_ResetsState" methodname="DialogueSystem_StopDialogue_ResetsState" classname="NovelCore.Tests.Runtime.Core.DialogueSystem.DialogueSystemTests" runstate="Runnable" seed="806851476" result="Passed" start-time="2026-03-09 17:54:42Z" end-time="2026-03-09 17:54:42Z" duration="0.000995" asserts="0">
                    <properties>
                      <property name="retryIteration" value="0" />
                      <property name="repeatIteration" value="0" />
                    </properties>
                    <output><![CDATA[DialogueSystem: Starting scene Test Scene
DialogueSystem: Displaying line line_001
DialogueSystem: Dialogue stopped
]]></output>
                  </test-case>
                </test-suite>
              </test-suite>
              <test-suite type="TestSuite" id="1106" name="SaveSystem" fullname="NovelCore.Tests.Runtime.Core.SaveSystem" runstate="Runnable" testcasecount="19" result="Passed" start-time="2026-03-09 17:54:42Z" end-time="2026-03-09 17:54:42Z" duration="0.238734" total="19" passed="19" failed="0" inconclusive="0" skipped="0" asserts="0">
                <properties />
                <test-suite type="TestFixture" id="1054" name="SaveSystemTests" fullname="NovelCore.Tests.Runtime.Core.SaveSystem.SaveSystemTests" classname="NovelCore.Tests.Runtime.Core.SaveSystem.SaveSystemTests" runstate="Runnable" testcasecount="19" result="Passed" start-time="2026-03-09 17:54:42Z" end-time="2026-03-09 17:54:42Z" duration="0.238297" total="19" passed="19" failed="0" inconclusive="0" skipped="0" asserts="0">
                  <properties />
                  <test-case id="1070" name="SaveSystem_AutoSaveAsync_SavesSuccessfully" fullname="NovelCore.Tests.Runtime.Core.SaveSystem.SaveSystemTests.SaveSystem_AutoSaveAsync_SavesSuccessfully" methodname="SaveSystem_AutoSaveAsync_SavesSuccessfully" classname="NovelCore.Tests.Runtime.Core.SaveSystem.SaveSystemTests" runstate="Runnable" seed="1061276358" result="Passed" start-time="2026-03-09 17:54:42Z" end-time="2026-03-09 17:54:42Z" duration="0.010564" asserts="0">
                    <properties>
                      <property name="retryIteration" value="0" />
                      <property name="repeatIteration" value="0" />
                    </properties>
                    <output><![CDATA[SaveSystem: Saved to slot 'autosave' at /Users/selstrom/Library/Application Support/DefaultCompany/novel-core/TestSaves/autosave.save
]]></output>
                  </test-case>
                  <test-case id="1072" name="SaveSystem_CreateSaveSnapshot_CreatesCorrectSnapshot" fullname="NovelCore.Tests.Runtime.Core.SaveSystem.SaveSystemTests.SaveSystem_CreateSaveSnapshot_CreatesCorrectSnapshot" methodname="SaveSystem_CreateSaveSnapshot_CreatesCorrectSnapshot" classname="NovelCore.Tests.Runtime.Core.SaveSystem.SaveSystemTests" runstate="Runnable" seed="1751035226" result="Passed" start-time="2026-03-09 17:54:42Z" end-time="2026-03-09 17:54:42Z" duration="0.000365" asserts="0">
                    <properties>
                      <property name="retryIteration" value="0" />
                      <property name="repeatIteration" value="0" />
                    </properties>
                  </test-case>
                  <test-case id="1061" name="SaveSystem_DeleteSave_WithExistingSave_DeletesSuccessfully" fullname="NovelCore.Tests.Runtime.Core.SaveSystem.SaveSystemTests.SaveSystem_DeleteSave_WithExistingSave_DeletesSuccessfully" methodname="SaveSystem_DeleteSave_WithExistingSave_DeletesSuccessfully" classname="NovelCore.Tests.Runtime.Core.SaveSystem.SaveSystemTests" runstate="Runnable" seed="1691448295" result="Passed" start-time="2026-03-09 17:54:42Z" end-time="2026-03-09 17:54:42Z" duration="0.001414" asserts="0">
                    <properties>
                      <property name="retryIteration" value="0" />
                      <property name="repeatIteration" value="0" />
                    </properties>
                    <output><![CDATA[SaveSystem: Saved to slot 'slot1' at /Users/selstrom/Library/Application Support/DefaultCompany/novel-core/TestSaves/slot1.save
SaveSystem: Deleted save from slot 'slot1'
]]></output>
                  </test-case>
                  <test-case id="1062" name="SaveSystem_DeleteSave_WithNonExistentSave_ReturnsFalse" fullname="NovelCore.Tests.Runtime.Core.SaveSystem.SaveSystemTests.SaveSystem_DeleteSave_WithNonExistentSave_ReturnsFalse" methodname="SaveSystem_DeleteSave_WithNonExistentSave_ReturnsFalse" classname="NovelCore.Tests.Runtime.Core.SaveSystem.SaveSystemTests" runstate="Runnable" seed="1082430624" result="Passed" start-time="2026-03-09 17:54:42Z" end-time="2026-03-09 17:54:42Z" duration="0.000618" asserts="0">
                    <properties>
                      <property name="retryIteration" value="0" />
                      <property name="repeatIteration" value="0" />
                    </properties>
                    <output><![CDATA[SaveSystem: No save found in slot 'nonexistent' to delete
]]></output>
                  </test-case>
                  <test-case id="1063" name="SaveSystem_DeleteSave_WithNullSlotId_ReturnsFalse" fullname="NovelCore.Tests.Runtime.Core.SaveSystem.SaveSystemTests.SaveSystem_DeleteSave_WithNullSlotId_ReturnsFalse" methodname="SaveSystem_DeleteSave_WithNullSlotId_ReturnsFalse" classname="NovelCore.Tests.Runtime.Core.SaveSystem.SaveSystemTests" runstate="Runnable" seed="1289048335" result="Passed" start-time="2026-03-09 17:54:42Z" end-time="2026-03-09 17:54:42Z" duration="0.000451" asserts="0">
                    <properties>
                      <property name="retryIteration" value="0" />
                      <property name="repeatIteration" value="0" />
                    </properties>
                    <output><![CDATA[SaveSystem: Invalid slot ID
]]></output>
                  </test-case>
                  <test-case id="1064" name="SaveSystem_GetAllSaveSlots_WithMultipleSaves_ReturnsAllSlots" fullname="NovelCore.Tests.Runtime.Core.SaveSystem.SaveSystemTests.SaveSystem_GetAllSaveSlots_WithMultipleSaves_ReturnsAllSlots" methodname="SaveSystem_GetAllSaveSlots_WithMultipleSaves_ReturnsAllSlots" classname="NovelCore.Tests.Runtime.Core.SaveSystem.SaveSystemTests" runstate="Runnable" seed="1783919617" result="Passed" start-time="2026-03-09 17:54:42Z" end-time="2026-03-09 17:54:42Z" duration="0.204968" asserts="0">
                    <properties>
                      <property name="retryIteration" value="0" />
                      <property name="repeatIteration" value="0" />
                    </properties>
                    <output><![CDATA[SaveSystem: Saved to slot 'slot1' at /Users/selstrom/Library/Application Support/DefaultCompany/novel-core/TestSaves/slot1.save
SaveSystem: Saved to slot 'slot2' at /Users/selstrom/Library/Application Support/DefaultCompany/novel-core/TestSaves/slot2.save
SaveSystem: Saved to slot 'slot3' at /Users/selstrom/Library/Application Support/DefaultCompany/novel-core/TestSaves/slot3.save
]]></output>
                  </test-case>
                  <test-case id="1065" name="SaveSystem_GetAllSaveSlots_WithNoSaves_ReturnsEmptyArray" fullname="NovelCore.Tests.Runtime.Core.SaveSystem.SaveSystemTests.SaveSystem_GetAllSaveSlots_WithNoSaves_ReturnsEmptyArray" methodname="SaveSystem_GetAllSaveSlots_WithNoSaves_ReturnsEmptyArray" classname="NovelCore.Tests.Runtime.Core.SaveSystem.SaveSystemTests" runstate="Runnable" seed="203526848" result="Passed" start-time="2026-03-09 17:54:42Z" end-time="2026-03-09 17:54:42Z" duration="0.000719" asserts="0">
                    <properties>
                      <property name="retryIteration" value="0" />
                      <property name="repeatIteration" value="0" />
                    </properties>
                  </test-case>
                  <test-case id="1068" name="SaveSystem_GetSaveSlotInfo_WithExistingSave_ReturnsCorrectInfo" fullname="NovelCore.Tests.Runtime.Core.SaveSystem.SaveSystemTests.SaveSystem_GetSaveSlotInfo_WithExistingSave_ReturnsCorrectInfo" methodname="SaveSystem_GetSaveSlotInfo_WithExistingSave_ReturnsCorrectInfo" classname="NovelCore.Tests.Runtime.Core.SaveSystem.SaveSystemTests" runstate="Runnable" seed="1460522450" result="Passed" start-time="2026-03-09 17:54:42Z" end-time="2026-03-09 17:54:42Z" duration="0.001330" asserts="0">
                    <properties>
                      <property name="retryIteration" value="0" />
                      <property name="repeatIteration" value="0" />
                    </properties>
                    <output><![CDATA[SaveSystem: Saved to slot 'slot1' at /Users/selstrom/Library/Application Support/DefaultCompany/novel-core/TestSaves/slot1.save
]]></output>
                  </test-case>
                  <test-case id="1069" name="SaveSystem_GetSaveSlotInfo_WithNonExistentSave_ReturnsEmptySlotInfo" fullname="NovelCore.Tests.Runtime.Core.SaveSystem.SaveSystemTests.SaveSystem_GetSaveSlotInfo_WithNonExistentSave_ReturnsEmptySlotInfo" methodname="SaveSystem_GetSaveSlotInfo_WithNonExistentSave_ReturnsEmptySlotInfo" classname="NovelCore.Tests.Runtime.Core.SaveSystem.SaveSystemTests" runstate="Runnable" seed="1002000871" result="Passed" start-time="2026-03-09 17:54:42Z" end-time="2026-03-09 17:54:42Z" duration="0.000346" asserts="0">
                    <properties>
                      <property name="retryIteration" value="0" />
                      <property name="repeatIteration" value="0" />
                    </properties>
                  </test-case>
                  <test-case id="1058" name="SaveSystem_LoadAsync_WithExistingSave_LoadsSuccessfully" fullname="NovelCore.Tests.Runtime.Core.SaveSystem.SaveSystemTests.SaveSystem_LoadAsync_WithExistingSave_LoadsSuccessfully" methodname="SaveSystem_LoadAsync_WithExistingSave_LoadsSuccessfully" classname="NovelCore.Tests.Runtime.Core.SaveSystem.SaveSystemTests" runstate="Runnable" seed="483987770" result="Passed" start-time="2026-03-09 17:54:42Z" end-time="2026-03-09 17:54:42Z" duration="0.004456" asserts="0">
                    <properties>
                      <property name="retryIteration" value="0" />
                      <property name="repeatIteration" value="0" />
                    </properties>
                    <output><![CDATA[SaveSystem: Saved to slot 'slot1' at /Users/selstrom/Library/Application Support/DefaultCompany/novel-core/TestSaves/slot1.save
SaveSystem: Loaded from slot 'slot1'
]]></output>
                  </test-case>
                  <test-case id="1059" name="SaveSystem_LoadAsync_WithNonExistentSave_ReturnsNull" fullname="NovelCore.Tests.Runtime.Core.SaveSystem.SaveSystemTests.SaveSystem_LoadAsync_WithNonExistentSave_ReturnsNull" methodname="SaveSystem_LoadAsync_WithNonExistentSave_ReturnsNull" classname="NovelCore.Tests.Runtime.Core.SaveSystem.SaveSystemTests" runstate="Runnable" seed="2024384892" result="Passed" start-time="2026-03-09 17:54:42Z" end-time="2026-03-09 17:54:42Z" duration="0.001285" asserts="0">
                    <properties>
                      <property name="retryIteration" value="0" />
                      <property name="repeatIteration" value="0" />
                    </properties>
                    <output><![CDATA[SaveSystem: No save found in slot 'nonexistent'
]]></output>
                  </test-case>
                  <test-case id="1060" name="SaveSystem_LoadAsync_WithNullSlotId_ReturnsNull" fullname="NovelCore.Tests.Runtime.Core.SaveSystem.SaveSystemTests.SaveSystem_LoadAsync_WithNullSlotId_ReturnsNull" methodname="SaveSystem_LoadAsync_WithNullSlotId_ReturnsNull" classname="NovelCore.Tests.Runtime.Core.SaveSystem.SaveSystemTests" runstate="Runnable" seed="1125419515" result="Passed" start-time="2026-03-09 17:54:42Z" end-time="2026-03-09 17:54:42Z" duration="0.001026" asserts="0">
                    <properties>
                      <property name="retryIteration" value="0" />
                      <property name="repeatIteration" value="0" />
                    </properties>
                    <output><![CDATA[SaveSystem: Invalid slot ID
]]></output>
                  </test-case>
                  <test-case id="1071" name="SaveSystem_LoadAutoSaveAsync_LoadsSuccessfully" fullname="NovelCore.Tests.Runtime.Core.SaveSystem.SaveSystemTests.SaveSystem_LoadAutoSaveAsync_LoadsSuccessfully" methodname="SaveSystem_LoadAutoSaveAsync_LoadsSuccessfully" classname="NovelCore.Tests.Runtime.Core.SaveSystem.SaveSystemTests" runstate="Runnable" seed="669930836" result="Passed" start-time="2026-03-09 17:54:42Z" end-time="2026-03-09 17:54:42Z" duration="0.001922" asserts="0">
                    <properties>
                      <property name="retryIteration" value="0" />
                      <property name="repeatIteration" value="0" />
                    </properties>
                    <output><![CDATA[SaveSystem: Saved to slot 'autosave' at /Users/selstrom/Library/Application Support/DefaultCompany/novel-core/TestSaves/autosave.save
SaveSystem: Loaded from slot 'autosave'
]]></output>
                  </test-case>
                  <test-case id="1073" name="SaveSystem_SaveAndLoad_PreservesTimestamp" fullname="NovelCore.Tests.Runtime.Core.SaveSystem.SaveSystemTests.SaveSystem_SaveAndLoad_PreservesTimestamp" methodname="SaveSystem_SaveAndLoad_PreservesTimestamp" classname="NovelCore.Tests.Runtime.Core.SaveSystem.SaveSystemTests" runstate="Runnable" seed="841858886" result="Passed" start-time="2026-03-09 17:54:42Z" end-time="2026-03-09 17:54:42Z" duration="0.002338" asserts="0">
                    <properties>
                      <property name="retryIteration" value="0" />
                      <property name="repeatIteration" value="0" />
                    </properties>
                    <output><![CDATA[SaveSystem: Saved to slot 'slot1' at /Users/selstrom/Library/Application Support/DefaultCompany/novel-core/TestSaves/slot1.save
SaveSystem: Loaded from slot 'slot1'
]]></output>
                  </test-case>
                  <test-case id="1057" name="SaveSystem_SaveAsync_WithNullData_ReturnsFalse" fullname="NovelCore.Tests.Runtime.Core.SaveSystem.SaveSystemTests.SaveSystem_SaveAsync_WithNullData_ReturnsFalse" methodname="SaveSystem_SaveAsync_WithNullData_ReturnsFalse" classname="NovelCore.Tests.Runtime.Core.SaveSystem.SaveSystemTests" runstate="Runnable" seed="132312697" result="Passed" start-time="2026-03-09 17:54:42Z" end-time="2026-03-09 17:54:42Z" duration="0.001161" asserts="0">
                    <properties>
                      <property name="retryIteration" value="0" />
                      <property name="repeatIteration" value="0" />
                    </properties>
                    <output><![CDATA[SaveSystem: Cannot save null data
]]></output>
                  </test-case>
                  <test-case id="1056" name="SaveSystem_SaveAsync_WithNullSlotId_ReturnsFalse" fullname="NovelCore.Tests.Runtime.Core.SaveSystem.SaveSystemTests.SaveSystem_SaveAsync_WithNullSlotId_ReturnsFalse" methodname="SaveSystem_SaveAsync_WithNullSlotId_ReturnsFalse" classname="NovelCore.Tests.Runtime.Core.SaveSystem.SaveSystemTests" runstate="Runnable" seed="602914610" result="Passed" start-time="2026-03-09 17:54:42Z" end-time="2026-03-09 17:54:42Z" duration="0.001160" asserts="0">
                    <properties>
                      <property name="retryIteration" value="0" />
                      <property name="repeatIteration" value="0" />
                    </properties>
                    <output><![CDATA[SaveSystem: Invalid slot ID
]]></output>
                  </test-case>
                  <test-case id="1055" name="SaveSystem_SaveAsync_WithValidData_SavesSuccessfully" fullname="NovelCore.Tests.Runtime.Core.SaveSystem.SaveSystemTests.SaveSystem_SaveAsync_WithValidData_SavesSuccessfully" methodname="SaveSystem_SaveAsync_WithValidData_SavesSuccessfully" classname="NovelCore.Tests.Runtime.Core.SaveSystem.SaveSystemTests" runstate="Runnable" seed="1273870304" result="Passed" start-time="2026-03-09 17:54:42Z" end-time="2026-03-09 17:54:42Z" duration="0.001088" asserts="0">
                    <properties>
                      <property name="retryIteration" value="0" />
                      <property name="repeatIteration" value="0" />
                    </properties>
                    <output><![CDATA[SaveSystem: Saved to slot 'slot1' at /Users/selstrom/Library/Application Support/DefaultCompany/novel-core/TestSaves/slot1.save
]]></output>
                  </test-case>
                  <test-case id="1066" name="SaveSystem_SaveExists_WithExistingSave_ReturnsTrue" fullname="NovelCore.Tests.Runtime.Core.SaveSystem.SaveSystemTests.SaveSystem_SaveExists_WithExistingSave_ReturnsTrue" methodname="SaveSystem_SaveExists_WithExistingSave_ReturnsTrue" classname="NovelCore.Tests.Runtime.Core.SaveSystem.SaveSystemTests" runstate="Runnable" seed="1994092231" result="Passed" start-time="2026-03-09 17:54:42Z" end-time="2026-03-09 17:54:42Z" duration="0.001075" asserts="0">
                    <properties>
                      <property name="retryIteration" value="0" />
                      <property name="repeatIteration" value="0" />
                    </properties>
                    <output><![CDATA[SaveSystem: Saved to slot 'slot1' at /Users/selstrom/Library/Application Support/DefaultCompany/novel-core/TestSaves/slot1.save
]]></output>
                  </test-case>
                  <test-case id="1067" name="SaveSystem_SaveExists_WithNonExistentSave_ReturnsFalse" fullname="NovelCore.Tests.Runtime.Core.SaveSystem.SaveSystemTests.SaveSystem_SaveExists_WithNonExistentSave_ReturnsFalse" methodname="SaveSystem_SaveExists_WithNonExistentSave_ReturnsFalse" classname="NovelCore.Tests.Runtime.Core.SaveSystem.SaveSystemTests" runstate="Runnable" seed="174463429" result="Passed" start-time="2026-03-09 17:54:42Z" end-time="2026-03-09 17:54:42Z" duration="0.000223" asserts="0">
                    <properties>
                      <property name="retryIteration" value="0" />
                      <property name="repeatIteration" value="0" />
                    </properties>
                  </test-case>
                </test-suite>
              </test-suite>
            </test-suite>
            <test-suite type="TestSuite" id="1104" name="Data" fullname="NovelCore.Tests.Runtime.Data" runstate="Runnable" testcasecount="38" result="Passed" start-time="2026-03-09 17:54:42Z" end-time="2026-03-09 17:54:42Z" duration="0.015257" total="38" passed="38" failed="0" inconclusive="0" skipped="0" asserts="0">
              <properties />
              <test-suite type="TestFixture" id="1011" name="CharacterDataTests" fullname="NovelCore.Tests.Runtime.Data.CharacterDataTests" classname="NovelCore.Tests.Runtime.Data.CharacterDataTests" runstate="Runnable" testcasecount="9" result="Passed" start-time="2026-03-09 17:54:42Z" end-time="2026-03-09 17:54:42Z" duration="0.004603" total="9" passed="9" failed="0" inconclusive="0" skipped="0" asserts="0">
                <properties />
                <test-case id="1012" name="CharacterData_CreatedWithValidData_IsValid" fullname="NovelCore.Tests.Runtime.Data.CharacterDataTests.CharacterData_CreatedWithValidData_IsValid" methodname="CharacterData_CreatedWithValidData_IsValid" classname="NovelCore.Tests.Runtime.Data.CharacterDataTests" runstate="Runnable" seed="22335844" result="Passed" start-time="2026-03-09 17:54:42Z" end-time="2026-03-09 17:54:42Z" duration="0.000940" asserts="0">
                  <properties>
                    <property name="retryIteration" value="0" />
                    <property name="repeatIteration" value="0" />
                  </properties>
                </test-case>
                <test-case id="1020" name="CharacterData_DefaultScale_IsOne" fullname="NovelCore.Tests.Runtime.Data.CharacterDataTests.CharacterData_DefaultScale_IsOne" methodname="CharacterData_DefaultScale_IsOne" classname="NovelCore.Tests.Runtime.Data.CharacterDataTests" runstate="Runnable" seed="2025029384" result="Passed" start-time="2026-03-09 17:54:42Z" end-time="2026-03-09 17:54:42Z" duration="0.000181" asserts="0">
                  <properties>
                    <property name="retryIteration" value="0" />
                    <property name="repeatIteration" value="0" />
                  </properties>
                </test-case>
                <test-case id="1017" name="CharacterData_GetEmotion_ReturnsCorrectEmotion" fullname="NovelCore.Tests.Runtime.Data.CharacterDataTests.CharacterData_GetEmotion_ReturnsCorrectEmotion" methodname="CharacterData_GetEmotion_ReturnsCorrectEmotion" classname="NovelCore.Tests.Runtime.Data.CharacterDataTests" runstate="Runnable" seed="143966572" result="Passed" start-time="2026-03-09 17:54:42Z" end-time="2026-03-09 17:54:42Z" duration="0.000399" asserts="0">
                  <properties>
                    <property name="retryIteration" value="0" />
                    <property name="repeatIteration" value="0" />
                  </properties>
                </test-case>
                <test-case id="1018" name="CharacterData_GetEmotion_WithInvalidKey_ReturnsNull" fullname="NovelCore.Tests.Runtime.Data.CharacterDataTests.CharacterData_GetEmotion_WithInvalidKey_ReturnsNull" methodname="CharacterData_GetEmotion_WithInvalidKey_ReturnsNull" classname="NovelCore.Tests.Runtime.Data.CharacterDataTests" runstate="Runnable" seed="1300518371" result="Passed" start-time="2026-03-09 17:54:42Z" end-time="2026-03-09 17:54:42Z" duration="0.000117" asserts="0">
                  <properties>
                    <property name="retryIteration" value="0" />
                    <property name="repeatIteration" value="0" />
                  </properties>
                </test-case>
                <test-case id="1013" name="CharacterData_WithEmptyCharacterId_ValidateFails" fullname="NovelCore.Tests.Runtime.Data.CharacterDataTests.CharacterData_WithEmptyCharacterId_ValidateFails" methodname="CharacterData_WithEmptyCharacterId_ValidateFails" classname="NovelCore.Tests.Runtime.Data.CharacterDataTests" runstate="Runnable" seed="712101392" result="Passed" start-time="2026-03-09 17:54:42Z" end-time="2026-03-09 17:54:42Z" duration="0.000486" asserts="0">
                  <properties>
                    <property name="retryIteration" value="0" />
                    <property name="repeatIteration" value="0" />
                  </properties>
                  <output><![CDATA[CharacterData : characterId is required
]]></output>
                </test-case>
                <test-case id="1014" name="CharacterData_WithEmptyCharacterName_ValidateFails" fullname="NovelCore.Tests.Runtime.Data.CharacterDataTests.CharacterData_WithEmptyCharacterName_ValidateFails" methodname="CharacterData_WithEmptyCharacterName_ValidateFails" classname="NovelCore.Tests.Runtime.Data.CharacterDataTests" runstate="Runnable" seed="2120045962" result="Passed" start-time="2026-03-09 17:54:42Z" end-time="2026-03-09 17:54:42Z" duration="0.000410" asserts="0">
                  <properties>
                    <property name="retryIteration" value="0" />
                    <property name="repeatIteration" value="0" />
                  </properties>
                  <output><![CDATA[CharacterData : characterName is required
]]></output>
                </test-case>
                <test-case id="1016" name="CharacterData_WithInvalidDefaultEmotion_ValidateFails" fullname="NovelCore.Tests.Runtime.Data.CharacterDataTests.CharacterData_WithInvalidDefaultEmotion_ValidateFails" methodname="CharacterData_WithInvalidDefaultEmotion_ValidateFails" classname="NovelCore.Tests.Runtime.Data.CharacterDataTests" runstate="Runnable" seed="214240502" result="Passed" start-time="2026-03-09 17:54:42Z" end-time="2026-03-09 17:54:42Z" duration="0.000424" asserts="0">
                  <properties>
                    <property name="retryIteration" value="0" />
                    <property name="repeatIteration" value="0" />
                  </properties>
                  <output><![CDATA[CharacterData : Default emotion 'neutral' not found in emotions list
]]></output>
                </test-case>
                <test-case id="1015" name="CharacterData_WithNoEmotions_ValidateFails" fullname="NovelCore.Tests.Runtime.Data.CharacterDataTests.CharacterData_WithNoEmotions_ValidateFails" methodname="CharacterData_WithNoEmotions_ValidateFails" classname="NovelCore.Tests.Runtime.Data.CharacterDataTests" runstate="Runnable" seed="1449691257" result="Passed" start-time="2026-03-09 17:54:42Z" end-time="2026-03-09 17:54:42Z" duration="0.000406" asserts="0">
                  <properties>
                    <property name="retryIteration" value="0" />
                    <property name="repeatIteration" value="0" />
                  </properties>
                  <output><![CDATA[CharacterData : At least one emotion is required
]]></output>
                </test-case>
                <test-case id="1019" name="CharacterData_WithSpineAnimation_ValidatesSpineData" fullname="NovelCore.Tests.Runtime.Data.CharacterDataTests.CharacterData_WithSpineAnimation_ValidatesSpineData" methodname="CharacterData_WithSpineAnimation_ValidatesSpineData" classname="NovelCore.Tests.Runtime.Data.CharacterDataTests" runstate="Runnable" seed="215274814" result="Passed" start-time="2026-03-09 17:54:42Z" end-time="2026-03-09 17:54:42Z" duration="0.000434" asserts="0">
                  <properties>
                    <property name="retryIteration" value="0" />
                    <property name="repeatIteration" value="0" />
                  </properties>
                  <output><![CDATA[CharacterData : Spine animation type requires spineDataAsset
]]></output>
                </test-case>
              </test-suite>
              <test-suite type="TestFixture" id="1021" name="CharacterPlacementTests" fullname="NovelCore.Tests.Runtime.Data.CharacterPlacementTests" classname="NovelCore.Tests.Runtime.Data.CharacterPlacementTests" runstate="Runnable" testcasecount="4" result="Passed" start-time="2026-03-09 17:54:42Z" end-time="2026-03-09 17:54:42Z" duration="0.000797" total="4" passed="4" failed="0" inconclusive="0" skipped="0" asserts="0">
                <properties />
                <test-case id="1025" name="CharacterPlacement_CanHaveNegativeSortingOrder" fullname="NovelCore.Tests.Runtime.Data.CharacterPlacementTests.CharacterPlacement_CanHaveNegativeSortingOrder" methodname="CharacterPlacement_CanHaveNegativeSortingOrder" classname="NovelCore.Tests.Runtime.Data.CharacterPlacementTests" runstate="Runnable" seed="1290417784" result="Passed" start-time="2026-03-09 17:54:42Z" end-time="2026-03-09 17:54:42Z" duration="0.000081" asserts="0">
                  <properties>
                    <property name="retryIteration" value="0" />
                    <property name="repeatIteration" value="0" />
                  </properties>
                </test-case>
                <test-case id="1022" name="CharacterPlacement_CreatedWithValues_StoresCorrectly" fullname="NovelCore.Tests.Runtime.Data.CharacterPlacementTests.CharacterPlacement_CreatedWithValues_StoresCorrectly" methodname="CharacterPlacement_CreatedWithValues_StoresCorrectly" classname="NovelCore.Tests.Runtime.Data.CharacterPlacementTests" runstate="Runnable" seed="1126301949" result="Passed" start-time="2026-03-09 17:54:42Z" end-time="2026-03-09 17:54:42Z" duration="0.000091" asserts="0">
                  <properties>
                    <property name="retryIteration" value="0" />
                    <property name="repeatIteration" value="0" />
                  </properties>
                </test-case>
                <test-case id="1023" name="CharacterPlacement_DefaultValues_AreZero" fullname="NovelCore.Tests.Runtime.Data.CharacterPlacementTests.CharacterPlacement_DefaultValues_AreZero" methodname="CharacterPlacement_DefaultValues_AreZero" classname="NovelCore.Tests.Runtime.Data.CharacterPlacementTests" runstate="Runnable" seed="1616727344" result="Passed" start-time="2026-03-09 17:54:42Z" end-time="2026-03-09 17:54:42Z" duration="0.000069" asserts="0">
                  <properties>
                    <property name="retryIteration" value="0" />
                    <property name="repeatIteration" value="0" />
                  </properties>
                </test-case>
                <test-case id="1024" name="CharacterPlacement_WithNormalizedPosition_IsValid" fullname="NovelCore.Tests.Runtime.Data.CharacterPlacementTests.CharacterPlacement_WithNormalizedPosition_IsValid" methodname="CharacterPlacement_WithNormalizedPosition_IsValid" classname="NovelCore.Tests.Runtime.Data.CharacterPlacementTests" runstate="Runnable" seed="266425053" result="Passed" start-time="2026-03-09 17:54:42Z" end-time="2026-03-09 17:54:42Z" duration="0.000085" asserts="0">
                  <properties>
                    <property name="retryIteration" value="0" />
                    <property name="repeatIteration" value="0" />
                  </properties>
                </test-case>
              </test-suite>
              <test-suite type="TestFixture" id="1026" name="ChoiceDataTests" fullname="NovelCore.Tests.Runtime.Data.ChoiceDataTests" classname="NovelCore.Tests.Runtime.Data.ChoiceDataTests" runstate="Runnable" testcasecount="8" result="Passed" start-time="2026-03-09 17:54:42Z" end-time="2026-03-09 17:54:42Z" duration="0.004349" total="8" passed="8" failed="0" inconclusive="0" skipped="0" asserts="0">
                <properties />
                <test-case id="1027" name="ChoiceData_CreatedWithTwoOptions_IsValid" fullname="NovelCore.Tests.Runtime.Data.ChoiceDataTests.ChoiceData_CreatedWithTwoOptions_IsValid" methodname="ChoiceData_CreatedWithTwoOptions_IsValid" classname="NovelCore.Tests.Runtime.Data.ChoiceDataTests" runstate="Runnable" seed="363962080" result="Passed" start-time="2026-03-09 17:54:42Z" end-time="2026-03-09 17:54:42Z" duration="0.001119" asserts="0">
                  <properties>
                    <property name="retryIteration" value="0" />
                    <property name="repeatIteration" value="0" />
                  </properties>
                </test-case>
                <test-case id="1034" name="ChoiceData_DefaultTimerSeconds_IsZero" fullname="NovelCore.Tests.Runtime.Data.ChoiceDataTests.ChoiceData_DefaultTimerSeconds_IsZero" methodname="ChoiceData_DefaultTimerSeconds_IsZero" classname="NovelCore.Tests.Runtime.Data.ChoiceDataTests" runstate="Runnable" seed="2093714474" result="Passed" start-time="2026-03-09 17:54:42Z" end-time="2026-03-09 17:54:42Z" duration="0.000305" asserts="0">
                  <properties>
                    <property name="retryIteration" value="0" />
                    <property name="repeatIteration" value="0" />
                  </properties>
                </test-case>
                <test-case id="1031" name="ChoiceData_WithDuplicateOptionIds_ValidateFails" fullname="NovelCore.Tests.Runtime.Data.ChoiceDataTests.ChoiceData_WithDuplicateOptionIds_ValidateFails" methodname="ChoiceData_WithDuplicateOptionIds_ValidateFails" classname="NovelCore.Tests.Runtime.Data.ChoiceDataTests" runstate="Runnable" seed="1109742999" result="Passed" start-time="2026-03-09 17:54:42Z" end-time="2026-03-09 17:54:42Z" duration="0.000465" asserts="0">
                  <properties>
                    <property name="retryIteration" value="0" />
                    <property name="repeatIteration" value="0" />
                  </properties>
                  <output><![CDATA[ChoiceData : Duplicate option IDs found
]]></output>
                </test-case>
                <test-case id="1028" name="ChoiceData_WithEmptyChoiceId_ValidateFails" fullname="NovelCore.Tests.Runtime.Data.ChoiceDataTests.ChoiceData_WithEmptyChoiceId_ValidateFails" methodname="ChoiceData_WithEmptyChoiceId_ValidateFails" classname="NovelCore.Tests.Runtime.Data.ChoiceDataTests" runstate="Runnable" seed="268253226" result="Passed" start-time="2026-03-09 17:54:42Z" end-time="2026-03-09 17:54:42Z" duration="0.000433" asserts="0">
                  <properties>
                    <property name="retryIteration" value="0" />
                    <property name="repeatIteration" value="0" />
                  </properties>
                  <output><![CDATA[ChoiceData : choiceId is required
]]></output>
                </test-case>
                <test-case id="1029" name="ChoiceData_WithOneOption_ValidateFails" fullname="NovelCore.Tests.Runtime.Data.ChoiceDataTests.ChoiceData_WithOneOption_ValidateFails" methodname="ChoiceData_WithOneOption_ValidateFails" classname="NovelCore.Tests.Runtime.Data.ChoiceDataTests" runstate="Runnable" seed="131735999" result="Passed" start-time="2026-03-09 17:54:42Z" end-time="2026-03-09 17:54:42Z" duration="0.000417" asserts="0">
                  <properties>
                    <property name="retryIteration" value="0" />
                    <property name="repeatIteration" value="0" />
                  </properties>
                  <output><![CDATA[ChoiceData : Must have between 2 and 6 options
]]></output>
                </test-case>
                <test-case id="1030" name="ChoiceData_WithSevenOptions_ValidateFails" fullname="NovelCore.Tests.Runtime.Data.ChoiceDataTests.ChoiceData_WithSevenOptions_ValidateFails" methodname="ChoiceData_WithSevenOptions_ValidateFails" classname="NovelCore.Tests.Runtime.Data.ChoiceDataTests" runstate="Runnable" seed="850164508" result="Passed" start-time="2026-03-09 17:54:42Z" end-time="2026-03-09 17:54:42Z" duration="0.000423" asserts="0">
                  <properties>
                    <property name="retryIteration" value="0" />
                    <property name="repeatIteration" value="0" />
                  </properties>
                  <output><![CDATA[ChoiceData : Must have between 2 and 6 options
]]></output>
                </test-case>
                <test-case id="1032" name="ChoiceData_WithTimer_StoresTimerValues" fullname="NovelCore.Tests.Runtime.Data.ChoiceDataTests.ChoiceData_WithTimer_StoresTimerValues" methodname="ChoiceData_WithTimer_StoresTimerValues" classname="NovelCore.Tests.Runtime.Data.ChoiceDataTests" runstate="Runnable" seed="1974702315" result="Passed" start-time="2026-03-09 17:54:42Z" end-time="2026-03-09 17:54:42Z" duration="0.000135" asserts="0">
                  <properties>
                    <property name="retryIteration" value="0" />
                    <property name="repeatIteration" value="0" />
                  </properties>
                </test-case>
                <test-case id="1033" name="ChoiceData_WithTimerAndInvalidDefaultIndex_ValidateFails" fullname="NovelCore.Tests.Runtime.Data.ChoiceDataTests.ChoiceData_WithTimerAndInvalidDefaultIndex_ValidateFails" methodname="ChoiceData_WithTimerAndInvalidDefaultIndex_ValidateFails" classname="NovelCore.Tests.Runtime.Data.ChoiceDataTests" runstate="Runnable" seed="1715420785" result="Passed" start-time="2026-03-09 17:54:42Z" end-time="2026-03-09 17:54:42Z" duration="0.000390" asserts="0">
                  <properties>
                    <property name="retryIteration" value="0" />
                    <property name="repeatIteration" value="0" />
                  </properties>
                  <output><![CDATA[ChoiceData : Invalid defaultOptionIndex for timed choice
]]></output>
                </test-case>
              </test-suite>
              <test-suite type="TestFixture" id="1035" name="DialogueLineDataTests" fullname="NovelCore.Tests.Runtime.Data.DialogueLineDataTests" classname="NovelCore.Tests.Runtime.Data.DialogueLineDataTests" runstate="Runnable" testcasecount="9" result="Passed" start-time="2026-03-09 17:54:42Z" end-time="2026-03-09 17:54:42Z" duration="0.002789" total="9" passed="9" failed="0" inconclusive="0" skipped="0" asserts="0">
                <properties />
                <test-case id="1036" name="DialogueLineData_CreatedWithValidData_IsValid" fullname="NovelCore.Tests.Runtime.Data.DialogueLineDataTests.DialogueLineData_CreatedWithValidData_IsValid" methodname="DialogueLineData_CreatedWithValidData_IsValid" classname="NovelCore.Tests.Runtime.Data.DialogueLineDataTests" runstate="Runnable" seed="371694986" result="Passed" start-time="2026-03-09 17:54:42Z" end-time="2026-03-09 17:54:42Z" duration="0.000159" asserts="0">
                  <properties>
                    <property name="retryIteration" value="0" />
                    <property name="repeatIteration" value="0" />
                  </properties>
                </test-case>
                <test-case id="1042" name="DialogueLineData_DefaultDisplayDuration_IsNegativeOne" fullname="NovelCore.Tests.Runtime.Data.DialogueLineDataTests.DialogueLineData_DefaultDisplayDuration_IsNegativeOne" methodname="DialogueLineData_DefaultDisplayDuration_IsNegativeOne" classname="NovelCore.Tests.Runtime.Data.DialogueLineDataTests" runstate="Runnable" seed="119189453" result="Passed" start-time="2026-03-09 17:54:42Z" end-time="2026-03-09 17:54:42Z" duration="0.000082" asserts="0">
                  <properties>
                    <property name="retryIteration" value="0" />
                    <property name="repeatIteration" value="0" />
                  </properties>
                </test-case>
                <test-case id="1043" name="DialogueLineData_DefaultEmotion_IsNeutral" fullname="NovelCore.Tests.Runtime.Data.DialogueLineDataTests.DialogueLineData_DefaultEmotion_IsNeutral" methodname="DialogueLineData_DefaultEmotion_IsNeutral" classname="NovelCore.Tests.Runtime.Data.DialogueLineDataTests" runstate="Runnable" seed="447990472" result="Passed" start-time="2026-03-09 17:54:42Z" end-time="2026-03-09 17:54:42Z" duration="0.000074" asserts="0">
                  <properties>
                    <property name="retryIteration" value="0" />
                    <property name="repeatIteration" value="0" />
                  </properties>
                </test-case>
                <test-case id="1040" name="DialogueLineData_WithActionButNoParameters_ShowsWarning" fullname="NovelCore.Tests.Runtime.Data.DialogueLineDataTests.DialogueLineData_WithActionButNoParameters_ShowsWarning" methodname="DialogueLineData_WithActionButNoParameters_ShowsWarning" classname="NovelCore.Tests.Runtime.Data.DialogueLineDataTests" runstate="Runnable" seed="2053547972" result="Passed" start-time="2026-03-09 17:54:42Z" end-time="2026-03-09 17:54:42Z" duration="0.000373" asserts="0">
                  <properties>
                    <property name="retryIteration" value="0" />
                    <property name="repeatIteration" value="0" />
                  </properties>
                  <output><![CDATA[DialogueLineData : Character action specified but no parameters provided
]]></output>
                </test-case>
                <test-case id="1039" name="DialogueLineData_WithCharacterAction_ReturnsCorrectAction" fullname="NovelCore.Tests.Runtime.Data.DialogueLineDataTests.DialogueLineData_WithCharacterAction_ReturnsCorrectAction" methodname="DialogueLineData_WithCharacterAction_ReturnsCorrectAction" classname="NovelCore.Tests.Runtime.Data.DialogueLineDataTests" runstate="Runnable" seed="2031010437" result="Passed" start-time="2026-03-09 17:54:42Z" end-time="2026-03-09 17:54:42Z" duration="0.000102" asserts="0">
                  <properties>
                    <property name="retryIteration" value="0" />
                    <property name="repeatIteration" value="0" />
                  </properties>
                </test-case>
                <test-case id="1041" name="DialogueLineData_WithDisplayDuration_ReturnsCorrectValue" fullname="NovelCore.Tests.Runtime.Data.DialogueLineDataTests.DialogueLineData_WithDisplayDuration_ReturnsCorrectValue" methodname="DialogueLineData_WithDisplayDuration_ReturnsCorrectValue" classname="NovelCore.Tests.Runtime.Data.DialogueLineDataTests" runstate="Runnable" seed="729463879" result="Passed" start-time="2026-03-09 17:54:42Z" end-time="2026-03-09 17:54:42Z" duration="0.000086" asserts="0">
                  <properties>
                    <property name="retryIteration" value="0" />
                    <property name="repeatIteration" value="0" />
                  </properties>
                </test-case>
                <test-case id="1037" name="DialogueLineData_WithEmptyLineId_ValidateFails" fullname="NovelCore.Tests.Runtime.Data.DialogueLineDataTests.DialogueLineData_WithEmptyLineId_ValidateFails" methodname="DialogueLineData_WithEmptyLineId_ValidateFails" classname="NovelCore.Tests.Runtime.Data.DialogueLineDataTests" runstate="Runnable" seed="2102820478" result="Passed" start-time="2026-03-09 17:54:42Z" end-time="2026-03-09 17:54:42Z" duration="0.000402" asserts="0">
                  <properties>
                    <property name="retryIteration" value="0" />
                    <property name="repeatIteration" value="0" />
                  </properties>
                  <output><![CDATA[DialogueLineData : lineId is required
]]></output>
                </test-case>
                <test-case id="1038" name="DialogueLineData_WithEmptyTextKey_ShowsWarning" fullname="NovelCore.Tests.Runtime.Data.DialogueLineDataTests.DialogueLineData_WithEmptyTextKey_ShowsWarning" methodname="DialogueLineData_WithEmptyTextKey_ShowsWarning" classname="NovelCore.Tests.Runtime.Data.DialogueLineDataTests" runstate="Runnable" seed="1137193838" result="Passed" start-time="2026-03-09 17:54:42Z" end-time="2026-03-09 17:54:42Z" duration="0.000376" asserts="0">
                  <properties>
                    <property name="retryIteration" value="0" />
                    <property name="repeatIteration" value="0" />
                  </properties>
                  <output><![CDATA[DialogueLineData : textKey is empty, using fallback text
]]></output>
                </test-case>
                <test-case id="1044" name="DialogueLineData_WithSoundEffect_ReturnsAssetReference" fullname="NovelCore.Tests.Runtime.Data.DialogueLineDataTests.DialogueLineData_WithSoundEffect_ReturnsAssetReference" methodname="DialogueLineData_WithSoundEffect_ReturnsAssetReference" classname="NovelCore.Tests.Runtime.Data.DialogueLineDataTests" runstate="Runnable" seed="642540588" result="Passed" start-time="2026-03-09 17:54:42Z" end-time="2026-03-09 17:54:42Z" duration="0.000075" asserts="0">
                  <properties>
                    <property name="retryIteration" value="0" />
                    <property name="repeatIteration" value="0" />
                  </properties>
                </test-case>
              </test-suite>
              <test-suite type="TestFixture" id="1045" name="SceneDataTests" fullname="NovelCore.Tests.Runtime.Data.SceneDataTests" classname="NovelCore.Tests.Runtime.Data.SceneDataTests" runstate="Runnable" testcasecount="8" result="Passed" start-time="2026-03-09 17:54:42Z" end-time="2026-03-09 17:54:42Z" duration="0.002246" total="8" passed="8" failed="0" inconclusive="0" skipped="0" asserts="0">
                <properties />
                <test-case id="1046" name="SceneData_CreatedWithValidData_IsValid" fullname="NovelCore.Tests.Runtime.Data.SceneDataTests.SceneData_CreatedWithValidData_IsValid" methodname="SceneData_CreatedWithValidData_IsValid" classname="NovelCore.Tests.Runtime.Data.SceneDataTests" runstate="Runnable" seed="303790011" result="Passed" start-time="2026-03-09 17:54:42Z" end-time="2026-03-09 17:54:42Z" duration="0.000140" asserts="0">
                  <properties>
                    <property name="retryIteration" value="0" />
                    <property name="repeatIteration" value="0" />
                  </properties>
                </test-case>
                <test-case id="1053" name="SceneData_DefaultAutoAdvance_IsFalse" fullname="NovelCore.Tests.Runtime.Data.SceneDataTests.SceneData_DefaultAutoAdvance_IsFalse" methodname="SceneData_DefaultAutoAdvance_IsFalse" classname="NovelCore.Tests.Runtime.Data.SceneDataTests" runstate="Runnable" seed="481791941" result="Passed" start-time="2026-03-09 17:54:42Z" end-time="2026-03-09 17:54:42Z" duration="0.000073" asserts="0">
                  <properties>
                    <property name="retryIteration" value="0" />
                    <property name="repeatIteration" value="0" />
                  </properties>
                </test-case>
                <test-case id="1052" name="SceneData_DefaultTransitionDuration_IsHalfSecond" fullname="NovelCore.Tests.Runtime.Data.SceneDataTests.SceneData_DefaultTransitionDuration_IsHalfSecond" methodname="SceneData_DefaultTransitionDuration_IsHalfSecond" classname="NovelCore.Tests.Runtime.Data.SceneDataTests" runstate="Runnable" seed="291568442" result="Passed" start-time="2026-03-09 17:54:42Z" end-time="2026-03-09 17:54:42Z" duration="0.000084" asserts="0">
                  <properties>
                    <property name="retryIteration" value="0" />
                    <property name="repeatIteration" value="0" />
                  </properties>
                </test-case>
                <test-case id="1050" name="SceneData_WithAutoAdvance_ReturnsCorrectValues" fullname="NovelCore.Tests.Runtime.Data.SceneDataTests.SceneData_WithAutoAdvance_ReturnsCorrectValues" methodname="SceneData_WithAutoAdvance_ReturnsCorrectValues" classname="NovelCore.Tests.Runtime.Data.SceneDataTests" runstate="Runnable" seed="2024663149" result="Passed" start-time="2026-03-09 17:54:42Z" end-time="2026-03-09 17:54:42Z" duration="0.000074" asserts="0">
                  <properties>
                    <property name="retryIteration" value="0" />
                    <property name="repeatIteration" value="0" />
                  </properties>
                </test-case>
                <test-case id="1051" name="SceneData_WithCharacters_ReturnsCharactersList" fullname="NovelCore.Tests.Runtime.Data.SceneDataTests.SceneData_WithCharacters_ReturnsCharactersList" methodname="SceneData_WithCharacters_ReturnsCharactersList" classname="NovelCore.Tests.Runtime.Data.SceneDataTests" runstate="Runnable" seed="1355889193" result="Passed" start-time="2026-03-09 17:54:42Z" end-time="2026-03-09 17:54:42Z" duration="0.000311" asserts="0">
                  <properties>
                    <property name="retryIteration" value="0" />
                    <property name="repeatIteration" value="0" />
                  </properties>
                </test-case>
                <test-case id="1047" name="SceneData_WithEmptySceneId_ValidateFails" fullname="NovelCore.Tests.Runtime.Data.SceneDataTests.SceneData_WithEmptySceneId_ValidateFails" methodname="SceneData_WithEmptySceneId_ValidateFails" classname="NovelCore.Tests.Runtime.Data.SceneDataTests" runstate="Runnable" seed="959678917" result="Passed" start-time="2026-03-09 17:54:42Z" end-time="2026-03-09 17:54:42Z" duration="0.000379" asserts="0">
                  <properties>
                    <property name="retryIteration" value="0" />
                    <property name="repeatIteration" value="0" />
                  </properties>
                  <output><![CDATA[SceneData : sceneId is required
]]></output>
                </test-case>
                <test-case id="1048" name="SceneData_WithoutDialogueOrChoices_ShowsWarning" fullname="NovelCore.Tests.Runtime.Data.SceneDataTests.SceneData_WithoutDialogueOrChoices_ShowsWarning" methodname="SceneData_WithoutDialogueOrChoices_ShowsWarning" classname="NovelCore.Tests.Runtime.Data.SceneDataTests" runstate="Runnable" seed="920592313" result="Passed" start-time="2026-03-09 17:54:42Z" end-time="2026-03-09 17:54:42Z" duration="0.000422" asserts="0">
                  <properties>
                    <property name="retryIteration" value="0" />
                    <property name="repeatIteration" value="0" />
                  </properties>
                  <output><![CDATA[SceneData : No dialogue or choices defined
]]></output>
                </test-case>
                <test-case id="1049" name="SceneData_WithTransitionType_ReturnsCorrectValue" fullname="NovelCore.Tests.Runtime.Data.SceneDataTests.SceneData_WithTransitionType_ReturnsCorrectValue" methodname="SceneData_WithTransitionType_ReturnsCorrectValue" classname="NovelCore.Tests.Runtime.Data.SceneDataTests" runstate="Runnable" seed="530156799" result="Passed" start-time="2026-03-09 17:54:42Z" end-time="2026-03-09 17:54:42Z" duration="0.000121" asserts="0">
                  <properties>
                    <property name="retryIteration" value="0" />
                    <property name="repeatIteration" value="0" />
                  </properties>
                </test-case>
              </test-suite>
            </test-suite>
            <test-suite type="TestSuite" id="1103" name="Integration" fullname="NovelCore.Tests.Runtime.Integration" runstate="Runnable" testcasecount="4" result="Failed" site="Child" start-time="2026-03-09 17:54:42Z" end-time="2026-03-09 17:54:44Z" duration="2.512774" total="4" passed="3" failed="1" inconclusive="0" skipped="0" asserts="0">
              <properties />
              <failure>
                <message><![CDATA[One or more child tests had errors]]></message>
              </failure>
              <test-suite type="TestFixture" id="1006" name="LinearSceneProgressionTests" fullname="NovelCore.Tests.Runtime.Integration.LinearSceneProgressionTests" classname="NovelCore.Tests.Runtime.Integration.LinearSceneProgressionTests" runstate="Runnable" testcasecount="4" result="Failed" site="Child" start-time="2026-03-09 17:54:42Z" end-time="2026-03-09 17:54:44Z" duration="2.512575" total="4" passed="3" failed="1" inconclusive="0" skipped="0" asserts="0">
                <properties />
                <failure>
                  <message><![CDATA[One or more child tests had errors]]></message>
                </failure>
                <test-case id="1009" name="LinearFlow_LongChain_HandlesMultipleTransitions" fullname="NovelCore.Tests.Runtime.Integration.LinearSceneProgressionTests.LinearFlow_LongChain_HandlesMultipleTransitions" methodname="LinearFlow_LongChain_HandlesMultipleTransitions" classname="NovelCore.Tests.Runtime.Integration.LinearSceneProgressionTests" runstate="Runnable" seed="280309140" result="Passed" start-time="2026-03-09 17:54:42Z" end-time="2026-03-09 17:54:43Z" duration="1.004146" asserts="0">
                  <properties>
                    <property name="_JOINTYPE" value="UnityCombinatorial" />
                    <property name="retryIteration" value="0" />
                    <property name="repeatIteration" value="0" />
                  </properties>
                  <output><![CDATA[DialogueSystem: Starting scene Scene 1
DialogueSystem: Displaying line line_0_1
DialogueSystem: Dialogue complete - checking for nextScene
DialogueSystem: Current scene = Scene 1
DialogueSystem: NextScene field = SET
DialogueSystem: NextScene.RuntimeKeyIsValid() = False
DialogueSystem: ✓ nextScene is set, attempting to load...
DialogueSystem: ✓ Successfully loaded next scene: Scene 2
DialogueSystem: Firing OnSceneNavigationRequested event...
DialogueSystem: Starting scene Scene 2
DialogueSystem: Displaying line line_1_1
DialogueSystem: Dialogue complete - checking for nextScene
DialogueSystem: Current scene = Scene 2
DialogueSystem: NextScene field = SET
DialogueSystem: NextScene.RuntimeKeyIsValid() = False
DialogueSystem: ✓ nextScene is set, attempting to load...
DialogueSystem: ✓ Successfully loaded next scene: Scene 3
DialogueSystem: Firing OnSceneNavigationRequested event...
DialogueSystem: Starting scene Scene 3
DialogueSystem: Displaying line line_2_1
DialogueSystem: Dialogue complete - checking for nextScene
DialogueSystem: Current scene = Scene 3
DialogueSystem: NextScene field = SET
DialogueSystem: NextScene.RuntimeKeyIsValid() = False
DialogueSystem: ✓ nextScene is set, attempting to load...
DialogueSystem: ✓ Successfully loaded next scene: Scene 4
DialogueSystem: Firing OnSceneNavigationRequested event...
DialogueSystem: Starting scene Scene 4
DialogueSystem: Displaying line line_3_1
DialogueSystem: Dialogue complete - checking for nextScene
DialogueSystem: Current scene = Scene 4
DialogueSystem: NextScene field = SET
DialogueSystem: NextScene.RuntimeKeyIsValid() = False
DialogueSystem: ✓ nextScene is set, attempting to load...
DialogueSystem: ✓ Successfully loaded next scene: Scene 5
DialogueSystem: Firing OnSceneNavigationRequested event...
DialogueSystem: Starting scene Scene 5
DialogueSystem: Displaying line line_4_1
DialogueSystem: Dialogue complete - checking for nextScene
DialogueSystem: Current scene = Scene 5
DialogueSystem: NextScene field = NULL
DialogueSystem: No next scene defined (or invalid), dialogue ending normally
]]></output>
                </test-case>
                <test-case id="1008" name="LinearFlow_WithAutoAdvance_ProgressesWithoutInput" fullname="NovelCore.Tests.Runtime.Integration.LinearSceneProgressionTests.LinearFlow_WithAutoAdvance_ProgressesWithoutInput" methodname="LinearFlow_WithAutoAdvance_ProgressesWithoutInput" classname="NovelCore.Tests.Runtime.Integration.LinearSceneProgressionTests" runstate="Runnable" seed="1813361954" result="Failed" start-time="2026-03-09 17:54:43Z" end-time="2026-03-09 17:54:44Z" duration="0.802021" asserts="0">
                  <properties>
                    <property name="_JOINTYPE" value="UnityCombinatorial" />
                    <property name="retryIteration" value="0" />
                    <property name="repeatIteration" value="0" />
                  </properties>
                  <failure>
                    <message><![CDATA[  Should auto-navigate to scene 2
  Expected: 1
  But was:  0
]]></message>
                    <stack-trace><![CDATA[at NovelCore.Tests.Runtime.Integration.LinearSceneProgressionTests+<LinearFlow_WithAutoAdvance_ProgressesWithoutInput>d__7.MoveNext () [0x001c4] in /Users/selstrom/work/projects/novel-core/novel-core/novel-core/Assets/Scripts/NovelCore/Tests/Runtime/Integration/LinearSceneProgressionTests.cs:183
at UnityEngine.TestTools.TestEnumerator+<Execute>d__7.MoveNext () [0x0004e] in ./Library/PackageCache/com.unity.test-framework@24afccc4ed24/UnityEngine.TestRunner/NUnitExtensions/Attributes/TestEnumerator.cs:44
]]></stack-trace>
                  </failure>
                  <output><![CDATA[DialogueSystem: Starting scene Auto Scene 1
DialogueSystem: Displaying line line_1_1
]]></output>
                </test-case>
                <test-case id="1010" name="LinearFlow_WithMissingScene_StopsGracefully" fullname="NovelCore.Tests.Runtime.Integration.LinearSceneProgressionTests.LinearFlow_WithMissingScene_StopsGracefully" methodname="LinearFlow_WithMissingScene_StopsGracefully" classname="NovelCore.Tests.Runtime.Integration.LinearSceneProgressionTests" runstate="Runnable" seed="1967551878" result="Passed" start-time="2026-03-09 17:54:44Z" end-time="2026-03-09 17:54:44Z" duration="0.201664" asserts="0">
                  <properties>
                    <property name="_JOINTYPE" value="UnityCombinatorial" />
                    <property name="retryIteration" value="0" />
                    <property name="repeatIteration" value="0" />
                  </properties>
                  <output><![CDATA[DialogueSystem: Starting scene Scene 1
DialogueSystem: Displaying line line_1_1
DialogueSystem: Dialogue complete - checking for nextScene
DialogueSystem: Current scene = Scene 1
DialogueSystem: NextScene field = SET
DialogueSystem: NextScene.RuntimeKeyIsValid() = False
DialogueSystem: ✓ nextScene is set, attempting to load...
DialogueSystem: ✗ Failed to load next scene (returned null)
]]></output>
                </test-case>
                <test-case id="1007" name="ThreeSceneLinearFlow_ProgressesCorrectly" fullname="NovelCore.Tests.Runtime.Integration.LinearSceneProgressionTests.ThreeSceneLinearFlow_ProgressesCorrectly" methodname="ThreeSceneLinearFlow_ProgressesCorrectly" classname="NovelCore.Tests.Runtime.Integration.LinearSceneProgressionTests" runstate="Runnable" seed="1358793415" result="Passed" start-time="2026-03-09 17:54:44Z" end-time="2026-03-09 17:54:44Z" duration="0.503875" asserts="0">
                  <properties>
                    <property name="_JOINTYPE" value="UnityCombinatorial" />
                    <property name="retryIteration" value="0" />
                    <property name="repeatIteration" value="0" />
                  </properties>
                  <output><![CDATA[DialogueSystem: Starting scene Introduction
DialogueSystem: Displaying line line_1_1
DialogueSystem: Dialogue complete - checking for nextScene
DialogueSystem: Current scene = Introduction
DialogueSystem: NextScene field = SET
DialogueSystem: NextScene.RuntimeKeyIsValid() = False
DialogueSystem: ✓ nextScene is set, attempting to load...
DialogueSystem: ✓ Successfully loaded next scene: Middle
DialogueSystem: Firing OnSceneNavigationRequested event...
DialogueSystem: Starting scene Middle
DialogueSystem: Displaying line line_2_1
DialogueSystem: Displaying line line_2_2
DialogueSystem: Dialogue complete - checking for nextScene
DialogueSystem: Current scene = Middle
DialogueSystem: NextScene field = SET
DialogueSystem: NextScene.RuntimeKeyIsValid() = False
DialogueSystem: ✓ nextScene is set, attempting to load...
DialogueSystem: ✓ Successfully loaded next scene: Ending
DialogueSystem: Firing OnSceneNavigationRequested event...
DialogueSystem: Starting scene Ending
DialogueSystem: Displaying line line_3_1
DialogueSystem: Dialogue complete - checking for nextScene
DialogueSystem: Current scene = Ending
DialogueSystem: NextScene field = NULL
DialogueSystem: No next scene defined (or invalid), dialogue ending normally
]]></output>
                </test-case>
              </test-suite>
            </test-suite>
            <test-suite type="TestFixture" id="1001" name="SampleTest" fullname="NovelCore.Tests.Runtime.SampleTest" classname="NovelCore.Tests.Runtime.SampleTest" runstate="Runnable" testcasecount="4" result="Passed" start-time="2026-03-09 17:54:44Z" end-time="2026-03-09 17:54:44Z" duration="0.001191" total="4" passed="4" failed="0" inconclusive="0" skipped="0" asserts="0">
              <properties />
              <test-case id="1004" name="CharacterDataBuilder_CreatesValidCharacterData" fullname="NovelCore.Tests.Runtime.SampleTest.CharacterDataBuilder_CreatesValidCharacterData" methodname="CharacterDataBuilder_CreatesValidCharacterData" classname="NovelCore.Tests.Runtime.SampleTest" runstate="Runnable" seed="372542991" result="Passed" start-time="2026-03-09 17:54:44Z" end-time="2026-03-09 17:54:44Z" duration="0.000231" asserts="0">
                <properties>
                  <property name="retryIteration" value="0" />
                  <property name="repeatIteration" value="0" />
                </properties>
              </test-case>
              <test-case id="1005" name="DialogueLineDataBuilder_CreatesValidDialogueLineData" fullname="NovelCore.Tests.Runtime.SampleTest.DialogueLineDataBuilder_CreatesValidDialogueLineData" methodname="DialogueLineDataBuilder_CreatesValidDialogueLineData" classname="NovelCore.Tests.Runtime.SampleTest" runstate="Runnable" seed="1996986194" result="Passed" start-time="2026-03-09 17:54:44Z" end-time="2026-03-09 17:54:44Z" duration="0.000144" asserts="0">
                <properties>
                  <property name="retryIteration" value="0" />
                  <property name="repeatIteration" value="0" />
                </properties>
              </test-case>
              <test-case id="1002" name="SampleTest_Infrastructure_Works" fullname="NovelCore.Tests.Runtime.SampleTest.SampleTest_Infrastructure_Works" methodname="SampleTest_Infrastructure_Works" classname="NovelCore.Tests.Runtime.SampleTest" runstate="Runnable" seed="1205908394" result="Passed" start-time="2026-03-09 17:54:44Z" end-time="2026-03-09 17:54:44Z" duration="0.000071" asserts="0">
                <properties>
                  <property name="retryIteration" value="0" />
                  <property name="repeatIteration" value="0" />
                </properties>
              </test-case>
              <test-case id="1003" name="SceneDataBuilder_CreatesValidSceneData" fullname="NovelCore.Tests.Runtime.SampleTest.SceneDataBuilder_CreatesValidSceneData" methodname="SceneDataBuilder_CreatesValidSceneData" classname="NovelCore.Tests.Runtime.SampleTest" runstate="Runnable" seed="1828240182" result="Passed" start-time="2026-03-09 17:54:44Z" end-time="2026-03-09 17:54:44Z" duration="0.000124" asserts="0">
                <properties>
                  <property name="retryIteration" value="0" />
                  <property name="repeatIteration" value="0" />
                </properties>
                <output><![CDATA[Saving results to: /Users/selstrom/Library/Application Support/DefaultCompany/novel-core/TestResults.xml
]]></output>
              </test-case>
            </test-suite>
          </test-suite>
        </test-suite>
      </test-suite>
    </test-suite>
  </test-suite>
</test-run>