<?xml version="1.0" encoding="utf-8"?>
<test-run id="2" testcasecount="99" result="Failed(Child)" total="99" passed="98" failed="1" inconclusive="0" skipped="0" asserts="0" engine-version="3.5.0.0" clr-version="4.0.30319.42000" start-time="2026-03-09 18:46:15Z" end-time="2026-03-09 18:46:15Z" duration="0.1134845">
  <test-suite type="TestSuite" id="1000" name="novel-core" fullname="novel-core" runstate="Runnable" testcasecount="99" result="Failed" site="Child" start-time="2026-03-09 18:46:15Z" end-time="2026-03-09 18:46:15Z" duration="0.113485" total="99" passed="98" failed="1" inconclusive="0" skipped="0" asserts="0">
    <properties>
      <property name="platform" value="EditMode" />
    </properties>
    <failure>
      <message><![CDATA[One or more child tests had errors]]></message>
    </failure>
    <test-suite type="Assembly" id="1110" name="NovelCore.Tests.Editor.dll" fullname="/Users/selstrom/work/projects/novel-core/novel-core/novel-core/Library/ScriptAssemblies/NovelCore.Tests.Editor.dll" runstate="Runnable" testcasecount="98" result="Failed" site="Child" start-time="2026-03-09 18:46:15Z" end-time="2026-03-09 18:46:15Z" duration="0.108925" total="98" passed="97" failed="1" inconclusive="0" skipped="0" asserts="0">
      <properties>
        <property name="_PID" value="30272" />
        <property name="_APPDOMAIN" value="Unity Child Domain" />
        <property name="platform" value="EditMode" />
        <property name="EditorOnly" value="True" />
      </properties>
      <failure>
        <message><![CDATA[One or more child tests had errors]]></message>
      </failure>
      <test-suite type="TestSuite" id="1111" name="NovelCore" fullname="NovelCore" runstate="Runnable" testcasecount="98" result="Failed" site="Child" start-time="2026-03-09 18:46:15Z" end-time="2026-03-09 18:46:15Z" duration="0.108712" total="98" passed="97" failed="1" inconclusive="0" skipped="0" asserts="0">
        <properties />
        <failure>
          <message><![CDATA[One or more child tests had errors]]></message>
        </failure>
        <test-suite type="TestSuite" id="1112" name="Tests" fullname="NovelCore.Tests" runstate="Runnable" testcasecount="98" result="Failed" site="Child" start-time="2026-03-09 18:46:15Z" end-time="2026-03-09 18:46:15Z" duration="0.108646" total="98" passed="97" failed="1" inconclusive="0" skipped="0" asserts="0">
          <properties />
          <failure>
            <message><![CDATA[One or more child tests had errors]]></message>
          </failure>
          <test-suite type="TestSuite" id="1113" name="Editor" fullname="NovelCore.Tests.Editor" runstate="Runnable" testcasecount="98" result="Failed" site="Child" start-time="2026-03-09 18:46:15Z" end-time="2026-03-09 18:46:15Z" duration="0.108557" total="98" passed="97" failed="1" inconclusive="0" skipped="0" asserts="0">
            <properties />
            <failure>
              <message><![CDATA[One or more child tests had errors]]></message>
            </failure>
            <test-suite type="TestSuite" id="1115" name="Core" fullname="NovelCore.Tests.Editor.Core" runstate="Runnable" testcasecount="35" result="Failed" site="Child" start-time="2026-03-09 18:46:15Z" end-time="2026-03-09 18:46:15Z" duration="0.062773" total="35" passed="34" failed="1" inconclusive="0" skipped="0" asserts="0">
              <properties />
              <failure>
                <message><![CDATA[One or more child tests had errors]]></message>
              </failure>
              <test-suite type="TestSuite" id="1117" name="DialogueSystem" fullname="NovelCore.Tests.Editor.Core.DialogueSystem" runstate="Runnable" testcasecount="14" result="Passed" start-time="2026-03-09 18:46:15Z" end-time="2026-03-09 18:46:15Z" duration="0.029650" total="14" passed="14" failed="0" inconclusive="0" skipped="0" asserts="0">
                <properties />
                <test-suite type="TestFixture" id="1095" name="DialogueSystemTests" fullname="NovelCore.Tests.Editor.Core.DialogueSystem.DialogueSystemTests" classname="NovelCore.Tests.Editor.Core.DialogueSystem.DialogueSystemTests" runstate="Runnable" testcasecount="14" result="Passed" start-time="2026-03-09 18:46:15Z" end-time="2026-03-09 18:46:15Z" duration="0.029170" total="14" passed="14" failed="0" inconclusive="0" skipped="0" asserts="0">
                  <properties />
                  <test-case id="1104" name="DialogueSystem_AdvanceDialogue_AtLastLine_CompletesDialogue" fullname="NovelCore.Tests.Editor.Core.DialogueSystem.DialogueSystemTests.DialogueSystem_AdvanceDialogue_AtLastLine_CompletesDialogue" methodname="DialogueSystem_AdvanceDialogue_AtLastLine_CompletesDialogue" classname="NovelCore.Tests.Editor.Core.DialogueSystem.DialogueSystemTests" runstate="Runnable" seed="1847354477" result="Passed" start-time="2026-03-09 18:46:15Z" end-time="2026-03-09 18:46:15Z" duration="0.010450" asserts="0">
                    <properties>
                      <property name="retryIteration" value="0" />
                      <property name="repeatIteration" value="0" />
                    </properties>
                    <output><![CDATA[DialogueSystem: Starting scene Test Scene
DialogueSystem: Displaying line line_001
DialogueSystem: Dialogue complete - checking for scene transition
DialogueSystem: No target scene determined, dialogue ending normally
]]></output>
                  </test-case>
                  <test-case id="1103" name="DialogueSystem_AdvanceDialogue_IncrementsLineIndex" fullname="NovelCore.Tests.Editor.Core.DialogueSystem.DialogueSystemTests.DialogueSystem_AdvanceDialogue_IncrementsLineIndex" methodname="DialogueSystem_AdvanceDialogue_IncrementsLineIndex" classname="NovelCore.Tests.Editor.Core.DialogueSystem.DialogueSystemTests" runstate="Runnable" seed="65946796" result="Passed" start-time="2026-03-09 18:46:15Z" end-time="2026-03-09 18:46:15Z" duration="0.003248" asserts="0">
                    <properties>
                      <property name="retryIteration" value="0" />
                      <property name="repeatIteration" value="0" />
                    </properties>
                    <output><![CDATA[DialogueSystem: Starting scene Test Scene
DialogueSystem: Displaying line line_001
DialogueSystem: Displaying line line_002
]]></output>
                  </test-case>
                  <test-case id="1099" name="DialogueSystem_Constructor_ThrowsOnNullAssetManager" fullname="NovelCore.Tests.Editor.Core.DialogueSystem.DialogueSystemTests.DialogueSystem_Constructor_ThrowsOnNullAssetManager" methodname="DialogueSystem_Constructor_ThrowsOnNullAssetManager" classname="NovelCore.Tests.Editor.Core.DialogueSystem.DialogueSystemTests" runstate="Runnable" seed="1977263113" result="Passed" start-time="2026-03-09 18:46:15Z" end-time="2026-03-09 18:46:15Z" duration="0.001167" asserts="0">
                    <properties>
                      <property name="retryIteration" value="0" />
                      <property name="repeatIteration" value="0" />
                    </properties>
                  </test-case>
                  <test-case id="1096" name="DialogueSystem_Constructor_ThrowsOnNullAudioService" fullname="NovelCore.Tests.Editor.Core.DialogueSystem.DialogueSystemTests.DialogueSystem_Constructor_ThrowsOnNullAudioService" methodname="DialogueSystem_Constructor_ThrowsOnNullAudioService" classname="NovelCore.Tests.Editor.Core.DialogueSystem.DialogueSystemTests" runstate="Runnable" seed="281644822" result="Passed" start-time="2026-03-09 18:46:15Z" end-time="2026-03-09 18:46:15Z" duration="0.000100" asserts="0">
                    <properties>
                      <property name="retryIteration" value="0" />
                      <property name="repeatIteration" value="0" />
                    </properties>
                  </test-case>
                  <test-case id="1097" name="DialogueSystem_Constructor_ThrowsOnNullInputService" fullname="NovelCore.Tests.Editor.Core.DialogueSystem.DialogueSystemTests.DialogueSystem_Constructor_ThrowsOnNullInputService" methodname="DialogueSystem_Constructor_ThrowsOnNullInputService" classname="NovelCore.Tests.Editor.Core.DialogueSystem.DialogueSystemTests" runstate="Runnable" seed="248020349" result="Passed" start-time="2026-03-09 18:46:15Z" end-time="2026-03-09 18:46:15Z" duration="0.000086" asserts="0">
                    <properties>
                      <property name="retryIteration" value="0" />
                      <property name="repeatIteration" value="0" />
                    </properties>
                  </test-case>
                  <test-case id="1098" name="DialogueSystem_Constructor_ThrowsOnNullSceneManager" fullname="NovelCore.Tests.Editor.Core.DialogueSystem.DialogueSystemTests.DialogueSystem_Constructor_ThrowsOnNullSceneManager" methodname="DialogueSystem_Constructor_ThrowsOnNullSceneManager" classname="NovelCore.Tests.Editor.Core.DialogueSystem.DialogueSystemTests" runstate="Runnable" seed="1636764647" result="Passed" start-time="2026-03-09 18:46:15Z" end-time="2026-03-09 18:46:15Z" duration="0.000083" asserts="0">
                    <properties>
                      <property name="retryIteration" value="0" />
                      <property name="repeatIteration" value="0" />
                    </properties>
                  </test-case>
                  <test-case id="1105" name="DialogueSystem_GetCurrentLine_ReturnsCorrectLine" fullname="NovelCore.Tests.Editor.Core.DialogueSystem.DialogueSystemTests.DialogueSystem_GetCurrentLine_ReturnsCorrectLine" methodname="DialogueSystem_GetCurrentLine_ReturnsCorrectLine" classname="NovelCore.Tests.Editor.Core.DialogueSystem.DialogueSystemTests" runstate="Runnable" seed="1019679654" result="Passed" start-time="2026-03-09 18:46:15Z" end-time="2026-03-09 18:46:15Z" duration="0.001472" asserts="0">
                    <properties>
                      <property name="retryIteration" value="0" />
                      <property name="repeatIteration" value="0" />
                    </properties>
                    <output><![CDATA[DialogueSystem: Starting scene Test Scene
DialogueSystem: Displaying line line_001
]]></output>
                  </test-case>
                  <test-case id="1107" name="DialogueSystem_HasNextLine_AtLastLine_ReturnsFalse" fullname="NovelCore.Tests.Editor.Core.DialogueSystem.DialogueSystemTests.DialogueSystem_HasNextLine_AtLastLine_ReturnsFalse" methodname="DialogueSystem_HasNextLine_AtLastLine_ReturnsFalse" classname="NovelCore.Tests.Editor.Core.DialogueSystem.DialogueSystemTests" runstate="Runnable" seed="753583934" result="Passed" start-time="2026-03-09 18:46:15Z" end-time="2026-03-09 18:46:15Z" duration="0.000689" asserts="0">
                    <properties>
                      <property name="retryIteration" value="0" />
                      <property name="repeatIteration" value="0" />
                    </properties>
                    <output><![CDATA[DialogueSystem: Starting scene Test Scene
DialogueSystem: Displaying line line_001
]]></output>
                  </test-case>
                  <test-case id="1106" name="DialogueSystem_HasNextLine_WithMultipleLines_ReturnsTrue" fullname="NovelCore.Tests.Editor.Core.DialogueSystem.DialogueSystemTests.DialogueSystem_HasNextLine_WithMultipleLines_ReturnsTrue" methodname="DialogueSystem_HasNextLine_WithMultipleLines_ReturnsTrue" classname="NovelCore.Tests.Editor.Core.DialogueSystem.DialogueSystemTests" runstate="Runnable" seed="224170244" result="Passed" start-time="2026-03-09 18:46:15Z" end-time="2026-03-09 18:46:15Z" duration="0.000686" asserts="0">
                    <properties>
                      <property name="retryIteration" value="0" />
                      <property name="repeatIteration" value="0" />
                    </properties>
                    <output><![CDATA[DialogueSystem: Starting scene Test Scene
DialogueSystem: Displaying line line_001
]]></output>
                  </test-case>
                  <test-case id="1109" name="DialogueSystem_SkipCurrentLine_CallsAdvanceDialogue" fullname="NovelCore.Tests.Editor.Core.DialogueSystem.DialogueSystemTests.DialogueSystem_SkipCurrentLine_CallsAdvanceDialogue" methodname="DialogueSystem_SkipCurrentLine_CallsAdvanceDialogue" classname="NovelCore.Tests.Editor.Core.DialogueSystem.DialogueSystemTests" runstate="Runnable" seed="510710682" result="Passed" start-time="2026-03-09 18:46:15Z" end-time="2026-03-09 18:46:15Z" duration="0.000990" asserts="0">
                    <properties>
                      <property name="retryIteration" value="0" />
                      <property name="repeatIteration" value="0" />
                    </properties>
                    <output><![CDATA[DialogueSystem: Starting scene Test Scene
DialogueSystem: Displaying line line_001
DialogueSystem: Displaying line line_002
]]></output>
                  </test-case>
                  <test-case id="1102" name="DialogueSystem_StartScene_WithInvalidScene_LogsError" fullname="NovelCore.Tests.Editor.Core.DialogueSystem.DialogueSystemTests.DialogueSystem_StartScene_WithInvalidScene_LogsError" methodname="DialogueSystem_StartScene_WithInvalidScene_LogsError" classname="NovelCore.Tests.Editor.Core.DialogueSystem.DialogueSystemTests" runstate="Runnable" seed="1611307678" result="Passed" start-time="2026-03-09 18:46:15Z" end-time="2026-03-09 18:46:15Z" duration="0.001459" asserts="0">
                    <properties>
                      <property name="retryIteration" value="0" />
                      <property name="repeatIteration" value="0" />
                    </properties>
                    <output><![CDATA[SceneData : sceneId is required
DialogueSystem: Scene validation failed for Invalid Scene
]]></output>
                  </test-case>
                  <test-case id="1101" name="DialogueSystem_StartScene_WithNullScene_LogsError" fullname="NovelCore.Tests.Editor.Core.DialogueSystem.DialogueSystemTests.DialogueSystem_StartScene_WithNullScene_LogsError" methodname="DialogueSystem_StartScene_WithNullScene_LogsError" classname="NovelCore.Tests.Editor.Core.DialogueSystem.DialogueSystemTests" runstate="Runnable" seed="1403455748" result="Passed" start-time="2026-03-09 18:46:15Z" end-time="2026-03-09 18:46:15Z" duration="0.000392" asserts="0">
                    <properties>
                      <property name="retryIteration" value="0" />
                      <property name="repeatIteration" value="0" />
                    </properties>
                    <output><![CDATA[DialogueSystem: Cannot start null scene
]]></output>
                  </test-case>
                  <test-case id="1100" name="DialogueSystem_StartScene_WithValidScene_SetsPlayingState" fullname="NovelCore.Tests.Editor.Core.DialogueSystem.DialogueSystemTests.DialogueSystem_StartScene_WithValidScene_SetsPlayingState" methodname="DialogueSystem_StartScene_WithValidScene_SetsPlayingState" classname="NovelCore.Tests.Editor.Core.DialogueSystem.DialogueSystemTests" runstate="Runnable" seed="141669113" result="Passed" start-time="2026-03-09 18:46:15Z" end-time="2026-03-09 18:46:15Z" duration="0.000670" asserts="0">
                    <properties>
                      <property name="retryIteration" value="0" />
                      <property name="repeatIteration" value="0" />
                    </properties>
                    <output><![CDATA[DialogueSystem: Starting scene Test Scene
DialogueSystem: Displaying line line_001
]]></output>
                  </test-case>
                  <test-case id="1108" name="DialogueSystem_StopDialogue_ResetsState" fullname="NovelCore.Tests.Editor.Core.DialogueSystem.DialogueSystemTests.DialogueSystem_StopDialogue_ResetsState" methodname="DialogueSystem_StopDialogue_ResetsState" classname="NovelCore.Tests.Editor.Core.DialogueSystem.DialogueSystemTests" runstate="Runnable" seed="1002588570" result="Passed" start-time="2026-03-09 18:46:15Z" end-time="2026-03-09 18:46:15Z" duration="0.000960" asserts="0">
                    <properties>
                      <property name="retryIteration" value="0" />
                      <property name="repeatIteration" value="0" />
                    </properties>
                    <output><![CDATA[DialogueSystem: Starting scene Test Scene
DialogueSystem: Displaying line line_001
DialogueSystem: Dialogue stopped
]]></output>
                  </test-case>
                </test-suite>
              </test-suite>
              <test-suite type="TestSuite" id="1116" name="SceneManagement" fullname="NovelCore.Tests.Editor.Core.SceneManagement" runstate="Runnable" testcasecount="21" result="Failed" site="Child" start-time="2026-03-09 18:46:15Z" end-time="2026-03-09 18:46:15Z" duration="0.032951" total="21" passed="20" failed="1" inconclusive="0" skipped="0" asserts="0">
                <properties />
                <failure>
                  <message><![CDATA[One or more child tests had errors]]></message>
                </failure>
                <test-suite type="TestFixture" id="1073" name="SceneNavigationHistoryTests" fullname="NovelCore.Tests.Editor.Core.SceneManagement.SceneNavigationHistoryTests" classname="NovelCore.Tests.Editor.Core.SceneManagement.SceneNavigationHistoryTests" runstate="Runnable" testcasecount="21" result="Failed" site="Child" start-time="2026-03-09 18:46:15Z" end-time="2026-03-09 18:46:15Z" duration="0.032356" total="21" passed="20" failed="1" inconclusive="0" skipped="0" asserts="0">
                  <properties />
                  <failure>
                    <message><![CDATA[One or more child tests had errors]]></message>
                  </failure>
                  <test-case id="1081" name="CanNavigateBack_AtBeginning_ReturnsFalse" fullname="NovelCore.Tests.Editor.Core.SceneManagement.SceneNavigationHistoryTests.CanNavigateBack_AtBeginning_ReturnsFalse" methodname="CanNavigateBack_AtBeginning_ReturnsFalse" classname="NovelCore.Tests.Editor.Core.SceneManagement.SceneNavigationHistoryTests" runstate="Runnable" seed="607782700" result="Passed" start-time="2026-03-09 18:46:15Z" end-time="2026-03-09 18:46:15Z" duration="0.000711" asserts="0">
                    <properties>
                      <property name="retryIteration" value="0" />
                      <property name="repeatIteration" value="0" />
                    </properties>
                    <output><![CDATA[SceneNavigationHistory: Pushed entry for scene 'scene_001' at line 0 (total: 1)
]]></output>
                  </test-case>
                  <test-case id="1082" name="CanNavigateBack_NotAtBeginning_ReturnsTrue" fullname="NovelCore.Tests.Editor.Core.SceneManagement.SceneNavigationHistoryTests.CanNavigateBack_NotAtBeginning_ReturnsTrue" methodname="CanNavigateBack_NotAtBeginning_ReturnsTrue" classname="NovelCore.Tests.Editor.Core.SceneManagement.SceneNavigationHistoryTests" runstate="Runnable" seed="1189010628" result="Passed" start-time="2026-03-09 18:46:15Z" end-time="2026-03-09 18:46:15Z" duration="0.000624" asserts="0">
                    <properties>
                      <property name="retryIteration" value="0" />
                      <property name="repeatIteration" value="0" />
                    </properties>
                    <output><![CDATA[SceneNavigationHistory: Pushed entry for scene 'scene_001' at line 0 (total: 1)
SceneNavigationHistory: Pushed entry for scene 'scene_002' at line 0 (total: 2)
]]></output>
                  </test-case>
                  <test-case id="1084" name="CanNavigateForward_AfterNavigateBack_ReturnsTrue" fullname="NovelCore.Tests.Editor.Core.SceneManagement.SceneNavigationHistoryTests.CanNavigateForward_AfterNavigateBack_ReturnsTrue" methodname="CanNavigateForward_AfterNavigateBack_ReturnsTrue" classname="NovelCore.Tests.Editor.Core.SceneManagement.SceneNavigationHistoryTests" runstate="Runnable" seed="71042564" result="Passed" start-time="2026-03-09 18:46:15Z" end-time="2026-03-09 18:46:15Z" duration="0.001142" asserts="0">
                    <properties>
                      <property name="retryIteration" value="0" />
                      <property name="repeatIteration" value="0" />
                    </properties>
                    <output><![CDATA[SceneNavigationHistory: Pushed entry for scene 'scene_001' at line 0 (total: 1)
SceneNavigationHistory: Pushed entry for scene 'scene_002' at line 0 (total: 2)
SceneNavigationHistory: Navigated back to scene 'scene_001' (index: 0)
]]></output>
                  </test-case>
                  <test-case id="1083" name="CanNavigateForward_AtEnd_ReturnsFalse" fullname="NovelCore.Tests.Editor.Core.SceneManagement.SceneNavigationHistoryTests.CanNavigateForward_AtEnd_ReturnsFalse" methodname="CanNavigateForward_AtEnd_ReturnsFalse" classname="NovelCore.Tests.Editor.Core.SceneManagement.SceneNavigationHistoryTests" runstate="Runnable" seed="253192205" result="Passed" start-time="2026-03-09 18:46:15Z" end-time="2026-03-09 18:46:15Z" duration="0.000649" asserts="0">
                    <properties>
                      <property name="retryIteration" value="0" />
                      <property name="repeatIteration" value="0" />
                    </properties>
                    <output><![CDATA[SceneNavigationHistory: Pushed entry for scene 'scene_001' at line 0 (total: 1)
SceneNavigationHistory: Pushed entry for scene 'scene_002' at line 0 (total: 2)
]]></output>
                  </test-case>
                  <test-case id="1091" name="Clear_WithEntries_RemovesAllEntries" fullname="NovelCore.Tests.Editor.Core.SceneManagement.SceneNavigationHistoryTests.Clear_WithEntries_RemovesAllEntries" methodname="Clear_WithEntries_RemovesAllEntries" classname="NovelCore.Tests.Editor.Core.SceneManagement.SceneNavigationHistoryTests" runstate="Runnable" seed="258080186" result="Passed" start-time="2026-03-09 18:46:15Z" end-time="2026-03-09 18:46:15Z" duration="0.001591" asserts="0">
                    <properties>
                      <property name="retryIteration" value="0" />
                      <property name="repeatIteration" value="0" />
                    </properties>
                    <output><![CDATA[SceneNavigationHistory: Pushed entry for scene 'scene_001' at line 0 (total: 1)
SceneNavigationHistory: Pushed entry for scene 'scene_002' at line 0 (total: 2)
SceneNavigationHistory: Pushed entry for scene 'scene_003' at line 0 (total: 3)
SceneNavigationHistory: History cleared
]]></output>
                  </test-case>
                  <test-case id="1092" name="GetState_ReturnsCurrentState" fullname="NovelCore.Tests.Editor.Core.SceneManagement.SceneNavigationHistoryTests.GetState_ReturnsCurrentState" methodname="GetState_ReturnsCurrentState" classname="NovelCore.Tests.Editor.Core.SceneManagement.SceneNavigationHistoryTests" runstate="Runnable" seed="1827443670" result="Passed" start-time="2026-03-09 18:46:15Z" end-time="2026-03-09 18:46:15Z" duration="0.000940" asserts="0">
                    <properties>
                      <property name="retryIteration" value="0" />
                      <property name="repeatIteration" value="0" />
                    </properties>
                    <output><![CDATA[SceneNavigationHistory: Pushed entry for scene 'scene_001' at line 0 (total: 1)
SceneNavigationHistory: Pushed entry for scene 'scene_002' at line 5 (total: 2)
]]></output>
                  </test-case>
                  <test-case id="1086" name="NavigateBack_AtBeginning_ReturnsNull" fullname="NovelCore.Tests.Editor.Core.SceneManagement.SceneNavigationHistoryTests.NavigateBack_AtBeginning_ReturnsNull" methodname="NavigateBack_AtBeginning_ReturnsNull" classname="NovelCore.Tests.Editor.Core.SceneManagement.SceneNavigationHistoryTests" runstate="Runnable" seed="235167324" result="Passed" start-time="2026-03-09 18:46:15Z" end-time="2026-03-09 18:46:15Z" duration="0.000814" asserts="0">
                    <properties>
                      <property name="retryIteration" value="0" />
                      <property name="repeatIteration" value="0" />
                    </properties>
                    <output><![CDATA[SceneNavigationHistory: Pushed entry for scene 'scene_001' at line 0 (total: 1)
SceneNavigationHistory: Cannot navigate back (at beginning of history)
]]></output>
                  </test-case>
                  <test-case id="1085" name="NavigateBack_WithHistory_ReturnsPreviousEntry" fullname="NovelCore.Tests.Editor.Core.SceneManagement.SceneNavigationHistoryTests.NavigateBack_WithHistory_ReturnsPreviousEntry" methodname="NavigateBack_WithHistory_ReturnsPreviousEntry" classname="NovelCore.Tests.Editor.Core.SceneManagement.SceneNavigationHistoryTests" runstate="Runnable" seed="120323591" result="Passed" start-time="2026-03-09 18:46:15Z" end-time="2026-03-09 18:46:15Z" duration="0.001147" asserts="0">
                    <properties>
                      <property name="retryIteration" value="0" />
                      <property name="repeatIteration" value="0" />
                    </properties>
                    <output><![CDATA[SceneNavigationHistory: Pushed entry for scene 'scene_001' at line 0 (total: 1)
SceneNavigationHistory: Pushed entry for scene 'scene_002' at line 5 (total: 2)
SceneNavigationHistory: Navigated back to scene 'scene_001' (index: 0)
]]></output>
                  </test-case>
                  <test-case id="1087" name="NavigateForward_AfterNavigateBack_ReturnsNextEntry" fullname="NovelCore.Tests.Editor.Core.SceneManagement.SceneNavigationHistoryTests.NavigateForward_AfterNavigateBack_ReturnsNextEntry" methodname="NavigateForward_AfterNavigateBack_ReturnsNextEntry" classname="NovelCore.Tests.Editor.Core.SceneManagement.SceneNavigationHistoryTests" runstate="Runnable" seed="52442625" result="Passed" start-time="2026-03-09 18:46:15Z" end-time="2026-03-09 18:46:15Z" duration="0.001735" asserts="0">
                    <properties>
                      <property name="retryIteration" value="0" />
                      <property name="repeatIteration" value="0" />
                    </properties>
                    <output><![CDATA[SceneNavigationHistory: Pushed entry for scene 'scene_001' at line 0 (total: 1)
SceneNavigationHistory: Pushed entry for scene 'scene_002' at line 5 (total: 2)
SceneNavigationHistory: Navigated back to scene 'scene_001' (index: 0)
SceneNavigationHistory: Navigated forward to scene 'scene_002' (index: 1)
]]></output>
                  </test-case>
                  <test-case id="1088" name="NavigateForward_AtEnd_ReturnsNull" fullname="NovelCore.Tests.Editor.Core.SceneManagement.SceneNavigationHistoryTests.NavigateForward_AtEnd_ReturnsNull" methodname="NavigateForward_AtEnd_ReturnsNull" classname="NovelCore.Tests.Editor.Core.SceneManagement.SceneNavigationHistoryTests" runstate="Runnable" seed="929312058" result="Passed" start-time="2026-03-09 18:46:15Z" end-time="2026-03-09 18:46:15Z" duration="0.000714" asserts="0">
                    <properties>
                      <property name="retryIteration" value="0" />
                      <property name="repeatIteration" value="0" />
                    </properties>
                    <output><![CDATA[SceneNavigationHistory: Pushed entry for scene 'scene_001' at line 0 (total: 1)
SceneNavigationHistory: Cannot navigate forward (at end of history)
]]></output>
                  </test-case>
                  <test-case id="1080" name="Peek_EmptyHistory_ReturnsNull" fullname="NovelCore.Tests.Editor.Core.SceneManagement.SceneNavigationHistoryTests.Peek_EmptyHistory_ReturnsNull" methodname="Peek_EmptyHistory_ReturnsNull" classname="NovelCore.Tests.Editor.Core.SceneManagement.SceneNavigationHistoryTests" runstate="Runnable" seed="650318372" result="Passed" start-time="2026-03-09 18:46:15Z" end-time="2026-03-09 18:46:15Z" duration="0.000103" asserts="0">
                    <properties>
                      <property name="retryIteration" value="0" />
                      <property name="repeatIteration" value="0" />
                    </properties>
                  </test-case>
                  <test-case id="1079" name="Peek_WithEntries_ReturnsLastEntryWithoutRemoving" fullname="NovelCore.Tests.Editor.Core.SceneManagement.SceneNavigationHistoryTests.Peek_WithEntries_ReturnsLastEntryWithoutRemoving" methodname="Peek_WithEntries_ReturnsLastEntryWithoutRemoving" classname="NovelCore.Tests.Editor.Core.SceneManagement.SceneNavigationHistoryTests" runstate="Runnable" seed="170823235" result="Passed" start-time="2026-03-09 18:46:15Z" end-time="2026-03-09 18:46:15Z" duration="0.000449" asserts="0">
                    <properties>
                      <property name="retryIteration" value="0" />
                      <property name="repeatIteration" value="0" />
                    </properties>
                    <output><![CDATA[SceneNavigationHistory: Pushed entry for scene 'scene_001' at line 0 (total: 1)
]]></output>
                  </test-case>
                  <test-case id="1078" name="Pop_EmptyHistory_ReturnsNull" fullname="NovelCore.Tests.Editor.Core.SceneManagement.SceneNavigationHistoryTests.Pop_EmptyHistory_ReturnsNull" methodname="Pop_EmptyHistory_ReturnsNull" classname="NovelCore.Tests.Editor.Core.SceneManagement.SceneNavigationHistoryTests" runstate="Runnable" seed="1143828454" result="Passed" start-time="2026-03-09 18:46:15Z" end-time="2026-03-09 18:46:15Z" duration="0.000419" asserts="0">
                    <properties>
                      <property name="retryIteration" value="0" />
                      <property name="repeatIteration" value="0" />
                    </properties>
                    <output><![CDATA[SceneNavigationHistory: Cannot pop from empty history
]]></output>
                  </test-case>
                  <test-case id="1077" name="Pop_WithEntries_ReturnsAndRemovesLastEntry" fullname="NovelCore.Tests.Editor.Core.SceneManagement.SceneNavigationHistoryTests.Pop_WithEntries_ReturnsAndRemovesLastEntry" methodname="Pop_WithEntries_ReturnsAndRemovesLastEntry" classname="NovelCore.Tests.Editor.Core.SceneManagement.SceneNavigationHistoryTests" runstate="Runnable" seed="1324511446" result="Passed" start-time="2026-03-09 18:46:15Z" end-time="2026-03-09 18:46:15Z" duration="0.001432" asserts="0">
                    <properties>
                      <property name="retryIteration" value="0" />
                      <property name="repeatIteration" value="0" />
                    </properties>
                    <output><![CDATA[SceneNavigationHistory: Pushed entry for scene 'scene_001' at line 0 (total: 1)
SceneNavigationHistory: Pushed entry for scene 'scene_002' at line 5 (total: 2)
SceneNavigationHistory: Popped entry for scene 'scene_002'
]]></output>
                  </test-case>
                  <test-case id="1089" name="Push_AfterNavigateBack_ClearsForwardHistory" fullname="NovelCore.Tests.Editor.Core.SceneManagement.SceneNavigationHistoryTests.Push_AfterNavigateBack_ClearsForwardHistory" methodname="Push_AfterNavigateBack_ClearsForwardHistory" classname="NovelCore.Tests.Editor.Core.SceneManagement.SceneNavigationHistoryTests" runstate="Runnable" seed="802136573" result="Passed" start-time="2026-03-09 18:46:15Z" end-time="2026-03-09 18:46:15Z" duration="0.003345" asserts="0">
                    <properties>
                      <property name="retryIteration" value="0" />
                      <property name="repeatIteration" value="0" />
                    </properties>
                    <output><![CDATA[SceneNavigationHistory: Pushed entry for scene 'scene_001' at line 0 (total: 1)
SceneNavigationHistory: Pushed entry for scene 'scene_002' at line 0 (total: 2)
SceneNavigationHistory: Pushed entry for scene 'scene_003' at line 0 (total: 3)
SceneNavigationHistory: Navigated back to scene 'scene_002' (index: 1)
SceneNavigationHistory: Navigated back to scene 'scene_001' (index: 0)
SceneNavigationHistory: Removed 2 forward entries
SceneNavigationHistory: Pushed entry for scene 'scene_new' at line 0 (total: 2)
]]></output>
                  </test-case>
                  <test-case id="1090" name="Push_ExceedsMaxSize_RemovesOldestEntries" fullname="NovelCore.Tests.Editor.Core.SceneManagement.SceneNavigationHistoryTests.Push_ExceedsMaxSize_RemovesOldestEntries" methodname="Push_ExceedsMaxSize_RemovesOldestEntries" classname="NovelCore.Tests.Editor.Core.SceneManagement.SceneNavigationHistoryTests" runstate="Runnable" seed="1023584000" result="Failed" start-time="2026-03-09 18:46:15Z" end-time="2026-03-09 18:46:15Z" duration="0.007813" asserts="0">
                    <properties>
                      <property name="retryIteration" value="0" />
                      <property name="repeatIteration" value="0" />
                    </properties>
                    <failure>
                      <message><![CDATA[  Second entry should be scene_004
  String lengths are both 9. Strings differ at index 8.
  Expected: "scene_004"
  But was:  "scene_005"
  -------------------^
]]></message>
                      <stack-trace><![CDATA[at NovelCore.Tests.Editor.Core.SceneManagement.SceneNavigationHistoryTests.Push_ExceedsMaxSize_RemovesOldestEntries () [0x000b4] in /Users/selstrom/work/projects/novel-core/novel-core/novel-core/Assets/Scripts/NovelCore/Tests/Editor/Core/SceneManagement/SceneNavigationHistoryTests.cs:314
]]></stack-trace>
                    </failure>
                    <output><![CDATA[SceneNavigationHistory: Pushed entry for scene 'scene_001' at line 0 (total: 1)
SceneNavigationHistory: Pushed entry for scene 'scene_002' at line 0 (total: 2)
SceneNavigationHistory: Pushed entry for scene 'scene_003' at line 0 (total: 3)
SceneNavigationHistory: Removed 1 oldest entries (max size: 3)
SceneNavigationHistory: Pushed entry for scene 'scene_004' at line 0 (total: 3)
SceneNavigationHistory: Removed 1 oldest entries (max size: 3)
SceneNavigationHistory: Pushed entry for scene 'scene_005' at line 0 (total: 3)
SceneNavigationHistory: Navigated back to scene 'scene_004' (index: 1)
]]></output>
                  </test-case>
                  <test-case id="1076" name="Push_InvalidEntry_DoesNotModifyHistory" fullname="NovelCore.Tests.Editor.Core.SceneManagement.SceneNavigationHistoryTests.Push_InvalidEntry_DoesNotModifyHistory" methodname="Push_InvalidEntry_DoesNotModifyHistory" classname="NovelCore.Tests.Editor.Core.SceneManagement.SceneNavigationHistoryTests" runstate="Runnable" seed="542438629" result="Passed" start-time="2026-03-09 18:46:15Z" end-time="2026-03-09 18:46:15Z" duration="0.000612" asserts="0">
                    <properties>
                      <property name="retryIteration" value="0" />
                      <property name="repeatIteration" value="0" />
                    </properties>
                    <output><![CDATA[SceneNavigationHistory: Cannot push invalid entry
]]></output>
                  </test-case>
                  <test-case id="1075" name="Push_NullEntry_DoesNotModifyHistory" fullname="NovelCore.Tests.Editor.Core.SceneManagement.SceneNavigationHistoryTests.Push_NullEntry_DoesNotModifyHistory" methodname="Push_NullEntry_DoesNotModifyHistory" classname="NovelCore.Tests.Editor.Core.SceneManagement.SceneNavigationHistoryTests" runstate="Runnable" seed="1402519829" result="Passed" start-time="2026-03-09 18:46:15Z" end-time="2026-03-09 18:46:15Z" duration="0.000655" asserts="0">
                    <properties>
                      <property name="retryIteration" value="0" />
                      <property name="repeatIteration" value="0" />
                    </properties>
                    <output><![CDATA[SceneNavigationHistory: Cannot push invalid entry
]]></output>
                  </test-case>
                  <test-case id="1074" name="Push_ValidEntry_AddsToHistory" fullname="NovelCore.Tests.Editor.Core.SceneManagement.SceneNavigationHistoryTests.Push_ValidEntry_AddsToHistory" methodname="Push_ValidEntry_AddsToHistory" classname="NovelCore.Tests.Editor.Core.SceneManagement.SceneNavigationHistoryTests" runstate="Runnable" seed="160990895" result="Passed" start-time="2026-03-09 18:46:15Z" end-time="2026-03-09 18:46:15Z" duration="0.000669" asserts="0">
                    <properties>
                      <property name="retryIteration" value="0" />
                      <property name="repeatIteration" value="0" />
                    </properties>
                    <output><![CDATA[SceneNavigationHistory: Pushed entry for scene 'scene_001' at line 0 (total: 1)
]]></output>
                  </test-case>
                  <test-case id="1094" name="RestoreState_NullState_DoesNotModifyHistory" fullname="NovelCore.Tests.Editor.Core.SceneManagement.SceneNavigationHistoryTests.RestoreState_NullState_DoesNotModifyHistory" methodname="RestoreState_NullState_DoesNotModifyHistory" classname="NovelCore.Tests.Editor.Core.SceneManagement.SceneNavigationHistoryTests" runstate="Runnable" seed="844476991" result="Passed" start-time="2026-03-09 18:46:15Z" end-time="2026-03-09 18:46:15Z" duration="0.000897" asserts="0">
                    <properties>
                      <property name="retryIteration" value="0" />
                      <property name="repeatIteration" value="0" />
                    </properties>
                    <output><![CDATA[SceneNavigationHistory: Pushed entry for scene 'scene_001' at line 0 (total: 1)
SceneNavigationHistory: Cannot restore invalid state
]]></output>
                  </test-case>
                  <test-case id="1093" name="RestoreState_ValidState_RestoresHistory" fullname="NovelCore.Tests.Editor.Core.SceneManagement.SceneNavigationHistoryTests.RestoreState_ValidState_RestoresHistory" methodname="RestoreState_ValidState_RestoresHistory" classname="NovelCore.Tests.Editor.Core.SceneManagement.SceneNavigationHistoryTests" runstate="Runnable" seed="1837326001" result="Passed" start-time="2026-03-09 18:46:15Z" end-time="2026-03-09 18:46:15Z" duration="0.000565" asserts="0">
                    <properties>
                      <property name="retryIteration" value="0" />
                      <property name="repeatIteration" value="0" />
                    </properties>
                    <output><![CDATA[SceneNavigationHistory: State restored (2 entries, currentIndex: 0)
]]></output>
                  </test-case>
                </test-suite>
              </test-suite>
            </test-suite>
            <test-suite type="TestSuite" id="1114" name="Data" fullname="NovelCore.Tests.Editor.Data" runstate="Runnable" testcasecount="59" result="Passed" start-time="2026-03-09 18:46:15Z" end-time="2026-03-09 18:46:15Z" duration="0.042870" total="59" passed="59" failed="0" inconclusive="0" skipped="0" asserts="0">
              <properties />
              <test-suite type="TestFixture" id="1006" name="CharacterDataTests" fullname="NovelCore.Tests.Editor.Data.CharacterDataTests" classname="NovelCore.Tests.Editor.Data.CharacterDataTests" runstate="Runnable" testcasecount="9" result="Passed" start-time="2026-03-09 18:46:15Z" end-time="2026-03-09 18:46:15Z" duration="0.007301" total="9" passed="9" failed="0" inconclusive="0" skipped="0" asserts="0">
                <properties />
                <test-case id="1007" name="CharacterData_CreatedWithValidData_IsValid" fullname="NovelCore.Tests.Editor.Data.CharacterDataTests.CharacterData_CreatedWithValidData_IsValid" methodname="CharacterData_CreatedWithValidData_IsValid" classname="NovelCore.Tests.Editor.Data.CharacterDataTests" runstate="Runnable" seed="767158216" result="Passed" start-time="2026-03-09 18:46:15Z" end-time="2026-03-09 18:46:15Z" duration="0.001117" asserts="0">
                  <properties>
                    <property name="retryIteration" value="0" />
                    <property name="repeatIteration" value="0" />
                  </properties>
                </test-case>
                <test-case id="1015" name="CharacterData_DefaultScale_IsOne" fullname="NovelCore.Tests.Editor.Data.CharacterDataTests.CharacterData_DefaultScale_IsOne" methodname="CharacterData_DefaultScale_IsOne" classname="NovelCore.Tests.Editor.Data.CharacterDataTests" runstate="Runnable" seed="2091697935" result="Passed" start-time="2026-03-09 18:46:15Z" end-time="2026-03-09 18:46:15Z" duration="0.001322" asserts="0">
                  <properties>
                    <property name="retryIteration" value="0" />
                    <property name="repeatIteration" value="0" />
                  </properties>
                </test-case>
                <test-case id="1012" name="CharacterData_GetEmotion_ReturnsCorrectEmotion" fullname="NovelCore.Tests.Editor.Data.CharacterDataTests.CharacterData_GetEmotion_ReturnsCorrectEmotion" methodname="CharacterData_GetEmotion_ReturnsCorrectEmotion" classname="NovelCore.Tests.Editor.Data.CharacterDataTests" runstate="Runnable" seed="1912283949" result="Passed" start-time="2026-03-09 18:46:15Z" end-time="2026-03-09 18:46:15Z" duration="0.000748" asserts="0">
                  <properties>
                    <property name="retryIteration" value="0" />
                    <property name="repeatIteration" value="0" />
                  </properties>
                </test-case>
                <test-case id="1013" name="CharacterData_GetEmotion_WithInvalidKey_ReturnsNull" fullname="NovelCore.Tests.Editor.Data.CharacterDataTests.CharacterData_GetEmotion_WithInvalidKey_ReturnsNull" methodname="CharacterData_GetEmotion_WithInvalidKey_ReturnsNull" classname="NovelCore.Tests.Editor.Data.CharacterDataTests" runstate="Runnable" seed="947722539" result="Passed" start-time="2026-03-09 18:46:15Z" end-time="2026-03-09 18:46:15Z" duration="0.000222" asserts="0">
                  <properties>
                    <property name="retryIteration" value="0" />
                    <property name="repeatIteration" value="0" />
                  </properties>
                </test-case>
                <test-case id="1008" name="CharacterData_WithEmptyCharacterId_ValidateFails" fullname="NovelCore.Tests.Editor.Data.CharacterDataTests.CharacterData_WithEmptyCharacterId_ValidateFails" methodname="CharacterData_WithEmptyCharacterId_ValidateFails" classname="NovelCore.Tests.Editor.Data.CharacterDataTests" runstate="Runnable" seed="2074062239" result="Passed" start-time="2026-03-09 18:46:15Z" end-time="2026-03-09 18:46:15Z" duration="0.000648" asserts="0">
                  <properties>
                    <property name="retryIteration" value="0" />
                    <property name="repeatIteration" value="0" />
                  </properties>
                  <output><![CDATA[CharacterData : characterId is required
]]></output>
                </test-case>
                <test-case id="1009" name="CharacterData_WithEmptyCharacterName_ValidateFails" fullname="NovelCore.Tests.Editor.Data.CharacterDataTests.CharacterData_WithEmptyCharacterName_ValidateFails" methodname="CharacterData_WithEmptyCharacterName_ValidateFails" classname="NovelCore.Tests.Editor.Data.CharacterDataTests" runstate="Runnable" seed="347365524" result="Passed" start-time="2026-03-09 18:46:15Z" end-time="2026-03-09 18:46:15Z" duration="0.000595" asserts="0">
                  <properties>
                    <property name="retryIteration" value="0" />
                    <property name="repeatIteration" value="0" />
                  </properties>
                  <output><![CDATA[CharacterData : characterName is required
]]></output>
                </test-case>
                <test-case id="1011" name="CharacterData_WithInvalidDefaultEmotion_ValidateFails" fullname="NovelCore.Tests.Editor.Data.CharacterDataTests.CharacterData_WithInvalidDefaultEmotion_ValidateFails" methodname="CharacterData_WithInvalidDefaultEmotion_ValidateFails" classname="NovelCore.Tests.Editor.Data.CharacterDataTests" runstate="Runnable" seed="853607233" result="Passed" start-time="2026-03-09 18:46:15Z" end-time="2026-03-09 18:46:15Z" duration="0.000584" asserts="0">
                  <properties>
                    <property name="retryIteration" value="0" />
                    <property name="repeatIteration" value="0" />
                  </properties>
                  <output><![CDATA[CharacterData : Default emotion 'neutral' not found in emotions list
]]></output>
                </test-case>
                <test-case id="1010" name="CharacterData_WithNoEmotions_ValidateFails" fullname="NovelCore.Tests.Editor.Data.CharacterDataTests.CharacterData_WithNoEmotions_ValidateFails" methodname="CharacterData_WithNoEmotions_ValidateFails" classname="NovelCore.Tests.Editor.Data.CharacterDataTests" runstate="Runnable" seed="1798516765" result="Passed" start-time="2026-03-09 18:46:15Z" end-time="2026-03-09 18:46:15Z" duration="0.000477" asserts="0">
                  <properties>
                    <property name="retryIteration" value="0" />
                    <property name="repeatIteration" value="0" />
                  </properties>
                  <output><![CDATA[CharacterData : At least one emotion is required
]]></output>
                </test-case>
                <test-case id="1014" name="CharacterData_WithSpineAnimation_ValidatesSpineData" fullname="NovelCore.Tests.Editor.Data.CharacterDataTests.CharacterData_WithSpineAnimation_ValidatesSpineData" methodname="CharacterData_WithSpineAnimation_ValidatesSpineData" classname="NovelCore.Tests.Editor.Data.CharacterDataTests" runstate="Runnable" seed="981224770" result="Passed" start-time="2026-03-09 18:46:15Z" end-time="2026-03-09 18:46:15Z" duration="0.000436" asserts="0">
                  <properties>
                    <property name="retryIteration" value="0" />
                    <property name="repeatIteration" value="0" />
                  </properties>
                  <output><![CDATA[CharacterData : Spine animation type requires spineDataAsset
]]></output>
                </test-case>
              </test-suite>
              <test-suite type="TestFixture" id="1016" name="CharacterPlacementTests" fullname="NovelCore.Tests.Editor.Data.CharacterPlacementTests" classname="NovelCore.Tests.Editor.Data.CharacterPlacementTests" runstate="Runnable" testcasecount="4" result="Passed" start-time="2026-03-09 18:46:15Z" end-time="2026-03-09 18:46:15Z" duration="0.001104" total="4" passed="4" failed="0" inconclusive="0" skipped="0" asserts="0">
                <properties />
                <test-case id="1020" name="CharacterPlacement_CanHaveNegativeSortingOrder" fullname="NovelCore.Tests.Editor.Data.CharacterPlacementTests.CharacterPlacement_CanHaveNegativeSortingOrder" methodname="CharacterPlacement_CanHaveNegativeSortingOrder" classname="NovelCore.Tests.Editor.Data.CharacterPlacementTests" runstate="Runnable" seed="1742628453" result="Passed" start-time="2026-03-09 18:46:15Z" end-time="2026-03-09 18:46:15Z" duration="0.000124" asserts="0">
                  <properties>
                    <property name="retryIteration" value="0" />
                    <property name="repeatIteration" value="0" />
                  </properties>
                </test-case>
                <test-case id="1017" name="CharacterPlacement_CreatedWithValues_StoresCorrectly" fullname="NovelCore.Tests.Editor.Data.CharacterPlacementTests.CharacterPlacement_CreatedWithValues_StoresCorrectly" methodname="CharacterPlacement_CreatedWithValues_StoresCorrectly" classname="NovelCore.Tests.Editor.Data.CharacterPlacementTests" runstate="Runnable" seed="215054736" result="Passed" start-time="2026-03-09 18:46:15Z" end-time="2026-03-09 18:46:15Z" duration="0.000108" asserts="0">
                  <properties>
                    <property name="retryIteration" value="0" />
                    <property name="repeatIteration" value="0" />
                  </properties>
                </test-case>
                <test-case id="1018" name="CharacterPlacement_DefaultValues_AreZero" fullname="NovelCore.Tests.Editor.Data.CharacterPlacementTests.CharacterPlacement_DefaultValues_AreZero" methodname="CharacterPlacement_DefaultValues_AreZero" classname="NovelCore.Tests.Editor.Data.CharacterPlacementTests" runstate="Runnable" seed="147357941" result="Passed" start-time="2026-03-09 18:46:15Z" end-time="2026-03-09 18:46:15Z" duration="0.000098" asserts="0">
                  <properties>
                    <property name="retryIteration" value="0" />
                    <property name="repeatIteration" value="0" />
                  </properties>
                </test-case>
                <test-case id="1019" name="CharacterPlacement_WithNormalizedPosition_IsValid" fullname="NovelCore.Tests.Editor.Data.CharacterPlacementTests.CharacterPlacement_WithNormalizedPosition_IsValid" methodname="CharacterPlacement_WithNormalizedPosition_IsValid" classname="NovelCore.Tests.Editor.Data.CharacterPlacementTests" runstate="Runnable" seed="1527555900" result="Passed" start-time="2026-03-09 18:46:15Z" end-time="2026-03-09 18:46:15Z" duration="0.000085" asserts="0">
                  <properties>
                    <property name="retryIteration" value="0" />
                    <property name="repeatIteration" value="0" />
                  </properties>
                </test-case>
              </test-suite>
              <test-suite type="TestFixture" id="1021" name="ChoiceDataTests" fullname="NovelCore.Tests.Editor.Data.ChoiceDataTests" classname="NovelCore.Tests.Editor.Data.ChoiceDataTests" runstate="Runnable" testcasecount="8" result="Passed" start-time="2026-03-09 18:46:15Z" end-time="2026-03-09 18:46:15Z" duration="0.006710" total="8" passed="8" failed="0" inconclusive="0" skipped="0" asserts="0">
                <properties />
                <test-case id="1022" name="ChoiceData_CreatedWithTwoOptions_IsValid" fullname="NovelCore.Tests.Editor.Data.ChoiceDataTests.ChoiceData_CreatedWithTwoOptions_IsValid" methodname="ChoiceData_CreatedWithTwoOptions_IsValid" classname="NovelCore.Tests.Editor.Data.ChoiceDataTests" runstate="Runnable" seed="99402516" result="Passed" start-time="2026-03-09 18:46:15Z" end-time="2026-03-09 18:46:15Z" duration="0.001390" asserts="0">
                  <properties>
                    <property name="retryIteration" value="0" />
                    <property name="repeatIteration" value="0" />
                  </properties>
                </test-case>
                <test-case id="1029" name="ChoiceData_DefaultTimerSeconds_IsZero" fullname="NovelCore.Tests.Editor.Data.ChoiceDataTests.ChoiceData_DefaultTimerSeconds_IsZero" methodname="ChoiceData_DefaultTimerSeconds_IsZero" classname="NovelCore.Tests.Editor.Data.ChoiceDataTests" runstate="Runnable" seed="948454237" result="Passed" start-time="2026-03-09 18:46:15Z" end-time="2026-03-09 18:46:15Z" duration="0.000487" asserts="0">
                  <properties>
                    <property name="retryIteration" value="0" />
                    <property name="repeatIteration" value="0" />
                  </properties>
                </test-case>
                <test-case id="1026" name="ChoiceData_WithDuplicateOptionIds_ValidateFails" fullname="NovelCore.Tests.Editor.Data.ChoiceDataTests.ChoiceData_WithDuplicateOptionIds_ValidateFails" methodname="ChoiceData_WithDuplicateOptionIds_ValidateFails" classname="NovelCore.Tests.Editor.Data.ChoiceDataTests" runstate="Runnable" seed="1368534618" result="Passed" start-time="2026-03-09 18:46:15Z" end-time="2026-03-09 18:46:15Z" duration="0.000606" asserts="0">
                  <properties>
                    <property name="retryIteration" value="0" />
                    <property name="repeatIteration" value="0" />
                  </properties>
                  <output><![CDATA[ChoiceData : Duplicate option IDs found
]]></output>
                </test-case>
                <test-case id="1023" name="ChoiceData_WithEmptyChoiceId_ValidateFails" fullname="NovelCore.Tests.Editor.Data.ChoiceDataTests.ChoiceData_WithEmptyChoiceId_ValidateFails" methodname="ChoiceData_WithEmptyChoiceId_ValidateFails" classname="NovelCore.Tests.Editor.Data.ChoiceDataTests" runstate="Runnable" seed="464112889" result="Passed" start-time="2026-03-09 18:46:15Z" end-time="2026-03-09 18:46:15Z" duration="0.000567" asserts="0">
                  <properties>
                    <property name="retryIteration" value="0" />
                    <property name="repeatIteration" value="0" />
                  </properties>
                  <output><![CDATA[ChoiceData : choiceId is required
]]></output>
                </test-case>
                <test-case id="1024" name="ChoiceData_WithOneOption_ValidateFails" fullname="NovelCore.Tests.Editor.Data.ChoiceDataTests.ChoiceData_WithOneOption_ValidateFails" methodname="ChoiceData_WithOneOption_ValidateFails" classname="NovelCore.Tests.Editor.Data.ChoiceDataTests" runstate="Runnable" seed="1892160812" result="Passed" start-time="2026-03-09 18:46:15Z" end-time="2026-03-09 18:46:15Z" duration="0.000530" asserts="0">
                  <properties>
                    <property name="retryIteration" value="0" />
                    <property name="repeatIteration" value="0" />
                  </properties>
                  <output><![CDATA[ChoiceData : Must have between 2 and 6 options
]]></output>
                </test-case>
                <test-case id="1025" name="ChoiceData_WithSevenOptions_ValidateFails" fullname="NovelCore.Tests.Editor.Data.ChoiceDataTests.ChoiceData_WithSevenOptions_ValidateFails" methodname="ChoiceData_WithSevenOptions_ValidateFails" classname="NovelCore.Tests.Editor.Data.ChoiceDataTests" runstate="Runnable" seed="665127614" result="Passed" start-time="2026-03-09 18:46:15Z" end-time="2026-03-09 18:46:15Z" duration="0.000636" asserts="0">
                  <properties>
                    <property name="retryIteration" value="0" />
                    <property name="repeatIteration" value="0" />
                  </properties>
                  <output><![CDATA[ChoiceData : Must have between 2 and 6 options
]]></output>
                </test-case>
                <test-case id="1027" name="ChoiceData_WithTimer_StoresTimerValues" fullname="NovelCore.Tests.Editor.Data.ChoiceDataTests.ChoiceData_WithTimer_StoresTimerValues" methodname="ChoiceData_WithTimer_StoresTimerValues" classname="NovelCore.Tests.Editor.Data.ChoiceDataTests" runstate="Runnable" seed="2090191663" result="Passed" start-time="2026-03-09 18:46:15Z" end-time="2026-03-09 18:46:15Z" duration="0.000921" asserts="0">
                  <properties>
                    <property name="retryIteration" value="0" />
                    <property name="repeatIteration" value="0" />
                  </properties>
                </test-case>
                <test-case id="1028" name="ChoiceData_WithTimerAndInvalidDefaultIndex_ValidateFails" fullname="NovelCore.Tests.Editor.Data.ChoiceDataTests.ChoiceData_WithTimerAndInvalidDefaultIndex_ValidateFails" methodname="ChoiceData_WithTimerAndInvalidDefaultIndex_ValidateFails" classname="NovelCore.Tests.Editor.Data.ChoiceDataTests" runstate="Runnable" seed="1571533002" result="Passed" start-time="2026-03-09 18:46:15Z" end-time="2026-03-09 18:46:15Z" duration="0.000594" asserts="0">
                  <properties>
                    <property name="retryIteration" value="0" />
                    <property name="repeatIteration" value="0" />
                  </properties>
                  <output><![CDATA[ChoiceData : Invalid defaultOptionIndex for timed choice
]]></output>
                </test-case>
              </test-suite>
              <test-suite type="TestFixture" id="1030" name="DialogueLineDataTests" fullname="NovelCore.Tests.Editor.Data.DialogueLineDataTests" classname="NovelCore.Tests.Editor.Data.DialogueLineDataTests" runstate="Runnable" testcasecount="9" result="Passed" start-time="2026-03-09 18:46:15Z" end-time="2026-03-09 18:46:15Z" duration="0.005296" total="9" passed="9" failed="0" inconclusive="0" skipped="0" asserts="0">
                <properties />
                <test-case id="1031" name="DialogueLineData_CreatedWithValidData_IsValid" fullname="NovelCore.Tests.Editor.Data.DialogueLineDataTests.DialogueLineData_CreatedWithValidData_IsValid" methodname="DialogueLineData_CreatedWithValidData_IsValid" classname="NovelCore.Tests.Editor.Data.DialogueLineDataTests" runstate="Runnable" seed="211834091" result="Passed" start-time="2026-03-09 18:46:15Z" end-time="2026-03-09 18:46:15Z" duration="0.000306" asserts="0">
                  <properties>
                    <property name="retryIteration" value="0" />
                    <property name="repeatIteration" value="0" />
                  </properties>
                </test-case>
                <test-case id="1037" name="DialogueLineData_DefaultDisplayDuration_IsNegativeOne" fullname="NovelCore.Tests.Editor.Data.DialogueLineDataTests.DialogueLineData_DefaultDisplayDuration_IsNegativeOne" methodname="DialogueLineData_DefaultDisplayDuration_IsNegativeOne" classname="NovelCore.Tests.Editor.Data.DialogueLineDataTests" runstate="Runnable" seed="1798575428" result="Passed" start-time="2026-03-09 18:46:15Z" end-time="2026-03-09 18:46:15Z" duration="0.000155" asserts="0">
                  <properties>
                    <property name="retryIteration" value="0" />
                    <property name="repeatIteration" value="0" />
                  </properties>
                </test-case>
                <test-case id="1038" name="DialogueLineData_DefaultEmotion_IsNeutral" fullname="NovelCore.Tests.Editor.Data.DialogueLineDataTests.DialogueLineData_DefaultEmotion_IsNeutral" methodname="DialogueLineData_DefaultEmotion_IsNeutral" classname="NovelCore.Tests.Editor.Data.DialogueLineDataTests" runstate="Runnable" seed="2076818947" result="Passed" start-time="2026-03-09 18:46:15Z" end-time="2026-03-09 18:46:15Z" duration="0.000181" asserts="0">
                  <properties>
                    <property name="retryIteration" value="0" />
                    <property name="repeatIteration" value="0" />
                  </properties>
                </test-case>
                <test-case id="1035" name="DialogueLineData_WithActionButNoParameters_ShowsWarning" fullname="NovelCore.Tests.Editor.Data.DialogueLineDataTests.DialogueLineData_WithActionButNoParameters_ShowsWarning" methodname="DialogueLineData_WithActionButNoParameters_ShowsWarning" classname="NovelCore.Tests.Editor.Data.DialogueLineDataTests" runstate="Runnable" seed="660213048" result="Passed" start-time="2026-03-09 18:46:15Z" end-time="2026-03-09 18:46:15Z" duration="0.000685" asserts="0">
                  <properties>
                    <property name="retryIteration" value="0" />
                    <property name="repeatIteration" value="0" />
                  </properties>
                  <output><![CDATA[DialogueLineData : Character action specified but no parameters provided
]]></output>
                </test-case>
                <test-case id="1034" name="DialogueLineData_WithCharacterAction_ReturnsCorrectAction" fullname="NovelCore.Tests.Editor.Data.DialogueLineDataTests.DialogueLineData_WithCharacterAction_ReturnsCorrectAction" methodname="DialogueLineData_WithCharacterAction_ReturnsCorrectAction" classname="NovelCore.Tests.Editor.Data.DialogueLineDataTests" runstate="Runnable" seed="2117691250" result="Passed" start-time="2026-03-09 18:46:15Z" end-time="2026-03-09 18:46:15Z" duration="0.000237" asserts="0">
                  <properties>
                    <property name="retryIteration" value="0" />
                    <property name="repeatIteration" value="0" />
                  </properties>
                </test-case>
                <test-case id="1036" name="DialogueLineData_WithDisplayDuration_ReturnsCorrectValue" fullname="NovelCore.Tests.Editor.Data.DialogueLineDataTests.DialogueLineData_WithDisplayDuration_ReturnsCorrectValue" methodname="DialogueLineData_WithDisplayDuration_ReturnsCorrectValue" classname="NovelCore.Tests.Editor.Data.DialogueLineDataTests" runstate="Runnable" seed="1238896573" result="Passed" start-time="2026-03-09 18:46:15Z" end-time="2026-03-09 18:46:15Z" duration="0.000215" asserts="0">
                  <properties>
                    <property name="retryIteration" value="0" />
                    <property name="repeatIteration" value="0" />
                  </properties>
                </test-case>
                <test-case id="1032" name="DialogueLineData_WithEmptyLineId_ValidateFails" fullname="NovelCore.Tests.Editor.Data.DialogueLineDataTests.DialogueLineData_WithEmptyLineId_ValidateFails" methodname="DialogueLineData_WithEmptyLineId_ValidateFails" classname="NovelCore.Tests.Editor.Data.DialogueLineDataTests" runstate="Runnable" seed="617003977" result="Passed" start-time="2026-03-09 18:46:15Z" end-time="2026-03-09 18:46:15Z" duration="0.000649" asserts="0">
                  <properties>
                    <property name="retryIteration" value="0" />
                    <property name="repeatIteration" value="0" />
                  </properties>
                  <output><![CDATA[DialogueLineData : lineId is required
]]></output>
                </test-case>
                <test-case id="1033" name="DialogueLineData_WithEmptyTextKey_ShowsWarning" fullname="NovelCore.Tests.Editor.Data.DialogueLineDataTests.DialogueLineData_WithEmptyTextKey_ShowsWarning" methodname="DialogueLineData_WithEmptyTextKey_ShowsWarning" classname="NovelCore.Tests.Editor.Data.DialogueLineDataTests" runstate="Runnable" seed="1442911205" result="Passed" start-time="2026-03-09 18:46:15Z" end-time="2026-03-09 18:46:15Z" duration="0.000515" asserts="0">
                  <properties>
                    <property name="retryIteration" value="0" />
                    <property name="repeatIteration" value="0" />
                  </properties>
                  <output><![CDATA[DialogueLineData : textKey is empty, using fallback text
]]></output>
                </test-case>
                <test-case id="1039" name="DialogueLineData_WithSoundEffect_ReturnsAssetReference" fullname="NovelCore.Tests.Editor.Data.DialogueLineDataTests.DialogueLineData_WithSoundEffect_ReturnsAssetReference" methodname="DialogueLineData_WithSoundEffect_ReturnsAssetReference" classname="NovelCore.Tests.Editor.Data.DialogueLineDataTests" runstate="Runnable" seed="32560285" result="Passed" start-time="2026-03-09 18:46:15Z" end-time="2026-03-09 18:46:15Z" duration="0.000196" asserts="0">
                  <properties>
                    <property name="retryIteration" value="0" />
                    <property name="repeatIteration" value="0" />
                  </properties>
                </test-case>
              </test-suite>
              <test-suite type="TestFixture" id="1040" name="SceneDataNextSceneTests" fullname="NovelCore.Tests.Editor.Data.SceneDataNextSceneTests" classname="NovelCore.Tests.Editor.Data.SceneDataNextSceneTests" runstate="Runnable" testcasecount="5" result="Passed" start-time="2026-03-09 18:46:15Z" end-time="2026-03-09 18:46:15Z" duration="0.003362" total="5" passed="5" failed="0" inconclusive="0" skipped="0" asserts="0">
                <properties />
                <test-case id="1042" name="NextScene_WhenNotSet_ReturnsNull" fullname="NovelCore.Tests.Editor.Data.SceneDataNextSceneTests.NextScene_WhenNotSet_ReturnsNull" methodname="NextScene_WhenNotSet_ReturnsNull" classname="NovelCore.Tests.Editor.Data.SceneDataNextSceneTests" runstate="Runnable" seed="741074200" result="Passed" start-time="2026-03-09 18:46:15Z" end-time="2026-03-09 18:46:15Z" duration="0.000175" asserts="0">
                  <properties>
                    <property name="retryIteration" value="0" />
                    <property name="repeatIteration" value="0" />
                  </properties>
                </test-case>
                <test-case id="1041" name="NextScene_WhenSet_ReturnsCorrectReference" fullname="NovelCore.Tests.Editor.Data.SceneDataNextSceneTests.NextScene_WhenSet_ReturnsCorrectReference" methodname="NextScene_WhenSet_ReturnsCorrectReference" classname="NovelCore.Tests.Editor.Data.SceneDataNextSceneTests" runstate="Runnable" seed="1232709941" result="Passed" start-time="2026-03-09 18:46:15Z" end-time="2026-03-09 18:46:15Z" duration="0.000162" asserts="0">
                  <properties>
                    <property name="retryIteration" value="0" />
                    <property name="repeatIteration" value="0" />
                  </properties>
                </test-case>
                <test-case id="1044" name="SceneData_CanHaveNullNextScene_WithoutErrors" fullname="NovelCore.Tests.Editor.Data.SceneDataNextSceneTests.SceneData_CanHaveNullNextScene_WithoutErrors" methodname="SceneData_CanHaveNullNextScene_WithoutErrors" classname="NovelCore.Tests.Editor.Data.SceneDataNextSceneTests" runstate="Runnable" seed="339054474" result="Passed" start-time="2026-03-09 18:46:15Z" end-time="2026-03-09 18:46:15Z" duration="0.000836" asserts="0">
                  <properties>
                    <property name="retryIteration" value="0" />
                    <property name="repeatIteration" value="0" />
                  </properties>
                </test-case>
                <test-case id="1045" name="SceneData_NextSceneProperty_IsReadOnly" fullname="NovelCore.Tests.Editor.Data.SceneDataNextSceneTests.SceneData_NextSceneProperty_IsReadOnly" methodname="SceneData_NextSceneProperty_IsReadOnly" classname="NovelCore.Tests.Editor.Data.SceneDataNextSceneTests" runstate="Runnable" seed="2143626981" result="Passed" start-time="2026-03-09 18:46:15Z" end-time="2026-03-09 18:46:15Z" duration="0.000303" asserts="0">
                  <properties>
                    <property name="retryIteration" value="0" />
                    <property name="repeatIteration" value="0" />
                  </properties>
                </test-case>
                <test-case id="1043" name="SceneData_WithNextScene_HasCorrectProperty" fullname="NovelCore.Tests.Editor.Data.SceneDataNextSceneTests.SceneData_WithNextScene_HasCorrectProperty" methodname="SceneData_WithNextScene_HasCorrectProperty" classname="NovelCore.Tests.Editor.Data.SceneDataNextSceneTests" runstate="Runnable" seed="5607329" result="Passed" start-time="2026-03-09 18:46:15Z" end-time="2026-03-09 18:46:15Z" duration="0.000150" asserts="0">
                  <properties>
                    <property name="retryIteration" value="0" />
                    <property name="repeatIteration" value="0" />
                  </properties>
                </test-case>
              </test-suite>
              <test-suite type="TestFixture" id="1046" name="SceneDataTests" fullname="NovelCore.Tests.Editor.Data.SceneDataTests" classname="NovelCore.Tests.Editor.Data.SceneDataTests" runstate="Runnable" testcasecount="8" result="Passed" start-time="2026-03-09 18:46:15Z" end-time="2026-03-09 18:46:15Z" duration="0.003904" total="8" passed="8" failed="0" inconclusive="0" skipped="0" asserts="0">
                <properties />
                <test-case id="1047" name="SceneData_CreatedWithValidData_IsValid" fullname="NovelCore.Tests.Editor.Data.SceneDataTests.SceneData_CreatedWithValidData_IsValid" methodname="SceneData_CreatedWithValidData_IsValid" classname="NovelCore.Tests.Editor.Data.SceneDataTests" runstate="Runnable" seed="1033184018" result="Passed" start-time="2026-03-09 18:46:15Z" end-time="2026-03-09 18:46:15Z" duration="0.000265" asserts="0">
                  <properties>
                    <property name="retryIteration" value="0" />
                    <property name="repeatIteration" value="0" />
                  </properties>
                </test-case>
                <test-case id="1054" name="SceneData_DefaultAutoAdvance_IsFalse" fullname="NovelCore.Tests.Editor.Data.SceneDataTests.SceneData_DefaultAutoAdvance_IsFalse" methodname="SceneData_DefaultAutoAdvance_IsFalse" classname="NovelCore.Tests.Editor.Data.SceneDataTests" runstate="Runnable" seed="1541437056" result="Passed" start-time="2026-03-09 18:46:15Z" end-time="2026-03-09 18:46:15Z" duration="0.000223" asserts="0">
                  <properties>
                    <property name="retryIteration" value="0" />
                    <property name="repeatIteration" value="0" />
                  </properties>
                </test-case>
                <test-case id="1053" name="SceneData_DefaultTransitionDuration_IsHalfSecond" fullname="NovelCore.Tests.Editor.Data.SceneDataTests.SceneData_DefaultTransitionDuration_IsHalfSecond" methodname="SceneData_DefaultTransitionDuration_IsHalfSecond" classname="NovelCore.Tests.Editor.Data.SceneDataTests" runstate="Runnable" seed="1453250634" result="Passed" start-time="2026-03-09 18:46:15Z" end-time="2026-03-09 18:46:15Z" duration="0.000148" asserts="0">
                  <properties>
                    <property name="retryIteration" value="0" />
                    <property name="repeatIteration" value="0" />
                  </properties>
                </test-case>
                <test-case id="1051" name="SceneData_WithAutoAdvance_ReturnsCorrectValues" fullname="NovelCore.Tests.Editor.Data.SceneDataTests.SceneData_WithAutoAdvance_ReturnsCorrectValues" methodname="SceneData_WithAutoAdvance_ReturnsCorrectValues" classname="NovelCore.Tests.Editor.Data.SceneDataTests" runstate="Runnable" seed="2095711811" result="Passed" start-time="2026-03-09 18:46:15Z" end-time="2026-03-09 18:46:15Z" duration="0.000280" asserts="0">
                  <properties>
                    <property name="retryIteration" value="0" />
                    <property name="repeatIteration" value="0" />
                  </properties>
                </test-case>
                <test-case id="1052" name="SceneData_WithCharacters_ReturnsCharactersList" fullname="NovelCore.Tests.Editor.Data.SceneDataTests.SceneData_WithCharacters_ReturnsCharactersList" methodname="SceneData_WithCharacters_ReturnsCharactersList" classname="NovelCore.Tests.Editor.Data.SceneDataTests" runstate="Runnable" seed="1364296361" result="Passed" start-time="2026-03-09 18:46:15Z" end-time="2026-03-09 18:46:15Z" duration="0.000537" asserts="0">
                  <properties>
                    <property name="retryIteration" value="0" />
                    <property name="repeatIteration" value="0" />
                  </properties>
                </test-case>
                <test-case id="1048" name="SceneData_WithEmptySceneId_ValidateFails" fullname="NovelCore.Tests.Editor.Data.SceneDataTests.SceneData_WithEmptySceneId_ValidateFails" methodname="SceneData_WithEmptySceneId_ValidateFails" classname="NovelCore.Tests.Editor.Data.SceneDataTests" runstate="Runnable" seed="1524946421" result="Passed" start-time="2026-03-09 18:46:15Z" end-time="2026-03-09 18:46:15Z" duration="0.000666" asserts="0">
                  <properties>
                    <property name="retryIteration" value="0" />
                    <property name="repeatIteration" value="0" />
                  </properties>
                  <output><![CDATA[SceneData : sceneId is required
]]></output>
                </test-case>
                <test-case id="1049" name="SceneData_WithoutDialogueOrChoices_ShowsWarning" fullname="NovelCore.Tests.Editor.Data.SceneDataTests.SceneData_WithoutDialogueOrChoices_ShowsWarning" methodname="SceneData_WithoutDialogueOrChoices_ShowsWarning" classname="NovelCore.Tests.Editor.Data.SceneDataTests" runstate="Runnable" seed="248768514" result="Passed" start-time="2026-03-09 18:46:15Z" end-time="2026-03-09 18:46:15Z" duration="0.000549" asserts="0">
                  <properties>
                    <property name="retryIteration" value="0" />
                    <property name="repeatIteration" value="0" />
                  </properties>
                  <output><![CDATA[SceneData : No dialogue or choices defined
]]></output>
                </test-case>
                <test-case id="1050" name="SceneData_WithTransitionType_ReturnsCorrectValue" fullname="NovelCore.Tests.Editor.Data.SceneDataTests.SceneData_WithTransitionType_ReturnsCorrectValue" methodname="SceneData_WithTransitionType_ReturnsCorrectValue" classname="NovelCore.Tests.Editor.Data.SceneDataTests" runstate="Runnable" seed="452054968" result="Passed" start-time="2026-03-09 18:46:15Z" end-time="2026-03-09 18:46:15Z" duration="0.000156" asserts="0">
                  <properties>
                    <property name="retryIteration" value="0" />
                    <property name="repeatIteration" value="0" />
                  </properties>
                </test-case>
              </test-suite>
              <test-suite type="TestFixture" id="1055" name="SceneDataValidationTests" fullname="NovelCore.Tests.Editor.Data.SceneDataValidationTests" classname="NovelCore.Tests.Editor.Data.SceneDataValidationTests" runstate="Runnable" testcasecount="5" result="Passed" start-time="2026-03-09 18:46:15Z" end-time="2026-03-09 18:46:15Z" duration="0.005446" total="5" passed="5" failed="0" inconclusive="0" skipped="0" asserts="0">
                <properties />
                <test-case id="1060" name="SceneData_NextSceneProperty_ReturnsCorrectValue" fullname="NovelCore.Tests.Editor.Data.SceneDataValidationTests.SceneData_NextSceneProperty_ReturnsCorrectValue" methodname="SceneData_NextSceneProperty_ReturnsCorrectValue" classname="NovelCore.Tests.Editor.Data.SceneDataValidationTests" runstate="Runnable" seed="1827236327" result="Passed" start-time="2026-03-09 18:46:15Z" end-time="2026-03-09 18:46:15Z" duration="0.000253" asserts="0">
                  <properties>
                    <property name="retryIteration" value="0" />
                    <property name="repeatIteration" value="0" />
                  </properties>
                </test-case>
                <test-case id="1058" name="SceneData_WithBothChoicesAndNextScene_ShowsWarning" fullname="NovelCore.Tests.Editor.Data.SceneDataValidationTests.SceneData_WithBothChoicesAndNextScene_ShowsWarning" methodname="SceneData_WithBothChoicesAndNextScene_ShowsWarning" classname="NovelCore.Tests.Editor.Data.SceneDataValidationTests" runstate="Runnable" seed="627490373" result="Passed" start-time="2026-03-09 18:46:15Z" end-time="2026-03-09 18:46:15Z" duration="0.000916" asserts="0">
                  <properties>
                    <property name="retryIteration" value="0" />
                    <property name="repeatIteration" value="0" />
                  </properties>
                </test-case>
                <test-case id="1059" name="SceneData_WithNoDialogueOrChoices_ShowsWarning" fullname="NovelCore.Tests.Editor.Data.SceneDataValidationTests.SceneData_WithNoDialogueOrChoices_ShowsWarning" methodname="SceneData_WithNoDialogueOrChoices_ShowsWarning" classname="NovelCore.Tests.Editor.Data.SceneDataValidationTests" runstate="Runnable" seed="373223789" result="Passed" start-time="2026-03-09 18:46:15Z" end-time="2026-03-09 18:46:15Z" duration="0.000728" asserts="0">
                  <properties>
                    <property name="retryIteration" value="0" />
                    <property name="repeatIteration" value="0" />
                  </properties>
                  <output><![CDATA[SceneData : No dialogue or choices defined
]]></output>
                </test-case>
                <test-case id="1057" name="SceneData_WithoutSceneId_FailsValidation" fullname="NovelCore.Tests.Editor.Data.SceneDataValidationTests.SceneData_WithoutSceneId_FailsValidation" methodname="SceneData_WithoutSceneId_FailsValidation" classname="NovelCore.Tests.Editor.Data.SceneDataValidationTests" runstate="Runnable" seed="1160345331" result="Passed" start-time="2026-03-09 18:46:15Z" end-time="2026-03-09 18:46:15Z" duration="0.000796" asserts="0">
                  <properties>
                    <property name="retryIteration" value="0" />
                    <property name="repeatIteration" value="0" />
                  </properties>
                  <output><![CDATA[SceneData : sceneId is required
]]></output>
                </test-case>
                <test-case id="1056" name="SceneData_WithValidNextScene_PassesValidation" fullname="NovelCore.Tests.Editor.Data.SceneDataValidationTests.SceneData_WithValidNextScene_PassesValidation" methodname="SceneData_WithValidNextScene_PassesValidation" classname="NovelCore.Tests.Editor.Data.SceneDataValidationTests" runstate="Runnable" seed="2123181566" result="Passed" start-time="2026-03-09 18:46:15Z" end-time="2026-03-09 18:46:15Z" duration="0.000512" asserts="0">
                  <properties>
                    <property name="retryIteration" value="0" />
                    <property name="repeatIteration" value="0" />
                  </properties>
                  <output><![CDATA[SceneData : No dialogue or choices defined
]]></output>
                </test-case>
              </test-suite>
              <test-suite type="TestFixture" id="1061" name="SceneHistoryEntryTests" fullname="NovelCore.Tests.Editor.Data.SceneHistoryEntryTests" classname="NovelCore.Tests.Editor.Data.SceneHistoryEntryTests" runstate="Runnable" testcasecount="11" result="Passed" start-time="2026-03-09 18:46:15Z" end-time="2026-03-09 18:46:15Z" duration="0.008432" total="11" passed="11" failed="0" inconclusive="0" skipped="0" asserts="0">
                <properties />
                <test-case id="1062" name="Constructor_ValidData_CreatesEntry" fullname="NovelCore.Tests.Editor.Data.SceneHistoryEntryTests.Constructor_ValidData_CreatesEntry" methodname="Constructor_ValidData_CreatesEntry" classname="NovelCore.Tests.Editor.Data.SceneHistoryEntryTests" runstate="Runnable" seed="944494858" result="Passed" start-time="2026-03-09 18:46:15Z" end-time="2026-03-09 18:46:15Z" duration="0.001865" asserts="0">
                  <properties>
                    <property name="retryIteration" value="0" />
                    <property name="repeatIteration" value="0" />
                  </properties>
                </test-case>
                <test-case id="1063" name="Constructor_WithGameState_StoresSnapshot" fullname="NovelCore.Tests.Editor.Data.SceneHistoryEntryTests.Constructor_WithGameState_StoresSnapshot" methodname="Constructor_WithGameState_StoresSnapshot" classname="NovelCore.Tests.Editor.Data.SceneHistoryEntryTests" runstate="Runnable" seed="1606815298" result="Passed" start-time="2026-03-09 18:46:15Z" end-time="2026-03-09 18:46:15Z" duration="0.000361" asserts="0">
                  <properties>
                    <property name="retryIteration" value="0" />
                    <property name="repeatIteration" value="0" />
                  </properties>
                </test-case>
                <test-case id="1065" name="IsValid_EmptySceneId_ReturnsFalse" fullname="NovelCore.Tests.Editor.Data.SceneHistoryEntryTests.IsValid_EmptySceneId_ReturnsFalse" methodname="IsValid_EmptySceneId_ReturnsFalse" classname="NovelCore.Tests.Editor.Data.SceneHistoryEntryTests" runstate="Runnable" seed="921770503" result="Passed" start-time="2026-03-09 18:46:15Z" end-time="2026-03-09 18:46:15Z" duration="0.000201" asserts="0">
                  <properties>
                    <property name="retryIteration" value="0" />
                    <property name="repeatIteration" value="0" />
                  </properties>
                </test-case>
                <test-case id="1067" name="IsValid_NegativeDialogueIndex_ReturnsFalse" fullname="NovelCore.Tests.Editor.Data.SceneHistoryEntryTests.IsValid_NegativeDialogueIndex_ReturnsFalse" methodname="IsValid_NegativeDialogueIndex_ReturnsFalse" classname="NovelCore.Tests.Editor.Data.SceneHistoryEntryTests" runstate="Runnable" seed="687921283" result="Passed" start-time="2026-03-09 18:46:15Z" end-time="2026-03-09 18:46:15Z" duration="0.000095" asserts="0">
                  <properties>
                    <property name="retryIteration" value="0" />
                    <property name="repeatIteration" value="0" />
                  </properties>
                </test-case>
                <test-case id="1066" name="IsValid_NullSceneId_ReturnsFalse" fullname="NovelCore.Tests.Editor.Data.SceneHistoryEntryTests.IsValid_NullSceneId_ReturnsFalse" methodname="IsValid_NullSceneId_ReturnsFalse" classname="NovelCore.Tests.Editor.Data.SceneHistoryEntryTests" runstate="Runnable" seed="1340747722" result="Passed" start-time="2026-03-09 18:46:15Z" end-time="2026-03-09 18:46:15Z" duration="0.000129" asserts="0">
                  <properties>
                    <property name="retryIteration" value="0" />
                    <property name="repeatIteration" value="0" />
                  </properties>
                </test-case>
                <test-case id="1064" name="IsValid_ValidEntry_ReturnsTrue" fullname="NovelCore.Tests.Editor.Data.SceneHistoryEntryTests.IsValid_ValidEntry_ReturnsTrue" methodname="IsValid_ValidEntry_ReturnsTrue" classname="NovelCore.Tests.Editor.Data.SceneHistoryEntryTests" runstate="Runnable" seed="390943247" result="Passed" start-time="2026-03-09 18:46:15Z" end-time="2026-03-09 18:46:15Z" duration="0.000111" asserts="0">
                  <properties>
                    <property name="retryIteration" value="0" />
                    <property name="repeatIteration" value="0" />
                  </properties>
                </test-case>
                <test-case id="1069" name="JsonDeserialization_RestoresBasicFields" fullname="NovelCore.Tests.Editor.Data.SceneHistoryEntryTests.JsonDeserialization_RestoresBasicFields" methodname="JsonDeserialization_RestoresBasicFields" classname="NovelCore.Tests.Editor.Data.SceneHistoryEntryTests" runstate="Runnable" seed="1192731515" result="Passed" start-time="2026-03-09 18:46:15Z" end-time="2026-03-09 18:46:15Z" duration="0.000352" asserts="0">
                  <properties>
                    <property name="retryIteration" value="0" />
                    <property name="repeatIteration" value="0" />
                  </properties>
                </test-case>
                <test-case id="1072" name="JsonSerialization_MaxValues_SerializesCorrectly" fullname="NovelCore.Tests.Editor.Data.SceneHistoryEntryTests.JsonSerialization_MaxValues_SerializesCorrectly" methodname="JsonSerialization_MaxValues_SerializesCorrectly" classname="NovelCore.Tests.Editor.Data.SceneHistoryEntryTests" runstate="Runnable" seed="931374541" result="Passed" start-time="2026-03-09 18:46:15Z" end-time="2026-03-09 18:46:15Z" duration="0.000190" asserts="0">
                  <properties>
                    <property name="retryIteration" value="0" />
                    <property name="repeatIteration" value="0" />
                  </properties>
                </test-case>
                <test-case id="1071" name="JsonSerialization_MultipleEntries_SerializesAsArray" fullname="NovelCore.Tests.Editor.Data.SceneHistoryEntryTests.JsonSerialization_MultipleEntries_SerializesAsArray" methodname="JsonSerialization_MultipleEntries_SerializesAsArray" classname="NovelCore.Tests.Editor.Data.SceneHistoryEntryTests" runstate="Runnable" seed="1205763317" result="Passed" start-time="2026-03-09 18:46:15Z" end-time="2026-03-09 18:46:15Z" duration="0.000733" asserts="0">
                  <properties>
                    <property name="retryIteration" value="0" />
                    <property name="repeatIteration" value="0" />
                  </properties>
                  <output><![CDATA[Serialized history: {"history":[{"sceneId":"scene_001","dialogueLineIndex":0,"timestamp":639086787755385480},{"sceneId":"scene_002","dialogueLineIndex":5,"timestamp":639086787755385540},{"sceneId":"scene_003","dialogueLineIndex":10,"timestamp":639086787755385560}],"currentIndex":-1,"maxHistorySize":50}
]]></output>
                </test-case>
                <test-case id="1068" name="JsonSerialization_PreservesFields" fullname="NovelCore.Tests.Editor.Data.SceneHistoryEntryTests.JsonSerialization_PreservesFields" methodname="JsonSerialization_PreservesFields" classname="NovelCore.Tests.Editor.Data.SceneHistoryEntryTests" runstate="Runnable" seed="1651535959" result="Passed" start-time="2026-03-09 18:46:15Z" end-time="2026-03-09 18:46:15Z" duration="0.000471" asserts="0">
                  <properties>
                    <property name="retryIteration" value="0" />
                    <property name="repeatIteration" value="0" />
                  </properties>
                  <output><![CDATA[Serialized entry: {"sceneId":"scene_002","dialogueLineIndex":10,"timestamp":639086787755392740}
]]></output>
                </test-case>
                <test-case id="1070" name="JsonSerialization_SceneDataNotSerialized" fullname="NovelCore.Tests.Editor.Data.SceneHistoryEntryTests.JsonSerialization_SceneDataNotSerialized" methodname="JsonSerialization_SceneDataNotSerialized" classname="NovelCore.Tests.Editor.Data.SceneHistoryEntryTests" runstate="Runnable" seed="778726937" result="Passed" start-time="2026-03-09 18:46:15Z" end-time="2026-03-09 18:46:15Z" duration="0.000189" asserts="0">
                  <properties>
                    <property name="retryIteration" value="0" />
                    <property name="repeatIteration" value="0" />
                  </properties>
                </test-case>
              </test-suite>
            </test-suite>
            <test-suite type="TestFixture" id="1001" name="SampleTest" fullname="NovelCore.Tests.Editor.SampleTest" classname="NovelCore.Tests.Editor.SampleTest" runstate="Runnable" testcasecount="4" result="Passed" start-time="2026-03-09 18:46:15Z" end-time="2026-03-09 18:46:15Z" duration="0.002508" total="4" passed="4" failed="0" inconclusive="0" skipped="0" asserts="0">
              <properties />
              <test-case id="1004" name="CharacterDataBuilder_CreatesValidCharacterData" fullname="NovelCore.Tests.Editor.SampleTest.CharacterDataBuilder_CreatesValidCharacterData" methodname="CharacterDataBuilder_CreatesValidCharacterData" classname="NovelCore.Tests.Editor.SampleTest" runstate="Runnable" seed="905445545" result="Passed" start-time="2026-03-09 18:46:15Z" end-time="2026-03-09 18:46:15Z" duration="0.000241" asserts="0">
                <properties>
                  <property name="retryIteration" value="0" />
                  <property name="repeatIteration" value="0" />
                </properties>
              </test-case>
              <test-case id="1005" name="DialogueLineDataBuilder_CreatesValidDialogueLineData" fullname="NovelCore.Tests.Editor.SampleTest.DialogueLineDataBuilder_CreatesValidDialogueLineData" methodname="DialogueLineDataBuilder_CreatesValidDialogueLineData" classname="NovelCore.Tests.Editor.SampleTest" runstate="Runnable" seed="1150890628" result="Passed" start-time="2026-03-09 18:46:15Z" end-time="2026-03-09 18:46:15Z" duration="0.000322" asserts="0">
                <properties>
                  <property name="retryIteration" value="0" />
                  <property name="repeatIteration" value="0" />
                </properties>
              </test-case>
              <test-case id="1002" name="SampleTest_Infrastructure_Works" fullname="NovelCore.Tests.Editor.SampleTest.SampleTest_Infrastructure_Works" methodname="SampleTest_Infrastructure_Works" classname="NovelCore.Tests.Editor.SampleTest" runstate="Runnable" seed="1263882966" result="Passed" start-time="2026-03-09 18:46:15Z" end-time="2026-03-09 18:46:15Z" duration="0.000237" asserts="0">
                <properties>
                  <property name="retryIteration" value="0" />
                  <property name="repeatIteration" value="0" />
                </properties>
              </test-case>
              <test-case id="1003" name="SceneDataBuilder_CreatesValidSceneData" fullname="NovelCore.Tests.Editor.SampleTest.SceneDataBuilder_CreatesValidSceneData" methodname="SceneDataBuilder_CreatesValidSceneData" classname="NovelCore.Tests.Editor.SampleTest" runstate="Runnable" seed="524927725" result="Passed" start-time="2026-03-09 18:46:15Z" end-time="2026-03-09 18:46:15Z" duration="0.000400" asserts="0">
                <properties>
                  <property name="retryIteration" value="0" />
                  <property name="repeatIteration" value="0" />
                </properties>
              </test-case>
            </test-suite>
          </test-suite>
        </test-suite>
      </test-suite>
    </test-suite>
    <test-suite type="Assembly" id="1120" name="Unity.Addressables.DocExampleCode.Editor.Tests.dll" fullname="/Users/selstrom/work/projects/novel-core/novel-core/novel-core/Library/ScriptAssemblies/Unity.Addressables.DocExampleCode.Editor.Tests.dll" runstate="Runnable" testcasecount="1" result="Passed" start-time="2026-03-09 18:46:15Z" end-time="2026-03-09 18:46:15Z" duration="0.001009" total="1" passed="1" failed="0" inconclusive="0" skipped="0" asserts="0">
      <properties>
        <property name="_PID" value="30272" />
        <property name="_APPDOMAIN" value="Unity Child Domain" />
        <property name="platform" value="EditMode" />
        <property name="EditorOnly" value="True" />
      </properties>
      <test-suite type="TestSuite" id="1121" name="AddressableAssets" fullname="AddressableAssets" runstate="Runnable" testcasecount="1" result="Passed" start-time="2026-03-09 18:46:15Z" end-time="2026-03-09 18:46:15Z" duration="0.000780" total="1" passed="1" failed="0" inconclusive="0" skipped="0" asserts="0">
        <properties />
        <test-suite type="TestSuite" id="1122" name="DocExampleCode" fullname="AddressableAssets.DocExampleCode" runstate="Runnable" testcasecount="1" result="Passed" start-time="2026-03-09 18:46:15Z" end-time="2026-03-09 18:46:15Z" duration="0.000701" total="1" passed="1" failed="0" inconclusive="0" skipped="0" asserts="0">
          <properties />
          <test-suite type="TestFixture" id="1118" name="TestStub" fullname="AddressableAssets.DocExampleCode.TestStub" classname="AddressableAssets.DocExampleCode.TestStub" runstate="Runnable" testcasecount="1" result="Passed" start-time="2026-03-09 18:46:15Z" end-time="2026-03-09 18:46:15Z" duration="0.000626" total="1" passed="1" failed="0" inconclusive="0" skipped="0" asserts="0">
            <properties />
            <test-case id="1119" name="RequiredTest" fullname="AddressableAssets.DocExampleCode.TestStub.RequiredTest" methodname="RequiredTest" classname="AddressableAssets.DocExampleCode.TestStub" runstate="Runnable" seed="834679050" result="Passed" start-time="2026-03-09 18:46:15Z" end-time="2026-03-09 18:46:15Z" duration="0.000102" asserts="0">
              <properties>
                <property name="retryIteration" value="0" />
                <property name="repeatIteration" value="0" />
              </properties>
              <output><![CDATA[Saving results to: /Users/selstrom/Library/Application Support/DefaultCompany/novel-core/TestResults.xml
]]></output>
            </test-case>
          </test-suite>
        </test-suite>
      </test-suite>
    </test-suite>
  </test-suite>
</test-run>