<?xml version="1.0" encoding="utf-8"?>
<test-run id="2" testcasecount="5" result="Passed" total="5" passed="5" failed="0" inconclusive="0" skipped="0" asserts="0" engine-version="3.5.0.0" clr-version="4.0.30319.42000" start-time="2026-03-09 18:01:03Z" end-time="2026-03-09 18:01:09Z" duration="6.0284788">
  <test-suite type="TestSuite" id="1111" name="novel-core" fullname="novel-core" runstate="Runnable" testcasecount="87" result="Passed" start-time="2026-03-09 18:01:03Z" end-time="2026-03-09 18:01:09Z" duration="6.028479" total="5" passed="5" failed="0" inconclusive="0" skipped="0" asserts="0">
    <properties>
      <property name="platform" value="PlayMode" />
    </properties>
    <test-suite type="Assembly" id="1099" name="NovelCore.Tests.Runtime.dll" fullname="/Users/selstrom/work/projects/novel-core/novel-core/novel-core/Library/ScriptAssemblies/NovelCore.Tests.Runtime.dll" runstate="Runnable" testcasecount="87" result="Passed" start-time="2026-03-09 18:01:03Z" end-time="2026-03-09 18:01:09Z" duration="6.024304" total="5" passed="5" failed="0" inconclusive="0" skipped="0" asserts="0">
      <properties>
        <property name="_PID" value="25533" />
        <property name="_APPDOMAIN" value="Unity Child Domain" />
        <property name="platform" value="PlayMode" />
        <property name="EditorOnly" value="False" />
      </properties>
      <test-suite type="TestSuite" id="1100" name="NovelCore" fullname="NovelCore" runstate="Runnable" testcasecount="87" result="Passed" start-time="2026-03-09 18:01:03Z" end-time="2026-03-09 18:01:09Z" duration="6.023920" total="5" passed="5" failed="0" inconclusive="0" skipped="0" asserts="0">
        <properties />
        <test-suite type="TestSuite" id="1101" name="Tests" fullname="NovelCore.Tests" runstate="Runnable" testcasecount="87" result="Passed" start-time="2026-03-09 18:01:03Z" end-time="2026-03-09 18:01:09Z" duration="6.023637" total="5" passed="5" failed="0" inconclusive="0" skipped="0" asserts="0">
          <properties />
          <test-suite type="TestSuite" id="1102" name="Runtime" fullname="NovelCore.Tests.Runtime" runstate="Runnable" testcasecount="87" result="Passed" start-time="2026-03-09 18:01:03Z" end-time="2026-03-09 18:01:09Z" duration="6.023327" total="5" passed="5" failed="0" inconclusive="0" skipped="0" asserts="0">
            <properties />
            <test-suite type="TestSuite" id="1105" name="Core" fullname="NovelCore.Tests.Runtime.Core" runstate="Runnable" testcasecount="41" result="Passed" start-time="2026-03-09 18:01:03Z" end-time="2026-03-09 18:01:08Z" duration="4.519103" total="4" passed="4" failed="0" inconclusive="0" skipped="0" asserts="0">
              <properties />
              <test-suite type="TestSuite" id="1107" name="DialogueSystem" fullname="NovelCore.Tests.Runtime.Core.DialogueSystem" runstate="Runnable" testcasecount="22" result="Passed" start-time="2026-03-09 18:01:03Z" end-time="2026-03-09 18:01:08Z" duration="4.518190" total="4" passed="4" failed="0" inconclusive="0" skipped="0" asserts="0">
                <properties />
                <test-suite type="TestFixture" id="1074" name="DialogueSystemAutoAdvanceNextSceneTests" fullname="NovelCore.Tests.Runtime.Core.DialogueSystem.DialogueSystemAutoAdvanceNextSceneTests" classname="NovelCore.Tests.Runtime.Core.DialogueSystem.DialogueSystemAutoAdvanceNextSceneTests" runstate="Runnable" testcasecount="4" result="Passed" start-time="2026-03-09 18:01:03Z" end-time="2026-03-09 18:01:08Z" duration="4.516715" total="4" passed="4" failed="0" inconclusive="0" skipped="0" asserts="0">
                  <properties />
                  <test-case id="1078" name="AutoAdvance_DisabledMidScene_StopsBeforeNextScene" fullname="NovelCore.Tests.Runtime.Core.DialogueSystem.DialogueSystemAutoAdvanceNextSceneTests.AutoAdvance_DisabledMidScene_StopsBeforeNextScene" methodname="AutoAdvance_DisabledMidScene_StopsBeforeNextScene" classname="NovelCore.Tests.Runtime.Core.DialogueSystem.DialogueSystemAutoAdvanceNextSceneTests" runstate="Runnable" seed="1398479901" result="Passed" start-time="2026-03-09 18:01:03Z" end-time="2026-03-09 18:01:05Z" duration="1.306603" asserts="0">
                    <properties>
                      <property name="_JOINTYPE" value="UnityCombinatorial" />
                      <property name="retryIteration" value="0" />
                      <property name="repeatIteration" value="0" />
                    </properties>
                    <output><![CDATA[DialogueSystem: Starting scene Cancellable Auto Scene
DialogueSystem: Displaying line line_001
DialogueSystem: Dialogue stopped
]]></output>
                  </test-case>
                  <test-case id="1077" name="AutoAdvance_MultipleLines_TransitionsAfterLastLine" fullname="NovelCore.Tests.Runtime.Core.DialogueSystem.DialogueSystemAutoAdvanceNextSceneTests.AutoAdvance_MultipleLines_TransitionsAfterLastLine" methodname="AutoAdvance_MultipleLines_TransitionsAfterLastLine" classname="NovelCore.Tests.Runtime.Core.DialogueSystem.DialogueSystemAutoAdvanceNextSceneTests" runstate="Runnable" seed="1327734391" result="Passed" start-time="2026-03-09 18:01:05Z" end-time="2026-03-09 18:01:06Z" duration="1.402812" asserts="0">
                    <properties>
                      <property name="_JOINTYPE" value="UnityCombinatorial" />
                      <property name="retryIteration" value="0" />
                      <property name="repeatIteration" value="0" />
                    </properties>
                    <output><![CDATA[DialogueSystem: Starting scene Multi-line Auto Scene
DialogueSystem: Displaying line line_001
DialogueSystem: Displaying line line_002
DialogueSystem: Dialogue complete - checking for nextScene
DialogueSystem: Current scene = Multi-line Auto Scene
DialogueSystem: NextScene field = SET
DialogueSystem: NextScene.RuntimeKeyIsValid() = False
DialogueSystem: ✓ nextScene is set, attempting to load...
DialogueSystem: ✓ Successfully loaded next scene: Next Scene
DialogueSystem: Firing OnSceneNavigationRequested event...
]]></output>
                  </test-case>
                  <test-case id="1075" name="AutoAdvance_WithNextScene_TransitionsAutomatically" fullname="NovelCore.Tests.Runtime.Core.DialogueSystem.DialogueSystemAutoAdvanceNextSceneTests.AutoAdvance_WithNextScene_TransitionsAutomatically" methodname="AutoAdvance_WithNextScene_TransitionsAutomatically" classname="NovelCore.Tests.Runtime.Core.DialogueSystem.DialogueSystemAutoAdvanceNextSceneTests" runstate="Runnable" seed="763122479" result="Passed" start-time="2026-03-09 18:01:06Z" end-time="2026-03-09 18:01:07Z" duration="1.200843" asserts="0">
                    <properties>
                      <property name="_JOINTYPE" value="UnityCombinatorial" />
                      <property name="retryIteration" value="0" />
                      <property name="repeatIteration" value="0" />
                    </properties>
                    <output><![CDATA[DialogueSystem: Starting scene Auto Scene
DialogueSystem: Displaying line line_001
DialogueSystem: Dialogue complete - checking for nextScene
DialogueSystem: Current scene = Auto Scene
DialogueSystem: NextScene field = SET
DialogueSystem: NextScene.RuntimeKeyIsValid() = False
DialogueSystem: ✓ nextScene is set, attempting to load...
DialogueSystem: ✓ Successfully loaded next scene: Next Scene
DialogueSystem: Firing OnSceneNavigationRequested event...
]]></output>
                  </test-case>
                  <test-case id="1076" name="AutoAdvance_WithoutNextScene_CompletesDialogue" fullname="NovelCore.Tests.Runtime.Core.DialogueSystem.DialogueSystemAutoAdvanceNextSceneTests.AutoAdvance_WithoutNextScene_CompletesDialogue" methodname="AutoAdvance_WithoutNextScene_CompletesDialogue" classname="NovelCore.Tests.Runtime.Core.DialogueSystem.DialogueSystemAutoAdvanceNextSceneTests" runstate="Runnable" seed="81253508" result="Passed" start-time="2026-03-09 18:01:07Z" end-time="2026-03-09 18:01:08Z" duration="0.600599" asserts="0">
                    <properties>
                      <property name="_JOINTYPE" value="UnityCombinatorial" />
                      <property name="retryIteration" value="0" />
                      <property name="repeatIteration" value="0" />
                    </properties>
                    <output><![CDATA[DialogueSystem: Starting scene Auto Scene
DialogueSystem: Displaying line line_001
DialogueSystem: Dialogue complete - checking for nextScene
DialogueSystem: Current scene = Auto Scene
DialogueSystem: NextScene field = NULL
DialogueSystem: No next scene defined (or invalid), dialogue ending normally
]]></output>
                  </test-case>
                </test-suite>
              </test-suite>
            </test-suite>
            <test-suite type="TestSuite" id="1103" name="Integration" fullname="NovelCore.Tests.Runtime.Integration" runstate="Runnable" testcasecount="4" result="Passed" start-time="2026-03-09 18:01:08Z" end-time="2026-03-09 18:01:09Z" duration="1.502504" total="1" passed="1" failed="0" inconclusive="0" skipped="0" asserts="0">
              <properties />
              <test-suite type="TestFixture" id="1006" name="LinearSceneProgressionTests" fullname="NovelCore.Tests.Runtime.Integration.LinearSceneProgressionTests" classname="NovelCore.Tests.Runtime.Integration.LinearSceneProgressionTests" runstate="Runnable" testcasecount="4" result="Passed" start-time="2026-03-09 18:01:08Z" end-time="2026-03-09 18:01:09Z" duration="1.502051" total="1" passed="1" failed="0" inconclusive="0" skipped="0" asserts="0">
                <properties />
                <test-case id="1008" name="LinearFlow_WithAutoAdvance_ProgressesWithoutInput" fullname="NovelCore.Tests.Runtime.Integration.LinearSceneProgressionTests.LinearFlow_WithAutoAdvance_ProgressesWithoutInput" methodname="LinearFlow_WithAutoAdvance_ProgressesWithoutInput" classname="NovelCore.Tests.Runtime.Integration.LinearSceneProgressionTests" runstate="Runnable" seed="6833363" result="Passed" start-time="2026-03-09 18:01:08Z" end-time="2026-03-09 18:01:09Z" duration="1.501036" asserts="0">
                  <properties>
                    <property name="_JOINTYPE" value="UnityCombinatorial" />
                    <property name="retryIteration" value="0" />
                    <property name="repeatIteration" value="0" />
                  </properties>
                  <output><![CDATA[DialogueSystem: Starting scene Auto Scene 1
DialogueSystem: Displaying line line_1_1
DialogueSystem: Dialogue complete - checking for nextScene
DialogueSystem: Current scene = Auto Scene 1
DialogueSystem: NextScene field = SET
DialogueSystem: NextScene.RuntimeKeyIsValid() = False
DialogueSystem: ✓ nextScene is set, attempting to load...
DialogueSystem: ✓ Successfully loaded next scene: Auto Scene 2
DialogueSystem: Firing OnSceneNavigationRequested event...
DialogueSystem: Starting scene Auto Scene 2
DialogueSystem: Displaying line line_2_1
DialogueSystem: Dialogue complete - checking for nextScene
DialogueSystem: Current scene = Auto Scene 2
DialogueSystem: NextScene field = NULL
DialogueSystem: No next scene defined (or invalid), dialogue ending normally
Saving results to: /Users/selstrom/Library/Application Support/DefaultCompany/novel-core/TestResults.xml
]]></output>
                </test-case>
              </test-suite>
            </test-suite>
          </test-suite>
        </test-suite>
      </test-suite>
    </test-suite>
  </test-suite>
</test-run>