<?xml version="1.0" encoding="utf-8"?>
<test-run id="2" testcasecount="12" result="Failed(Child)" total="12" passed="8" failed="4" inconclusive="0" skipped="0" asserts="0" engine-version="3.5.0.0" clr-version="4.0.30319.42000" start-time="2026-03-09 17:58:15Z" end-time="2026-03-09 17:58:22Z" duration="7.3566884">
  <test-suite type="TestSuite" id="1111" name="novel-core" fullname="novel-core" runstate="Runnable" testcasecount="87" result="Failed" site="Child" start-time="2026-03-09 17:58:15Z" end-time="2026-03-09 17:58:22Z" duration="7.356688" total="12" passed="8" failed="4" inconclusive="0" skipped="0" asserts="0">
    <properties>
      <property name="platform" value="PlayMode" />
    </properties>
    <failure>
      <message><![CDATA[One or more child tests had errors]]></message>
    </failure>
    <test-suite type="Assembly" id="1099" name="NovelCore.Tests.Runtime.dll" fullname="/Users/selstrom/work/projects/novel-core/novel-core/novel-core/Library/ScriptAssemblies/NovelCore.Tests.Runtime.dll" runstate="Runnable" testcasecount="87" result="Failed" site="Child" start-time="2026-03-09 17:58:15Z" end-time="2026-03-09 17:58:22Z" duration="7.352471" total="12" passed="8" failed="4" inconclusive="0" skipped="0" asserts="0">
      <properties>
        <property name="_PID" value="24741" />
        <property name="_APPDOMAIN" value="Unity Child Domain" />
        <property name="platform" value="PlayMode" />
        <property name="EditorOnly" value="False" />
      </properties>
      <failure>
        <message><![CDATA[One or more child tests had errors]]></message>
      </failure>
      <test-suite type="TestSuite" id="1100" name="NovelCore" fullname="NovelCore" runstate="Runnable" testcasecount="87" result="Failed" site="Child" start-time="2026-03-09 17:58:15Z" end-time="2026-03-09 17:58:22Z" duration="7.352090" total="12" passed="8" failed="4" inconclusive="0" skipped="0" asserts="0">
        <properties />
        <failure>
          <message><![CDATA[One or more child tests had errors]]></message>
        </failure>
        <test-suite type="TestSuite" id="1101" name="Tests" fullname="NovelCore.Tests" runstate="Runnable" testcasecount="87" result="Failed" site="Child" start-time="2026-03-09 17:58:15Z" end-time="2026-03-09 17:58:22Z" duration="7.351783" total="12" passed="8" failed="4" inconclusive="0" skipped="0" asserts="0">
          <properties />
          <failure>
            <message><![CDATA[One or more child tests had errors]]></message>
          </failure>
          <test-suite type="TestSuite" id="1102" name="Runtime" fullname="NovelCore.Tests.Runtime" runstate="Runnable" testcasecount="87" result="Failed" site="Child" start-time="2026-03-09 17:58:15Z" end-time="2026-03-09 17:58:22Z" duration="7.351475" total="12" passed="8" failed="4" inconclusive="0" skipped="0" asserts="0">
            <properties />
            <failure>
              <message><![CDATA[One or more child tests had errors]]></message>
            </failure>
            <test-suite type="TestSuite" id="1105" name="Core" fullname="NovelCore.Tests.Runtime.Core" runstate="Runnable" testcasecount="41" result="Failed" site="Child" start-time="2026-03-09 17:58:15Z" end-time="2026-03-09 17:58:20Z" duration="4.835988" total="8" passed="5" failed="3" inconclusive="0" skipped="0" asserts="0">
              <properties />
              <failure>
                <message><![CDATA[One or more child tests had errors]]></message>
              </failure>
              <test-suite type="TestSuite" id="1107" name="DialogueSystem" fullname="NovelCore.Tests.Runtime.Core.DialogueSystem" runstate="Runnable" testcasecount="22" result="Failed" site="Child" start-time="2026-03-09 17:58:15Z" end-time="2026-03-09 17:58:20Z" duration="4.834839" total="8" passed="5" failed="3" inconclusive="0" skipped="0" asserts="0">
                <properties />
                <failure>
                  <message><![CDATA[One or more child tests had errors]]></message>
                </failure>
                <test-suite type="TestFixture" id="1074" name="DialogueSystemAutoAdvanceNextSceneTests" fullname="NovelCore.Tests.Runtime.Core.DialogueSystem.DialogueSystemAutoAdvanceNextSceneTests" classname="NovelCore.Tests.Runtime.Core.DialogueSystem.DialogueSystemAutoAdvanceNextSceneTests" runstate="Runnable" testcasecount="4" result="Failed" site="Child" start-time="2026-03-09 17:58:15Z" end-time="2026-03-09 17:58:19Z" duration="4.124611" total="4" passed="1" failed="3" inconclusive="0" skipped="0" asserts="0">
                  <properties />
                  <failure>
                    <message><![CDATA[One or more child tests had errors]]></message>
                  </failure>
                  <test-case id="1078" name="AutoAdvance_DisabledMidScene_StopsBeforeNextScene" fullname="NovelCore.Tests.Runtime.Core.DialogueSystem.DialogueSystemAutoAdvanceNextSceneTests.AutoAdvance_DisabledMidScene_StopsBeforeNextScene" methodname="AutoAdvance_DisabledMidScene_StopsBeforeNextScene" classname="NovelCore.Tests.Runtime.Core.DialogueSystem.DialogueSystemAutoAdvanceNextSceneTests" runstate="Runnable" seed="254448825" result="Passed" start-time="2026-03-09 17:58:15Z" end-time="2026-03-09 17:58:16Z" duration="1.310373" asserts="0">
                    <properties>
                      <property name="_JOINTYPE" value="UnityCombinatorial" />
                      <property name="retryIteration" value="0" />
                      <property name="repeatIteration" value="0" />
                    </properties>
                    <output><![CDATA[DialogueSystem: Starting scene Cancellable Auto Scene
DialogueSystem: Displaying line line_001
DialogueSystem: Dialogue stopped
]]></output>
                  </test-case>
                  <test-case id="1077" name="AutoAdvance_MultipleLines_TransitionsAfterLastLine" fullname="NovelCore.Tests.Runtime.Core.DialogueSystem.DialogueSystemAutoAdvanceNextSceneTests.AutoAdvance_MultipleLines_TransitionsAfterLastLine" methodname="AutoAdvance_MultipleLines_TransitionsAfterLastLine" classname="NovelCore.Tests.Runtime.Core.DialogueSystem.DialogueSystemAutoAdvanceNextSceneTests" runstate="Runnable" seed="411369575" result="Failed" start-time="2026-03-09 17:58:16Z" end-time="2026-03-09 17:58:17Z" duration="1.204244" asserts="0">
                    <properties>
                      <property name="_JOINTYPE" value="UnityCombinatorial" />
                      <property name="retryIteration" value="0" />
                      <property name="repeatIteration" value="0" />
                    </properties>
                    <failure>
                      <message><![CDATA[  Should navigate after all lines complete
  Expected: not null
  But was:  null
]]></message>
                      <stack-trace><![CDATA[at NovelCore.Tests.Runtime.Core.DialogueSystem.DialogueSystemAutoAdvanceNextSceneTests+<AutoAdvance_MultipleLines_TransitionsAfterLastLine>d__8.MoveNext () [0x0022a] in /Users/selstrom/work/projects/novel-core/novel-core/novel-core/Assets/Scripts/NovelCore/Tests/Runtime/Core/DialogueSystem/DialogueSystemAutoAdvanceNextSceneTests.cs:168
at UnityEngine.TestTools.TestEnumerator+<Execute>d__7.MoveNext () [0x0004e] in ./Library/PackageCache/com.unity.test-framework@24afccc4ed24/UnityEngine.TestRunner/NUnitExtensions/Attributes/TestEnumerator.cs:44
]]></stack-trace>
                    </failure>
                    <output><![CDATA[DialogueSystem: Starting scene Multi-line Auto Scene
DialogueSystem: Displaying line line_001
]]></output>
                  </test-case>
                  <test-case id="1075" name="AutoAdvance_WithNextScene_TransitionsAutomatically" fullname="NovelCore.Tests.Runtime.Core.DialogueSystem.DialogueSystemAutoAdvanceNextSceneTests.AutoAdvance_WithNextScene_TransitionsAutomatically" methodname="AutoAdvance_WithNextScene_TransitionsAutomatically" classname="NovelCore.Tests.Runtime.Core.DialogueSystem.DialogueSystemAutoAdvanceNextSceneTests" runstate="Runnable" seed="2109198105" result="Failed" start-time="2026-03-09 17:58:17Z" end-time="2026-03-09 17:58:18Z" duration="1.001663" asserts="0">
                    <properties>
                      <property name="_JOINTYPE" value="UnityCombinatorial" />
                      <property name="retryIteration" value="0" />
                      <property name="repeatIteration" value="0" />
                    </properties>
                    <failure>
                      <message><![CDATA[  Auto-advance should trigger nextScene navigation
  Expected: not null
  But was:  null
]]></message>
                      <stack-trace><![CDATA[at NovelCore.Tests.Runtime.Core.DialogueSystem.DialogueSystemAutoAdvanceNextSceneTests+<AutoAdvance_WithNextScene_TransitionsAutomatically>d__6.MoveNext () [0x001a3] in /Users/selstrom/work/projects/novel-core/novel-core/novel-core/Assets/Scripts/NovelCore/Tests/Runtime/Core/DialogueSystem/DialogueSystemAutoAdvanceNextSceneTests.cs:83
at UnityEngine.TestTools.TestEnumerator+<Execute>d__7.MoveNext () [0x0004e] in ./Library/PackageCache/com.unity.test-framework@24afccc4ed24/UnityEngine.TestRunner/NUnitExtensions/Attributes/TestEnumerator.cs:44
]]></stack-trace>
                    </failure>
                    <output><![CDATA[DialogueSystem: Starting scene Auto Scene
DialogueSystem: Displaying line line_001
]]></output>
                  </test-case>
                  <test-case id="1076" name="AutoAdvance_WithoutNextScene_CompletesDialogue" fullname="NovelCore.Tests.Runtime.Core.DialogueSystem.DialogueSystemAutoAdvanceNextSceneTests.AutoAdvance_WithoutNextScene_CompletesDialogue" methodname="AutoAdvance_WithoutNextScene_CompletesDialogue" classname="NovelCore.Tests.Runtime.Core.DialogueSystem.DialogueSystemAutoAdvanceNextSceneTests" runstate="Runnable" seed="360373490" result="Failed" start-time="2026-03-09 17:58:18Z" end-time="2026-03-09 17:58:19Z" duration="0.602004" asserts="0">
                    <properties>
                      <property name="_JOINTYPE" value="UnityCombinatorial" />
                      <property name="retryIteration" value="0" />
                      <property name="repeatIteration" value="0" />
                    </properties>
                    <failure>
                      <message><![CDATA[  OnDialogueComplete should fire
  Expected: True
  But was:  False
]]></message>
                      <stack-trace><![CDATA[at NovelCore.Tests.Runtime.Core.DialogueSystem.DialogueSystemAutoAdvanceNextSceneTests+<AutoAdvance_WithoutNextScene_CompletesDialogue>d__7.MoveNext () [0x00153] in /Users/selstrom/work/projects/novel-core/novel-core/novel-core/Assets/Scripts/NovelCore/Tests/Runtime/Core/DialogueSystem/DialogueSystemAutoAdvanceNextSceneTests.cs:116
at UnityEngine.TestTools.TestEnumerator+<Execute>d__7.MoveNext () [0x0004e] in ./Library/PackageCache/com.unity.test-framework@24afccc4ed24/UnityEngine.TestRunner/NUnitExtensions/Attributes/TestEnumerator.cs:44
]]></stack-trace>
                    </failure>
                    <output><![CDATA[DialogueSystem: Starting scene Auto Scene
DialogueSystem: Displaying line line_001
]]></output>
                  </test-case>
                </test-suite>
                <test-suite type="TestFixture" id="1079" name="DialogueSystemNextSceneTests" fullname="NovelCore.Tests.Runtime.Core.DialogueSystem.DialogueSystemNextSceneTests" classname="NovelCore.Tests.Runtime.Core.DialogueSystem.DialogueSystemNextSceneTests" runstate="Runnable" testcasecount="4" result="Passed" start-time="2026-03-09 17:58:19Z" end-time="2026-03-09 17:58:20Z" duration="0.708847" total="4" passed="4" failed="0" inconclusive="0" skipped="0" asserts="0">
                  <properties />
                  <test-case id="1080" name="NextScene_WhenDialogueCompletes_FiresNavigationEvent" fullname="NovelCore.Tests.Runtime.Core.DialogueSystem.DialogueSystemNextSceneTests.NextScene_WhenDialogueCompletes_FiresNavigationEvent" methodname="NextScene_WhenDialogueCompletes_FiresNavigationEvent" classname="NovelCore.Tests.Runtime.Core.DialogueSystem.DialogueSystemNextSceneTests" runstate="Runnable" seed="86349181" result="Passed" start-time="2026-03-09 17:58:19Z" end-time="2026-03-09 17:58:19Z" duration="0.202608" asserts="0">
                    <properties>
                      <property name="_JOINTYPE" value="UnityCombinatorial" />
                      <property name="retryIteration" value="0" />
                      <property name="repeatIteration" value="0" />
                    </properties>
                    <output><![CDATA[DialogueSystem: Starting scene Current Scene
DialogueSystem: Displaying line line_001
DialogueSystem: Dialogue complete - checking for nextScene
DialogueSystem: Current scene = Current Scene
DialogueSystem: NextScene field = SET
DialogueSystem: NextScene.RuntimeKeyIsValid() = False
DialogueSystem: ✓ nextScene is set, attempting to load...
DialogueSystem: ✓ Successfully loaded next scene: Next Scene
DialogueSystem: Firing OnSceneNavigationRequested event...
]]></output>
                  </test-case>
                  <test-case id="1082" name="NextScene_WhenLoadFails_CompletesDialogueGracefully" fullname="NovelCore.Tests.Runtime.Core.DialogueSystem.DialogueSystemNextSceneTests.NextScene_WhenLoadFails_CompletesDialogueGracefully" methodname="NextScene_WhenLoadFails_CompletesDialogueGracefully" classname="NovelCore.Tests.Runtime.Core.DialogueSystem.DialogueSystemNextSceneTests" runstate="Runnable" seed="250909343" result="Passed" start-time="2026-03-09 17:58:19Z" end-time="2026-03-09 17:58:19Z" duration="0.201513" asserts="0">
                    <properties>
                      <property name="_JOINTYPE" value="UnityCombinatorial" />
                      <property name="retryIteration" value="0" />
                      <property name="repeatIteration" value="0" />
                    </properties>
                    <output><![CDATA[DialogueSystem: Starting scene Current Scene
DialogueSystem: Displaying line line_001
DialogueSystem: Dialogue complete - checking for nextScene
DialogueSystem: Current scene = Current Scene
DialogueSystem: NextScene field = SET
DialogueSystem: NextScene.RuntimeKeyIsValid() = False
DialogueSystem: ✓ nextScene is set, attempting to load...
DialogueSystem: ✗ Failed to load next scene (returned null)
]]></output>
                  </test-case>
                  <test-case id="1081" name="NextScene_WhenNoNextScene_CompletesWithoutNavigation" fullname="NovelCore.Tests.Runtime.Core.DialogueSystem.DialogueSystemNextSceneTests.NextScene_WhenNoNextScene_CompletesWithoutNavigation" methodname="NextScene_WhenNoNextScene_CompletesWithoutNavigation" classname="NovelCore.Tests.Runtime.Core.DialogueSystem.DialogueSystemNextSceneTests" runstate="Runnable" seed="2025115610" result="Passed" start-time="2026-03-09 17:58:19Z" end-time="2026-03-09 17:58:20Z" duration="0.101368" asserts="0">
                    <properties>
                      <property name="_JOINTYPE" value="UnityCombinatorial" />
                      <property name="retryIteration" value="0" />
                      <property name="repeatIteration" value="0" />
                    </properties>
                    <output><![CDATA[DialogueSystem: Starting scene Final Scene
DialogueSystem: Displaying line line_001
DialogueSystem: Dialogue complete - checking for nextScene
DialogueSystem: Current scene = Final Scene
DialogueSystem: NextScene field = NULL
DialogueSystem: No next scene defined (or invalid), dialogue ending normally
]]></output>
                  </test-case>
                  <test-case id="1083" name="NextScene_WithMultipleDialogueLines_TransitionsAfterAll" fullname="NovelCore.Tests.Runtime.Core.DialogueSystem.DialogueSystemNextSceneTests.NextScene_WithMultipleDialogueLines_TransitionsAfterAll" methodname="NextScene_WithMultipleDialogueLines_TransitionsAfterAll" classname="NovelCore.Tests.Runtime.Core.DialogueSystem.DialogueSystemNextSceneTests" runstate="Runnable" seed="1531148364" result="Passed" start-time="2026-03-09 17:58:20Z" end-time="2026-03-09 17:58:20Z" duration="0.202252" asserts="0">
                    <properties>
                      <property name="_JOINTYPE" value="UnityCombinatorial" />
                      <property name="retryIteration" value="0" />
                      <property name="repeatIteration" value="0" />
                    </properties>
                    <output><![CDATA[DialogueSystem: Starting scene Current Scene
DialogueSystem: Displaying line line_001
DialogueSystem: Displaying line line_002
DialogueSystem: Displaying line line_003
DialogueSystem: Dialogue complete - checking for nextScene
DialogueSystem: Current scene = Current Scene
DialogueSystem: NextScene field = SET
DialogueSystem: NextScene.RuntimeKeyIsValid() = False
DialogueSystem: ✓ nextScene is set, attempting to load...
DialogueSystem: ✓ Successfully loaded next scene: Next Scene
DialogueSystem: Firing OnSceneNavigationRequested event...
]]></output>
                  </test-case>
                </test-suite>
              </test-suite>
            </test-suite>
            <test-suite type="TestSuite" id="1103" name="Integration" fullname="NovelCore.Tests.Runtime.Integration" runstate="Runnable" testcasecount="4" result="Failed" site="Child" start-time="2026-03-09 17:58:20Z" end-time="2026-03-09 17:58:22Z" duration="2.513222" total="4" passed="3" failed="1" inconclusive="0" skipped="0" asserts="0">
              <properties />
              <failure>
                <message><![CDATA[One or more child tests had errors]]></message>
              </failure>
              <test-suite type="TestFixture" id="1006" name="LinearSceneProgressionTests" fullname="NovelCore.Tests.Runtime.Integration.LinearSceneProgressionTests" classname="NovelCore.Tests.Runtime.Integration.LinearSceneProgressionTests" runstate="Runnable" testcasecount="4" result="Failed" site="Child" start-time="2026-03-09 17:58:20Z" end-time="2026-03-09 17:58:22Z" duration="2.512784" total="4" passed="3" failed="1" inconclusive="0" skipped="0" asserts="0">
                <properties />
                <failure>
                  <message><![CDATA[One or more child tests had errors]]></message>
                </failure>
                <test-case id="1009" name="LinearFlow_LongChain_HandlesMultipleTransitions" fullname="NovelCore.Tests.Runtime.Integration.LinearSceneProgressionTests.LinearFlow_LongChain_HandlesMultipleTransitions" methodname="LinearFlow_LongChain_HandlesMultipleTransitions" classname="NovelCore.Tests.Runtime.Integration.LinearSceneProgressionTests" runstate="Runnable" seed="686029741" result="Passed" start-time="2026-03-09 17:58:20Z" end-time="2026-03-09 17:58:21Z" duration="1.004828" asserts="0">
                  <properties>
                    <property name="_JOINTYPE" value="UnityCombinatorial" />
                    <property name="retryIteration" value="0" />
                    <property name="repeatIteration" value="0" />
                  </properties>
                  <output><![CDATA[DialogueSystem: Starting scene Scene 1
DialogueSystem: Displaying line line_0_1
DialogueSystem: Dialogue complete - checking for nextScene
DialogueSystem: Current scene = Scene 1
DialogueSystem: NextScene field = SET
DialogueSystem: NextScene.RuntimeKeyIsValid() = False
DialogueSystem: ✓ nextScene is set, attempting to load...
DialogueSystem: ✓ Successfully loaded next scene: Scene 2
DialogueSystem: Firing OnSceneNavigationRequested event...
DialogueSystem: Starting scene Scene 2
DialogueSystem: Displaying line line_1_1
DialogueSystem: Dialogue complete - checking for nextScene
DialogueSystem: Current scene = Scene 2
DialogueSystem: NextScene field = SET
DialogueSystem: NextScene.RuntimeKeyIsValid() = False
DialogueSystem: ✓ nextScene is set, attempting to load...
DialogueSystem: ✓ Successfully loaded next scene: Scene 3
DialogueSystem: Firing OnSceneNavigationRequested event...
DialogueSystem: Starting scene Scene 3
DialogueSystem: Displaying line line_2_1
DialogueSystem: Dialogue complete - checking for nextScene
DialogueSystem: Current scene = Scene 3
DialogueSystem: NextScene field = SET
DialogueSystem: NextScene.RuntimeKeyIsValid() = False
DialogueSystem: ✓ nextScene is set, attempting to load...
DialogueSystem: ✓ Successfully loaded next scene: Scene 4
DialogueSystem: Firing OnSceneNavigationRequested event...
DialogueSystem: Starting scene Scene 4
DialogueSystem: Displaying line line_3_1
DialogueSystem: Dialogue complete - checking for nextScene
DialogueSystem: Current scene = Scene 4
DialogueSystem: NextScene field = SET
DialogueSystem: NextScene.RuntimeKeyIsValid() = False
DialogueSystem: ✓ nextScene is set, attempting to load...
DialogueSystem: ✓ Successfully loaded next scene: Scene 5
DialogueSystem: Firing OnSceneNavigationRequested event...
DialogueSystem: Starting scene Scene 5
DialogueSystem: Displaying line line_4_1
DialogueSystem: Dialogue complete - checking for nextScene
DialogueSystem: Current scene = Scene 5
DialogueSystem: NextScene field = NULL
DialogueSystem: No next scene defined (or invalid), dialogue ending normally
]]></output>
                </test-case>
                <test-case id="1008" name="LinearFlow_WithAutoAdvance_ProgressesWithoutInput" fullname="NovelCore.Tests.Runtime.Integration.LinearSceneProgressionTests.LinearFlow_WithAutoAdvance_ProgressesWithoutInput" methodname="LinearFlow_WithAutoAdvance_ProgressesWithoutInput" classname="NovelCore.Tests.Runtime.Integration.LinearSceneProgressionTests" runstate="Runnable" seed="1342218307" result="Failed" start-time="2026-03-09 17:58:21Z" end-time="2026-03-09 17:58:22Z" duration="0.801985" asserts="0">
                  <properties>
                    <property name="_JOINTYPE" value="UnityCombinatorial" />
                    <property name="retryIteration" value="0" />
                    <property name="repeatIteration" value="0" />
                  </properties>
                  <failure>
                    <message><![CDATA[  Should auto-navigate to scene 2
  Expected: 1
  But was:  0
]]></message>
                    <stack-trace><![CDATA[at NovelCore.Tests.Runtime.Integration.LinearSceneProgressionTests+<LinearFlow_WithAutoAdvance_ProgressesWithoutInput>d__7.MoveNext () [0x001c4] in /Users/selstrom/work/projects/novel-core/novel-core/novel-core/Assets/Scripts/NovelCore/Tests/Runtime/Integration/LinearSceneProgressionTests.cs:183
at UnityEngine.TestTools.TestEnumerator+<Execute>d__7.MoveNext () [0x0004e] in ./Library/PackageCache/com.unity.test-framework@24afccc4ed24/UnityEngine.TestRunner/NUnitExtensions/Attributes/TestEnumerator.cs:44
]]></stack-trace>
                  </failure>
                  <output><![CDATA[DialogueSystem: Starting scene Auto Scene 1
DialogueSystem: Displaying line line_1_1
]]></output>
                </test-case>
                <test-case id="1010" name="LinearFlow_WithMissingScene_StopsGracefully" fullname="NovelCore.Tests.Runtime.Integration.LinearSceneProgressionTests.LinearFlow_WithMissingScene_StopsGracefully" methodname="LinearFlow_WithMissingScene_StopsGracefully" classname="NovelCore.Tests.Runtime.Integration.LinearSceneProgressionTests" runstate="Runnable" seed="1670013146" result="Passed" start-time="2026-03-09 17:58:22Z" end-time="2026-03-09 17:58:22Z" duration="0.201393" asserts="0">
                  <properties>
                    <property name="_JOINTYPE" value="UnityCombinatorial" />
                    <property name="retryIteration" value="0" />
                    <property name="repeatIteration" value="0" />
                  </properties>
                  <output><![CDATA[DialogueSystem: Starting scene Scene 1
DialogueSystem: Displaying line line_1_1
DialogueSystem: Dialogue complete - checking for nextScene
DialogueSystem: Current scene = Scene 1
DialogueSystem: NextScene field = SET
DialogueSystem: NextScene.RuntimeKeyIsValid() = False
DialogueSystem: ✓ nextScene is set, attempting to load...
DialogueSystem: ✗ Failed to load next scene (returned null)
]]></output>
                </test-case>
                <test-case id="1007" name="ThreeSceneLinearFlow_ProgressesCorrectly" fullname="NovelCore.Tests.Runtime.Integration.LinearSceneProgressionTests.ThreeSceneLinearFlow_ProgressesCorrectly" methodname="ThreeSceneLinearFlow_ProgressesCorrectly" classname="NovelCore.Tests.Runtime.Integration.LinearSceneProgressionTests" runstate="Runnable" seed="678309676" result="Passed" start-time="2026-03-09 17:58:22Z" end-time="2026-03-09 17:58:22Z" duration="0.503007" asserts="0">
                  <properties>
                    <property name="_JOINTYPE" value="UnityCombinatorial" />
                    <property name="retryIteration" value="0" />
                    <property name="repeatIteration" value="0" />
                  </properties>
                  <output><![CDATA[DialogueSystem: Starting scene Introduction
DialogueSystem: Displaying line line_1_1
DialogueSystem: Dialogue complete - checking for nextScene
DialogueSystem: Current scene = Introduction
DialogueSystem: NextScene field = SET
DialogueSystem: NextScene.RuntimeKeyIsValid() = False
DialogueSystem: ✓ nextScene is set, attempting to load...
DialogueSystem: ✓ Successfully loaded next scene: Middle
DialogueSystem: Firing OnSceneNavigationRequested event...
DialogueSystem: Starting scene Middle
DialogueSystem: Displaying line line_2_1
DialogueSystem: Displaying line line_2_2
DialogueSystem: Dialogue complete - checking for nextScene
DialogueSystem: Current scene = Middle
DialogueSystem: NextScene field = SET
DialogueSystem: NextScene.RuntimeKeyIsValid() = False
DialogueSystem: ✓ nextScene is set, attempting to load...
DialogueSystem: ✓ Successfully loaded next scene: Ending
DialogueSystem: Firing OnSceneNavigationRequested event...
DialogueSystem: Starting scene Ending
DialogueSystem: Displaying line line_3_1
DialogueSystem: Dialogue complete - checking for nextScene
DialogueSystem: Current scene = Ending
DialogueSystem: NextScene field = NULL
DialogueSystem: No next scene defined (or invalid), dialogue ending normally
Saving results to: /Users/selstrom/Library/Application Support/DefaultCompany/novel-core/TestResults.xml
]]></output>
                </test-case>
              </test-suite>
            </test-suite>
          </test-suite>
        </test-suite>
      </test-suite>
    </test-suite>
  </test-suite>
</test-run>