<?xml version="1.0" encoding="utf-8"?>
<test-run id="2" testcasecount="3" result="Failed(Child)" total="3" passed="1" failed="2" inconclusive="0" skipped="0" asserts="0" engine-version="3.5.0.0" clr-version="4.0.30319.42000" start-time="2026-03-10 18:57:59Z" end-time="2026-03-10 18:57:59Z" duration="0.1301318">
  <test-suite type="TestSuite" id="1151" name="novel-core" fullname="novel-core" runstate="Runnable" testcasecount="122" result="Failed" site="Child" start-time="2026-03-10 18:57:59Z" end-time="2026-03-10 18:57:59Z" duration="0.130132" total="3" passed="1" failed="2" inconclusive="0" skipped="0" asserts="0">
    <properties>
      <property name="platform" value="PlayMode" />
    </properties>
    <failure>
      <message><![CDATA[One or more child tests had errors]]></message>
    </failure>
    <test-suite type="Assembly" id="1139" name="NovelCore.Tests.Runtime.dll" fullname="/Users/selstrom/work/projects/novel-core/novel-core/novel-core/Library/ScriptAssemblies/NovelCore.Tests.Runtime.dll" runstate="Runnable" testcasecount="122" result="Failed" site="Child" start-time="2026-03-10 18:57:59Z" end-time="2026-03-10 18:57:59Z" duration="0.125690" total="3" passed="1" failed="2" inconclusive="0" skipped="0" asserts="0">
      <properties>
        <property name="_PID" value="17146" />
        <property name="_APPDOMAIN" value="Unity Child Domain" />
        <property name="platform" value="PlayMode" />
        <property name="EditorOnly" value="False" />
      </properties>
      <failure>
        <message><![CDATA[One or more child tests had errors]]></message>
      </failure>
      <test-suite type="TestSuite" id="1140" name="NovelCore" fullname="NovelCore" runstate="Runnable" testcasecount="122" result="Failed" site="Child" start-time="2026-03-10 18:57:59Z" end-time="2026-03-10 18:57:59Z" duration="0.125138" total="3" passed="1" failed="2" inconclusive="0" skipped="0" asserts="0">
        <properties />
        <failure>
          <message><![CDATA[One or more child tests had errors]]></message>
        </failure>
        <test-suite type="TestSuite" id="1141" name="Tests" fullname="NovelCore.Tests" runstate="Runnable" testcasecount="122" result="Failed" site="Child" start-time="2026-03-10 18:57:59Z" end-time="2026-03-10 18:57:59Z" duration="0.124801" total="3" passed="1" failed="2" inconclusive="0" skipped="0" asserts="0">
          <properties />
          <failure>
            <message><![CDATA[One or more child tests had errors]]></message>
          </failure>
          <test-suite type="TestSuite" id="1142" name="Runtime" fullname="NovelCore.Tests.Runtime" runstate="Runnable" testcasecount="122" result="Failed" site="Child" start-time="2026-03-10 18:57:59Z" end-time="2026-03-10 18:57:59Z" duration="0.124469" total="3" passed="1" failed="2" inconclusive="0" skipped="0" asserts="0">
            <properties />
            <failure>
              <message><![CDATA[One or more child tests had errors]]></message>
            </failure>
            <test-suite type="TestSuite" id="1145" name="Core" fullname="NovelCore.Tests.Runtime.Core" runstate="Runnable" testcasecount="64" result="Failed" site="Child" start-time="2026-03-10 18:57:59Z" end-time="2026-03-10 18:57:59Z" duration="0.123685" total="3" passed="1" failed="2" inconclusive="0" skipped="0" asserts="0">
              <properties />
              <failure>
                <message><![CDATA[One or more child tests had errors]]></message>
              </failure>
              <test-suite type="TestSuite" id="1147" name="DialogueSystem" fullname="NovelCore.Tests.Runtime.Core.DialogueSystem" runstate="Runnable" testcasecount="33" result="Failed" site="Child" start-time="2026-03-10 18:57:59Z" end-time="2026-03-10 18:57:59Z" duration="0.123121" total="3" passed="1" failed="2" inconclusive="0" skipped="0" asserts="0">
                <properties />
                <failure>
                  <message><![CDATA[One or more child tests had errors]]></message>
                </failure>
                <test-suite type="TestFixture" id="1135" name="EndOfStoryReproductionTests" fullname="NovelCore.Tests.Runtime.Core.DialogueSystem.EndOfStoryReproductionTests" classname="NovelCore.Tests.Runtime.Core.DialogueSystem.EndOfStoryReproductionTests" runstate="Runnable" testcasecount="3" result="Failed" site="Child" start-time="2026-03-10 18:57:59Z" end-time="2026-03-10 18:57:59Z" duration="0.122251" total="3" passed="1" failed="2" inconclusive="0" skipped="0" asserts="0">
                  <properties />
                  <failure>
                    <message><![CDATA[One or more child tests had errors]]></message>
                  </failure>
                  <test-case id="1136" name="EndOfStory_WithEmptyNextSceneReference_ShouldCompleteGracefullyWithoutException" fullname="NovelCore.Tests.Runtime.Core.DialogueSystem.EndOfStoryReproductionTests.EndOfStory_WithEmptyNextSceneReference_ShouldCompleteGracefullyWithoutException" methodname="EndOfStory_WithEmptyNextSceneReference_ShouldCompleteGracefullyWithoutException" classname="NovelCore.Tests.Runtime.Core.DialogueSystem.EndOfStoryReproductionTests" runstate="Runnable" seed="743426890" result="Failed" start-time="2026-03-10 18:57:59Z" end-time="2026-03-10 18:57:59Z" duration="0.010282" asserts="0">
                    <properties>
                      <property name="_JOINTYPE" value="UnityCombinatorial" />
                      <property name="retryIteration" value="0" />
                      <property name="repeatIteration" value="0" />
                    </properties>
                    <failure>
                      <message><![CDATA[Unhandled log message: '[Error] DialogueSystem: ✗ Failed to load target scene (returned null)'. Use UnityEngine.TestTools.LogAssert.Expect]]></message>
                      <stack-trace><![CDATA[NovelCore.Runtime.Core.DialogueSystem.DialogueSystem/<CompleteDialogue>d__43:MoveNext () (at Assets/Scripts/NovelCore/Runtime/Core/DialogueSystem/DialogueSystem.cs:368)
System.Runtime.CompilerServices.AsyncVoidMethodBuilder:Start<NovelCore.Runtime.Core.DialogueSystem.DialogueSystem/<CompleteDialogue>d__43> (NovelCore.Runtime.Core.DialogueSystem.DialogueSystem/<CompleteDialogue>d__43&)
NovelCore.Runtime.Core.DialogueSystem.DialogueSystem:CompleteDialogue ()
NovelCore.Runtime.Core.DialogueSystem.DialogueSystem:AdvanceDialogue () (at Assets/Scripts/NovelCore/Runtime/Core/DialogueSystem/DialogueSystem.cs:121)
NovelCore.Tests.Runtime.Core.DialogueSystem.EndOfStoryReproductionTests/<EndOfStory_WithEmptyNextSceneReference_ShouldCompleteGracefullyWithoutException>d__6:MoveNext () (at Assets/Scripts/NovelCore/Tests/Runtime/Core/DialogueSystem/EndOfStoryReproductionTests.cs:77)
UnityEngine.SetupCoroutine:InvokeMoveNext (System.Collections.IEnumerator,intptr) (at /Users/bokken/build/output/unity/unity/Runtime/Export/Scripting/Coroutines.cs:17)

]]></stack-trace>
                    </failure>
                    <output><![CDATA[DialogueSystem: Starting scene Final Scene
DialogueSystem: Displaying line line_final
DialogueSystem: Dialogue complete - checking for scene transition
DialogueSystem: Using nextScene for linear progression
DialogueSystem: Loading target scene...
DialogueSystem: ✗ Failed to load target scene (returned null)
]]></output>
                  </test-case>
                  <test-case id="1138" name="EndOfStory_WithInvalidAssetReference_ShouldValidateBeforeLoad" fullname="NovelCore.Tests.Runtime.Core.DialogueSystem.EndOfStoryReproductionTests.EndOfStory_WithInvalidAssetReference_ShouldValidateBeforeLoad" methodname="EndOfStory_WithInvalidAssetReference_ShouldValidateBeforeLoad" classname="NovelCore.Tests.Runtime.Core.DialogueSystem.EndOfStoryReproductionTests" runstate="Runnable" seed="1069057769" result="Failed" start-time="2026-03-10 18:57:59Z" end-time="2026-03-10 18:57:59Z" duration="0.002201" asserts="0">
                    <properties>
                      <property name="_JOINTYPE" value="UnityCombinatorial" />
                      <property name="retryIteration" value="0" />
                      <property name="repeatIteration" value="0" />
                    </properties>
                    <failure>
                      <message><![CDATA[Unhandled log message: '[Error] DialogueSystem: ✗ Failed to load target scene (returned null)'. Use UnityEngine.TestTools.LogAssert.Expect]]></message>
                      <stack-trace><![CDATA[NovelCore.Runtime.Core.DialogueSystem.DialogueSystem/<CompleteDialogue>d__43:MoveNext () (at Assets/Scripts/NovelCore/Runtime/Core/DialogueSystem/DialogueSystem.cs:368)
System.Runtime.CompilerServices.AsyncVoidMethodBuilder:Start<NovelCore.Runtime.Core.DialogueSystem.DialogueSystem/<CompleteDialogue>d__43> (NovelCore.Runtime.Core.DialogueSystem.DialogueSystem/<CompleteDialogue>d__43&)
NovelCore.Runtime.Core.DialogueSystem.DialogueSystem:CompleteDialogue ()
NovelCore.Runtime.Core.DialogueSystem.DialogueSystem:AdvanceDialogue () (at Assets/Scripts/NovelCore/Runtime/Core/DialogueSystem/DialogueSystem.cs:121)
NovelCore.Tests.Runtime.Core.DialogueSystem.EndOfStoryReproductionTests/<EndOfStory_WithInvalidAssetReference_ShouldValidateBeforeLoad>d__8:MoveNext () (at Assets/Scripts/NovelCore/Tests/Runtime/Core/DialogueSystem/EndOfStoryReproductionTests.cs:151)
UnityEngine.SetupCoroutine:InvokeMoveNext (System.Collections.IEnumerator,intptr) (at /Users/bokken/build/output/unity/unity/Runtime/Export/Scripting/Coroutines.cs:17)

]]></stack-trace>
                    </failure>
                    <output><![CDATA[DialogueSystem: Starting scene Scene Invalid Ref
DialogueSystem: Displaying line line_001
DialogueSystem: Dialogue complete - checking for scene transition
DialogueSystem: Using nextScene for linear progression
DialogueSystem: Loading target scene...
DialogueSystem: ✗ Failed to load target scene (returned null)
]]></output>
                  </test-case>
                  <test-case id="1137" name="EndOfStory_WithNullNextScene_ShouldCompleteGracefully" fullname="NovelCore.Tests.Runtime.Core.DialogueSystem.EndOfStoryReproductionTests.EndOfStory_WithNullNextScene_ShouldCompleteGracefully" methodname="EndOfStory_WithNullNextScene_ShouldCompleteGracefully" classname="NovelCore.Tests.Runtime.Core.DialogueSystem.EndOfStoryReproductionTests" runstate="Runnable" seed="1780542938" result="Passed" start-time="2026-03-10 18:57:59Z" end-time="2026-03-10 18:57:59Z" duration="0.103794" asserts="0">
                    <properties>
                      <property name="_JOINTYPE" value="UnityCombinatorial" />
                      <property name="retryIteration" value="0" />
                      <property name="repeatIteration" value="0" />
                    </properties>
                    <output><![CDATA[DialogueSystem: Starting scene Final Scene Null
DialogueSystem: Displaying line line_final_null
DialogueSystem: Dialogue complete - checking for scene transition
DialogueSystem: No target scene determined, dialogue ending normally
Saving results to: /Users/selstrom/Library/Application Support/DefaultCompany/novel-core/TestResults.xml
]]></output>
                  </test-case>
                </test-suite>
              </test-suite>
            </test-suite>
          </test-suite>
        </test-suite>
      </test-suite>
    </test-suite>
  </test-suite>
</test-run>